81
76 75 #GRAPH NUMBER 1 WITH 217 EDGES
0 66
1 33
2 8
3 49
4 50
4 5
4 10
4 43
4 55
4 62
4 72
6 41
7 66
8 14
8 33
8 68
8 51
8 58
9 33
11 68
12 48
13 25
14 54
14 70
14 37
14 46
14 61
14 73
15 41
16 41
17 50
18 66
19 66
20 50
21 33
22 54
23 42
24 33
25 33
25 42
25 50
25 35
25 47
26 63
27 42
28 49
29 66
30 48
31 65
32 49
33 48
33 36
33 38
33 59
33 60
33 69
33 74
34 54
39 63
40 42
41 70
41 52
42 63
42 64
44 65
45 63
48 66
49 66
53 66
56 65
57 68
63 71
65 70
65 75
67 68
93 92 #GRAPH NUMBER 2 WITH 325 EDGES
0 38
0 3
0 18
0 44
0 56
0 62
0 74
0 87
1 15
2 19
4 19
5 51
6 35
7 15
7 68
7 25
7 27
7 39
7 41
7 77
8 21
9 50
10 86
11 37
12 35
12 50
12 51
12 13
12 43
12 46
12 53
12 80
12 89
14 50
15 38
15 17
15 22
15 28
15 34
15 60
15 91
16 37
19 21
19 23
19 40
19 75
20 86
21 29
21 47
24 32
26 65
29 50
29 31
29 42
29 90
30 51
32 86
32 52
32 61
33 35
35 36
35 66
35 70
35 81
35 85
37 68
37 86
37 48
37 67
37 69
37 83
37 92
38 64
45 50
47 55
47 63
47 76
47 82
49 68
50 65
50 68
50 58
51 54
51 72
57 68
59 86
65 78
65 84
65 88
68 79
71 86
73 86
86 85 #GRAPH NUMBER 3 WITH 226 EDGES
0 40
1 13
1 54
1 76
1 6
1 18
1 28
1 42
1 48
2 26
2 39
2 23
2 31
2 55
2 60
2 63
2 64
3 79
4 24
5 26
7 27
8 44
9 40
10 26
10 46
10 59
10 69
10 75
11 13
12 57
13 15
13 35
14 24
16 26
17 57
19 26
19 79
19 41
19 58
19 71
19 73
19 82
19 85
20 54
21 74
22 24
24 26
24 45
24 47
24 83
25 39
27 43
27 74
27 66
29 39
30 54
32 44
33 81
34 43
36 76
37 57
38 54
39 61
39 68
40 44
40 79
40 84
40 51
40 65
43 54
44 81
44 50
49 74
52 54
53 74
54 77
56 79
57 74
57 72
62 76
67 81
70 84
74 84
78 81
80 84
89 88 #GRAPH NUMBER 5 WITH 204 EDGES
0 84
0 45
0 62
0 86
1 12
2 20
3 67
4 16
5 20
6 35
6 57
6 81
6 29
6 31
6 40
6 80
7 39
8 75
9 16
9 14
9 53
9 54
10 18
10 22
10 71
11 82
12 56
12 57
12 70
12 76
13 30
15 63
16 39
16 57
16 75
16 23
16 43
16 51
17 83
18 82
18 27
19 57
20 84
20 21
20 48
20 64
24 65
25 69
26 39
28 75
30 36
30 67
30 81
30 55
32 36
33 81
34 63
35 84
35 66
35 73
36 37
36 72
36 78
36 85
38 67
41 61
42 56
44 56
46 56
47 61
49 81
50 65
52 61
56 61
56 77
57 58
57 79
57 88
59 63
60 69
61 69
63 69
65 81
65 87
67 83
67 74
68 75
82 84
91 90 #GRAPH NUMBER 6 WITH 496 EDGES
0 26
1 83
2 14
3 50
4 54
5 50
6 63
7 63
8 51
9 53
10 51
11 50
12 14
13 63
14 50
14 16
14 17
14 24
14 34
14 35
14 75
14 77
14 88
15 26
18 63
19 83
20 46
21 54
22 83
23 26
25 26
26 46
26 63
26 33
26 56
26 81
26 84
27 50
28 83
29 51
30 83
31 54
32 53
36 46
37 53
38 53
39 83
40 46
41 83
42 54
43 46
44 46
45 54
46 50
46 51
46 47
46 48
46 69
49 53
50 83
50 61
50 68
50 72
50 82
51 52
51 57
51 67
51 71
51 73
51 76
51 90
53 63
53 59
53 64
53 79
53 86
53 87
54 63
54 55
54 60
54 62
54 66
54 80
58 63
63 74
63 78
63 85
65 83
70 83
83 89
88 87 #GRAPH NUMBER 7 WITH 388 EDGES
0 82
1 48
1 61
1 39
1 47
1 55
1 58
1 64
1 70
1 83
2 37
3 48
4 59
4 77
4 8
4 9
4 13
4 15
4 22
4 32
4 38
5 61
6 77
7 37
7 76
7 18
7 27
7 31
7 41
7 53
7 60
7 81
10 76
11 77
12 82
14 76
16 82
17 59
19 48
20 37
21 76
23 78
24 82
25 59
26 37
28 78
29 61
30 61
33 76
34 76
35 59
36 78
37 57
37 65
37 79
37 87
40 82
42 78
43 82
44 61
45 77
46 59
48 59
48 50
48 54
48 62
48 75
48 86
49 61
51 59
52 77
56 78
59 69
59 84
61 82
61 66
61 72
63 78
67 77
68 77
71 77
73 78
74 76
76 78
76 80
77 78
82 85
82 81 #GRAPH NUMBER 8 WITH 437 EDGES
0 60
1 57
2 70
3 57
4 41
5 57
6 70
7 59
8 58
9 60
10 57
11 55
12 70
13 58
14 41
15 70
15 26
15 42
15 45
15 46
15 48
15 50
15 51
15 68
15 77
15 80
16 41
17 20
18 41
19 70
20 59
20 28
20 40
20 47
20 49
20 56
20 61
20 71
20 74
20 76
21 41
22 55
23 70
24 41
25 60
27 58
29 60
30 60
31 57
32 55
33 55
34 57
35 55
36 58
37 41
38 57
39 57
41 59
41 44
41 63
41 69
43 55
52 60
53 60
54 59
55 57
55 59
55 70
55 79
57 62
57 78
58 70
58 64
58 65
58 81
59 60
59 72
59 75
60 67
66 70
70 73
94 93 #GRAPH NUMBER 9 WITH 364 EDGES
0 80
1 82
2 59
3 59
3 84
3 7
3 12
3 28
3 56
3 79
3 86
4 59
5 37
6 20
8 82
9 65
10 21
11 78
13 84
14 81
15 59
16 37
17 65
18 81
19 34
20 78
20 84
20 33
20 58
20 69
20 73
20 75
21 37
21 71
21 22
21 49
21 64
21 66
21 87
23 84
24 84
25 34
26 71
27 59
29 84
30 65
31 78
32 65
34 59
34 65
34 45
34 47
34 63
34 70
35 48
36 78
37 48
37 46
37 68
37 83
37 92
38 78
39 84
40 48
41 78
42 78
43 80
44 65
48 81
48 53
48 60
48 62
48 72
50 71
51 81
52 80
54 84
55 82
57 80
59 89
59 90
61 80
65 82
65 91
67 82
74 81
76 81
77 81
78 81
80 82
80 85
82 88
82 93
80 79 #GRAPH NUMBER 10 WITH 568 EDGES
0 43
1 37
2 68
3 78
4 67
5 67
6 68
7 30
8 78
9 30
10 67
11 68
12 30
13 30
14 67
15 67
16 30
17 67
18 43
19 67
20 68
21 68
22 37
23 78
24 68
25 78
26 43
27 78
28 67
29 67
30 37
30 33
30 42
30 45
30 47
30 59
30 64
30 75
30 76
30 77
31 78
32 37
34 37
35 37
36 78
37 67
37 68
37 78
37 55
37 56
37 61
37 70
37 74
38 43
39 78
40 68
41 43
43 68
43 49
43 62
43 63
43 65
44 68
46 78
48 68
50 78
51 67
52 78
53 67
54 68
57 78
58 78
60 68
66 68
67 69
67 73
67 79
68 71
72 78
20 19 #GRAPH NUMBER 11 WITH 21 EDGES
0 4
0 1
0 18
2 19
2 11
3 16
3 10
3 13
4 7
5 16
6 9
7 9
7 19
7 17
8 15
9 15
9 14
12 15
16 19
100 99 #GRAPH NUMBER 12 WITH 165 EDGES
0 98
1 98
2 98
3 98
4 98
5 98
6 98
7 98
8 98
9 98
10 98
11 98
12 98
13 98
14 98
15 98
16 98
17 98
18 98
19 98
20 98
21 98
22 98
23 98
24 98
25 98
26 98
27 98
28 98
29 98
30 98
31 98
32 98
33 98
34 98
35 98
36 98
37 98
38 98
39 98
40 98
41 98
42 98
43 98
44 98
45 98
46 98
47 98
48 98
49 98
50 99
51 99
52 99
53 99
54 99
55 99
56 99
57 99
58 99
59 99
60 99
61 99
62 99
63 99
64 99
65 99
66 99
67 99
68 99
69 99
70 99
71 99
72 99
73 99
74 99
75 99
76 99
77 99
78 99
79 99
80 99
81 99
82 99
83 99
84 99
85 99
86 99
87 99
88 99
89 99
90 99
91 99
92 99
93 99
94 99
95 99
96 99
97 99
98 99
100 99 #GRAPH NUMBER 13 WITH 161 EDGES
0 99
0 1
0 2
0 3
0 4
0 5
0 6
0 7
0 8
0 9
0 10
0 11
0 12
0 13
0 14
0 15
0 16
0 17
0 18
0 19
0 20
0 21
0 22
0 23
0 24
0 25
0 26
0 27
0 28
0 29
0 30
0 31
0 32
0 33
0 34
0 35
36 99
37 99
38 99
39 99
40 99
41 99
42 99
43 99
44 99
45 99
46 99
47 99
48 99
49 99
50 99
51 99
52 99
53 99
54 99
55 99
56 99
57 99
58 99
59 99
60 99
61 99
62 99
63 64
64 99
64 65
64 66
64 67
64 68
64 69
64 70
64 71
64 72
64 73
64 74
64 75
64 76
64 77
64 78
64 79
64 80
64 81
64 82
64 83
64 84
64 85
64 86
64 87
64 88
64 89
64 90
64 91
64 92
64 93
64 94
95 99
96 99
97 99
98 99
94 93 #GRAPH NUMBER 14 WITH 182 EDGES
0 54
1 91
2 91
3 91
4 91
5 91
6 91
7 91
8 91
9 91
10 91
11 91
12 91
13 91
14 91
15 91
16 92
17 92
18 92
19 92
20 92
21 92
22 92
23 92
24 92
25 92
26 92
27 92
28 92
29 92
30 92
31 92
32 92
33 92
34 92
35 92
36 92
37 92
38 92
39 92
40 92
41 92
42 92
43 92
44 92
45 92
46 93
47 93
48 93
49 93
50 93
51 93
52 93
53 93
54 93
55 93
56 93
57 93
58 93
59 93
60 93
61 91
62 91
63 91
64 91
65 91
66 91
67 91
68 91
69 91
70 91
71 91
72 91
73 91
74 91
75 91
76 93
77 93
78 93
79 93
80 93
81 93
82 93
83 93
84 93
85 93
86 93
87 93
88 93
89 93
90 93
91 92
92 93
100 99 #GRAPH NUMBER 15 WITH 360 EDGES
0 97
1 63
2 22
2 51
2 70
2 91
2 5
2 11
2 20
2 56
3 37
4 93
6 15
7 91
8 81
9 14
10 70
12 61
13 70
14 51
14 83
14 30
14 32
14 41
14 46
15 51
15 61
15 63
15 92
15 36
15 47
15 64
15 99
16 51
17 97
18 93
19 93
21 61
22 39
22 75
22 77
23 93
24 95
25 95
26 51
27 93
28 61
29 93
31 95
33 63
34 63
35 91
37 97
37 73
38 91
40 58
42 63
43 92
44 96
45 95
48 51
49 92
50 92
51 93
51 96
51 97
51 74
51 76
52 95
53 70
54 70
55 96
57 92
58 97
58 62
58 94
59 91
60 92
61 79
63 65
63 80
66 95
67 81
68 92
69 70
70 85
70 89
71 95
72 91
78 83
81 93
82 91
83 98
84 92
86 97
87 95
88 92
90 92
95 96
100 99 #GRAPH NUMBER 16 WITH 444 EDGES
0 79
1 79
2 77
3 15
4 97
5 79
6 36
7 65
8 13
9 79
10 36
11 36
12 79
13 17
13 38
13 79
13 20
13 30
13 37
13 47
13 48
13 70
13 83
14 79
15 42
15 74
15 80
15 96
16 53
17 24
17 35
17 54
17 60
17 61
17 92
18 36
19 36
21 42
22 68
22 79
22 27
22 32
22 57
22 62
22 87
23 42
25 65
26 42
28 38
29 86
31 86
33 65
34 86
36 53
36 39
36 49
36 63
36 64
36 76
38 40
38 89
41 65
42 77
42 56
42 69
42 75
42 84
42 85
43 68
44 53
45 86
46 65
50 97
51 97
52 97
53 65
53 79
53 86
53 97
53 82
53 98
55 86
58 65
59 68
65 66
65 72
65 73
65 90
67 86
68 81
68 88
71 86
77 79
78 86
79 95
91 97
93 97
94 97
97 99
100 99 #GRAPH NUMBER 17 WITH 375 EDGES
0 53
1 49
2 32
3 52
4 29
5 60
6 48
7 60
8 50
9 52
10 60
11 80
12 52
13 21
14 49
15 21
16 83
17 29
18 53
19 64
20 36
21 29
21 52
21 54
21 74
22 60
23 32
24 49
24 54
24 80
24 63
24 93
25 48
26 51
26 60
26 90
27 50
28 80
29 35
30 80
31 80
32 50
32 79
32 83
32 82
33 52
34 51
36 50
36 68
36 76
37 54
38 51
39 80
40 79
41 53
42 50
43 53
44 64
45 52
46 80
47 53
48 79
49 58
49 99
50 57
50 65
50 67
51 66
51 98
52 75
52 89
52 94
53 79
53 55
53 71
53 78
53 85
54 64
54 88
54 92
56 79
59 60
60 64
60 61
60 73
60 86
60 97
62 79
64 83
64 72
64 77
64 91
69 83
70 79
79 81
79 84
79 87
79 96
80 95
100 99 #GRAPH NUMBER 18 WITH 391 EDGES
0 29
1 11
2 97
3 62
4 98
5 20
6 40
7 23
8 82
9 30
10 30
11 73
11 16
11 21
11 33
11 39
11 57
11 84
11 91
11 93
12 34
13 20
14 24
15 46
17 20
18 97
19 34
20 97
20 29
20 34
20 46
20 59
20 60
20 83
20 85
22 24
22 36
22 46
22 42
22 45
22 47
22 87
22 95
23 36
23 62
24 82
24 61
25 30
26 40
27 36
28 98
29 98
30 62
30 48
30 72
30 75
30 81
30 99
31 36
32 34
32 79
32 92
34 35
34 37
34 43
34 56
34 66
34 71
34 76
36 94
38 40
40 62
40 63
40 67
40 86
40 89
40 96
41 49
44 73
46 64
49 97
49 50
49 51
49 70
52 73
53 73
54 62
55 73
58 73
62 68
62 74
62 80
65 73
69 82
73 82
73 88
73 90
77 98
78 98
100 99 #GRAPH NUMBER 19 WITH 358 EDGES
0 2
1 22
2 64
2 13
2 20
2 35
2 45
3 64
4 96
5 34
6 42
6 81
6 25
6 36
6 44
6 47
6 50
6 65
7 86
8 81
9 42
9 79
9 82
10 22
11 61
12 92
14 61
15 40
16 61
17 34
18 78
19 96
21 72
22 72
22 51
22 83
22 94
23 96
24 92
26 88
27 96
28 81
29 77
29 32
29 33
29 38
29 57
29 68
29 85
30 61
31 64
34 72
34 81
34 76
37 40
39 40
40 72
40 54
40 69
40 93
40 97
41 92
42 61
42 92
42 96
42 49
42 62
42 74
42 84
42 87
43 92
46 96
48 96
52 96
53 72
55 92
56 92
58 81
59 88
60 72
61 66
61 67
61 89
61 95
63 86
64 86
70 78
71 86
73 92
75 88
77 86
77 98
78 81
78 88
80 96
81 86
88 90
88 99
91 96
100 99 #GRAPH NUMBER 20 WITH 372 EDGES
0 76
1 75
2 97
3 99
4 91
5 76
6 89
6 12
6 43
7 14
8 50
9 39
10 37
11 39
13 50
14 20
14 37
14 41
14 50
14 40
14 58
14 85
15 41
16 75
17 89
18 41
19 89
20 22
20 34
20 77
20 80
20 90
21 56
23 84
24 89
25 41
26 91
27 76
28 76
29 99
30 99
31 56
32 84
33 84
35 56
36 39
37 39
37 56
37 97
37 52
37 74
37 96
38 76
39 87
39 47
39 79
39 81
41 51
41 54
41 60
41 72
42 91
44 91
45 75
46 84
48 84
49 76
50 62
50 64
50 71
50 92
50 94
53 97
55 87
56 89
56 99
56 63
56 65
56 98
57 99
59 99
61 89
66 99
67 87
68 87
69 91
70 75
73 99
75 89
75 93
76 89
76 82
78 91
83 84
84 89
86 91
88 97
89 95
91 97
100 99 #GRAPH NUMBER 21 WITH 376 EDGES
0 53
1 11
1 76
1 6
1 41
2 20
3 20
4 62
5 76
7 14
8 28
9 98
10 49
11 18
11 44
11 13
11 21
11 47
11 54
11 66
12 51
14 27
14 25
14 43
14 78
15 51
16 44
17 28
18 20
18 49
18 67
18 70
19 62
20 87
20 72
20 77
20 93
22 28
23 34
24 76
26 28
27 81
27 99
28 76
28 35
28 36
28 37
28 42
28 55
28 80
29 49
29 39
29 59
29 86
30 53
31 98
32 51
33 53
34 53
34 81
34 98
34 60
34 63
34 75
34 79
34 89
34 95
38 81
40 98
44 62
44 45
44 85
44 92
46 51
48 98
49 51
49 64
50 51
51 56
51 90
52 62
53 57
53 83
53 88
58 62
61 98
62 81
62 84
65 76
68 81
69 98
71 98
73 76
74 76
76 91
76 94
82 98
87 97
96 98
100 99 #GRAPH NUMBER 22 WITH 369 EDGES
0 96
1 2
2 4
2 29
2 49
2 96
2 3
2 6
2 32
2 33
2 39
4 74
4 15
4 27
4 31
4 53
4 75
4 76
4 81
5 46
7 64
8 74
9 67
10 79
11 87
12 46
13 64
14 64
16 88
17 21
18 35
19 88
20 35
21 46
21 44
21 56
21 72
21 86
21 92
22 67
23 96
24 57
25 57
26 74
28 49
29 34
29 77
30 69
34 57
34 98
35 46
35 49
35 42
35 51
35 78
35 93
36 74
37 49
38 74
40 46
41 79
43 46
45 57
46 79
46 88
46 50
46 59
47 57
48 96
49 55
49 70
52 87
54 87
57 67
57 89
57 90
57 99
58 96
60 67
61 64
62 74
63 64
64 69
64 74
64 80
64 66
64 68
64 82
65 88
69 87
69 83
69 95
69 97
71 96
73 96
80 84
80 91
85 96
88 94
100 99 #GRAPH NUMBER 23 WITH 148 EDGES
0 99
1 99
2 99
3 99
4 99
5 99
6 99
7 99
8 99
9 99
10 99
11 99
12 99
13 99
14 99
15 99
16 99
17 99
18 99
19 99
20 99
21 99
22 99
23 99
24 99
25 99
26 99
27 99
28 29
29 99
30 99
31 99
32 99
33 99
34 99
35 99
36 99
37 99
38 99
39 99
40 99
41 99
42 99
43 99
44 99
45 99
46 99
47 99
48 99
49 99
50 99
51 99
52 99
53 99
54 99
55 99
56 99
57 99
58 99
59 99
60 99
61 99
62 99
63 99
64 99
65 99
66 99
67 99
68 99
69 99
70 99
71 99
72 99
73 99
74 99
75 99
76 99
77 99
78 99
79 99
80 99
81 99
82 99
83 99
84 99
85 99
86 99
87 99
88 99
89 99
90 99
91 99
92 99
93 99
94 99
95 99
96 99
97 99
98 99
100 99 #GRAPH NUMBER 24 WITH 165 EDGES
0 98
1 98
2 98
3 98
4 98
5 98
6 98
7 98
8 98
9 98
10 98
11 98
12 98
13 98
14 98
15 98
16 98
17 98
18 98
19 98
20 98
21 98
22 98
23 98
24 98
25 98
26 98
27 98
28 98
29 98
30 98
31 98
32 98
33 98
34 98
35 98
36 98
37 98
38 98
39 98
40 98
41 98
42 98
43 98
44 98
45 98
46 98
47 98
48 98
49 98
50 99
51 99
52 99
53 99
54 99
55 99
56 99
57 99
58 99
59 99
60 99
61 99
62 99
63 99
64 99
65 99
66 99
67 99
68 99
69 99
70 99
71 99
72 99
73 99
74 99
75 99
76 99
77 99
78 99
79 99
80 99
81 99
82 99
83 99
84 99
85 99
86 99
87 99
88 99
89 99
90 99
91 99
92 99
93 99
94 99
95 99
96 99
97 99
98 99
100 99 #GRAPH NUMBER 25 WITH 1676 EDGES
0 82
0 98
0 1
0 2
0 4
0 7
0 9
0 11
0 13
0 16
0 20
0 22
0 23
0 29
0 30
0 33
0 34
0 35
0 41
0 43
0 44
0 46
0 47
0 48
0 51
0 54
0 56
0 58
0 60
0 64
0 65
0 66
0 67
0 69
0 72
0 73
0 75
0 77
0 78
0 79
0 81
0 84
0 88
0 90
0 91
0 92
0 97
0 99
3 19
5 19
6 82
8 19
10 82
12 68
14 82
15 68
17 19
18 68
19 68
19 24
19 26
19 28
19 31
19 36
19 37
19 45
19 52
19 61
19 62
19 63
19 70
19 74
19 80
19 86
19 96
21 98
25 82
27 98
32 68
38 68
39 68
40 98
42 68
49 68
50 68
53 68
55 68
57 68
59 68
68 98
68 76
68 83
68 85
68 87
68 89
68 93
68 95
71 98
82 94
13 12 #GRAPH NUMBER 45 WITH 27 EDGES
0 1
1 5
1 2
1 7
1 8
3 5
4 6
5 6
6 9
6 10
6 11
6 12
20 19 #GRAPH NUMBER 46 WITH 21 EDGES
0 4
0 1
0 18
2 19
2 11
3 16
3 10
3 13
4 7
5 16
6 9
7 9
7 19
7 17
8 15
9 15
9 14
12 15
16 19
2 1 #GRAPH NUMBER 47 WITH 1 EDGES
0 1
100 99 #GRAPH NUMBER 48 WITH 99 EDGES
0 99
1 99
2 99
3 99
4 99
5 99
6 99
7 99
8 99
9 99
10 99
11 99
12 99
13 99
14 99
15 99
16 99
17 99
18 99
19 99
20 99
21 99
22 99
23 99
24 99
25 99
26 99
27 99
28 99
29 99
30 99
31 99
32 99
33 99
34 99
35 99
36 99
37 99
38 99
39 99
40 99
41 99
42 99
43 99
44 99
45 99
46 99
47 99
48 99
49 99
50 99
51 99
52 99
53 99
54 99
55 99
56 99
57 99
58 99
59 99
60 99
61 99
62 99
63 99
64 99
65 99
66 99
67 99
68 99
69 99
70 99
71 99
72 99
73 99
74 99
75 99
76 99
77 99
78 99
79 99
80 99
81 99
82 99
83 99
84 99
85 99
86 99
87 99
88 99
89 99
90 99
91 99
92 99
93 99
94 99
95 99
96 99
97 99
98 99
100 99 #GRAPH NUMBER 49 WITH 165 EDGES
0 98
1 98
2 98
3 98
4 98
5 98
6 98
7 98
8 98
9 98
10 98
11 98
12 98
13 98
14 98
15 98
16 98
17 98
18 98
19 98
20 98
21 98
22 98
23 98
24 98
25 98
26 98
27 98
28 98
29 98
30 98
31 98
32 98
33 98
34 98
35 98
36 98
37 98
38 98
39 98
40 98
41 98
42 98
43 98
44 98
45 98
46 98
47 98
48 98
49 98
50 99
51 99
52 99
53 99
54 99
55 99
56 99
57 99
58 99
59 99
60 99
61 99
62 99
63 99
64 99
65 99
66 99
67 99
68 99
69 99
70 99
71 99
72 99
73 99
74 99
75 99
76 99
77 99
78 99
79 99
80 99
81 99
82 99
83 99
84 99
85 99
86 99
87 99
88 99
89 99
90 99
91 99
92 99
93 99
94 99
95 99
96 99
97 99
98 99
100 99 #GRAPH NUMBER 50 WITH 2000 EDGES
0 72
1 39
2 39
3 95
4 39
5 95
6 81
7 72
8 72
9 81
10 72
11 81
12 39
13 95
14 72
15 39
16 39
17 72
18 39
19 95
20 72
21 72
22 39
23 72
24 39
25 72
26 39
27 95
28 39
29 39
30 81
31 39
32 72
33 72
34 72
35 39
36 39
37 39
38 72
39 72
39 42
39 45
39 46
39 47
39 48
39 50
39 52
39 53
39 56
39 57
39 58
39 60
39 64
39 69
39 71
39 73
39 74
39 78
39 79
39 86
39 89
39 91
39 92
39 93
39 94
39 97
39 99
40 81
41 72
43 95
44 72
49 72
51 72
54 95
55 72
59 81
61 95
62 72
63 72
65 72
66 72
67 81
68 95
70 72
72 95
72 75
72 76
72 80
72 82
72 83
72 84
72 85
72 87
72 96
77 81
81 95
81 88
81 90
81 98
100 99 #GRAPH NUMBER 51 WITH 350 EDGES
0 52
1 24
2 24
3 13
3 33
3 41
3 43
3 45
3 52
3 85
3 30
3 70
3 89
4 52
5 33
6 41
7 86
8 36
9 36
10 43
11 23
11 37
11 24
11 86
11 39
11 50
11 55
12 13
13 26
13 27
13 46
13 53
13 58
13 94
14 86
15 37
16 86
17 37
18 37
19 21
20 72
21 36
21 45
21 61
21 42
21 51
21 60
21 65
22 37
23 43
23 84
24 72
24 38
24 68
24 79
24 90
25 61
28 36
29 85
31 33
32 72
33 44
33 49
33 77
33 91
33 98
34 85
35 52
37 40
37 67
37 93
41 47
41 71
41 78
41 87
41 92
43 56
43 99
45 69
45 75
48 85
54 61
57 96
59 85
61 62
61 63
61 95
64 86
66 86
72 73
72 81
72 88
74 96
76 85
80 86
82 85
83 86
85 96
85 97
100 99 #GRAPH NUMBER 52 WITH 342 EDGES
0 19
0 22
0 37
0 47
0 61
1 51
2 39
3 65
4 66
5 40
6 40
7 40
8 29
9 51
10 57
11 31
12 65
13 51
14 39
15 56
16 60
17 60
18 43
19 43
19 48
19 57
19 49
19 62
19 77
19 89
19 91
20 31
20 43
20 79
20 56
20 41
20 58
20 68
20 73
20 92
21 53
23 48
24 60
25 48
26 65
27 29
28 48
29 56
29 40
29 44
29 90
29 94
29 98
30 57
31 53
31 45
31 72
31 82
32 56
33 53
34 60
35 79
35 65
35 42
35 71
35 84
35 95
36 66
38 66
39 48
39 51
39 66
39 55
39 74
39 75
40 64
43 60
43 81
46 79
48 87
50 51
51 67
51 69
51 93
51 96
52 65
53 59
53 63
54 56
56 70
56 76
56 83
56 86
56 97
57 80
57 99
60 88
66 78
79 85
100 99 #GRAPH NUMBER 53 WITH 339 EDGES
0 21
1 21
2 19
3 42
4 19
5 44
6 21
7 69
8 43
9 31
9 42
9 57
9 78
9 21
9 30
10 42
10 44
10 97
10 36
10 63
10 95
10 98
11 69
12 57
13 14
14 31
14 54
14 66
14 67
15 43
16 19
17 23
18 57
19 31
19 69
19 93
20 57
21 32
21 71
22 96
23 60
23 78
24 97
25 44
26 60
27 97
28 42
29 51
31 96
31 70
31 75
33 65
34 51
35 44
37 51
38 65
39 57
40 42
41 69
42 52
42 76
43 51
43 97
43 49
43 50
43 59
43 92
44 58
44 61
44 79
44 91
44 94
45 97
46 78
47 96
48 51
53 60
55 69
56 65
57 65
57 73
60 72
60 86
60 99
62 78
64 97
65 81
68 69
74 78
77 97
78 80
78 84
78 89
82 97
83 96
85 96
87 96
88 97
90 96
100 99 #GRAPH NUMBER 54 WITH 343 EDGES
0 22
1 42
2 77
3 95
4 76
5 42
6 82
7 52
8 86
9 74
10 13
10 52
10 54
10 75
10 77
10 56
10 78
10 91
11 95
12 42
13 26
13 38
13 74
13 86
13 15
13 49
13 68
14 95
16 77
17 95
18 95
19 38
19 76
19 36
19 67
19 98
20 75
21 89
22 42
22 54
22 27
22 63
22 71
22 79
22 97
23 89
24 86
25 86
26 89
26 29
26 35
26 41
26 43
26 64
26 94
28 42
30 77
31 90
32 38
33 89
34 76
37 74
38 39
38 53
38 66
38 70
38 99
40 42
42 59
42 83
44 74
45 76
46 52
47 75
48 75
50 75
51 76
52 80
54 95
54 58
55 77
57 77
60 95
61 75
62 75
65 77
69 74
72 82
73 82
74 87
76 81
76 84
76 93
82 90
82 92
85 89
86 96
88 89
90 95
100 99 #GRAPH NUMBER 55 WITH 352 EDGES
0 87
1 37
1 44
1 23
1 24
1 27
1 39
2 97
3 36
3 49
3 74
3 12
3 60
4 28
5 37
6 99
7 33
8 44
9 42
10 37
11 99
11 37
11 74
11 97
13 59
14 49
15 77
16 28
17 28
17 33
17 44
17 47
17 55
17 86
17 88
18 44
19 42
20 49
21 59
22 74
25 99
26 42
28 79
28 54
28 72
29 37
30 49
31 33
32 49
33 77
33 43
33 46
33 66
33 96
34 44
35 74
36 59
36 87
36 80
36 93
37 42
37 64
37 69
37 71
37 89
38 44
40 77
41 79
42 57
42 63
42 82
44 75
44 83
45 77
48 79
49 68
49 70
50 99
51 97
52 97
53 59
56 97
58 79
59 73
59 90
61 79
62 79
65 99
67 77
74 98
76 87
78 97
79 81
79 85
79 92
79 95
84 99
91 99
94 97
100 99 #GRAPH NUMBER 56 WITH 358 EDGES
0 83
1 37
2 69
3 33
4 29
5 69
6 19
7 41
8 83
9 62
10 18
10 69
10 22
10 26
10 30
10 60
10 73
10 88
11 28
12 19
13 69
14 33
15 33
16 41
17 63
18 28
18 98
18 19
18 35
18 53
18 55
19 40
19 41
19 56
19 63
19 32
19 64
20 83
21 28
23 41
24 56
25 33
27 57
28 38
28 61
29 37
29 44
31 37
33 40
33 47
33 68
33 72
33 95
34 83
36 63
37 84
39 40
39 62
39 48
39 59
39 74
40 83
40 79
40 81
41 43
41 66
41 90
41 99
42 57
44 98
44 46
44 49
44 50
44 51
44 52
44 67
44 70
44 91
45 56
54 56
56 78
56 94
57 98
57 80
57 89
57 92
58 63
62 86
63 76
63 77
63 82
63 96
65 83
69 87
69 97
71 83
75 83
83 93
85 98
100 99 #GRAPH NUMBER 57 WITH 347 EDGES
0 27
0 32
0 37
0 62
0 7
0 24
0 38
1 43
2 43
3 28
4 86
5 26
6 43
8 32
9 37
10 76
11 63
12 26
13 62
14 62
15 58
16 34
17 27
18 28
19 28
20 25
21 40
22 26
23 33
23 40
23 76
23 26
23 37
23 43
23 72
25 28
25 32
25 34
25 58
25 49
25 50
25 61
25 99
26 86
26 31
26 45
27 39
27 54
27 57
27 66
27 89
27 94
28 36
29 78
30 32
32 41
32 68
32 83
33 44
33 51
33 59
33 82
34 46
34 70
34 71
34 73
34 74
34 92
34 98
35 76
37 78
37 52
37 67
37 69
40 63
40 42
40 53
40 90
40 93
43 80
43 84
43 95
47 76
48 76
55 58
56 58
58 60
62 65
62 91
62 97
63 79
64 76
75 78
76 85
76 87
76 88
76 96
77 86
81 86
100 99 #GRAPH NUMBER 58 WITH 345 EDGES
0 13
1 38
2 52
3 94
4 88
5 94
6 64
7 75
8 32
9 10
9 13
9 19
9 52
9 94
9 51
9 79
9 89
10 32
10 38
10 64
10 96
10 12
10 14
10 54
10 65
11 32
13 21
13 50
13 57
13 84
15 64
16 45
17 96
18 36
19 46
19 29
19 35
19 58
19 66
20 83
22 83
23 32
24 70
25 70
26 75
27 94
28 70
30 83
31 88
32 37
32 42
32 69
32 90
32 91
33 96
34 83
36 52
36 47
36 86
36 93
38 77
38 43
38 55
38 60
39 88
40 46
41 83
44 96
45 77
45 83
45 82
46 53
46 61
46 68
46 73
46 87
48 83
49 96
52 75
52 88
56 88
59 75
62 77
63 75
64 70
64 97
64 98
67 94
70 72
70 81
71 94
74 94
75 76
78 83
80 83
85 88
92 94
94 95
96 99
100 99 #GRAPH NUMBER 60 WITH 379 EDGES
0 76
1 75
2 97
3 99
4 91
5 76
6 89
6 12
6 43
7 14
8 50
9 39
10 37
11 39
13 50
14 20
14 37
14 41
14 50
14 40
14 58
14 85
15 41
16 75
17 89
18 41
19 89
20 22
20 34
20 77
20 80
20 90
21 56
23 84
24 89
25 41
26 91
27 76
28 76
29 99
30 99
31 56
32 84
33 84
35 56
36 39
37 39
37 56
37 97
37 52
37 74
37 96
38 76
39 87
39 47
39 79
39 81
41 51
41 54
41 60
41 72
42 91
44 91
45 75
46 84
48 84
49 76
50 62
50 64
50 71
50 92
50 94
53 97
55 87
56 89
56 99
56 63
56 65
56 98
57 99
59 99
61 89
66 99
67 87
68 87
69 91
70 75
73 99
75 89
75 93
76 89
76 82
78 91
83 84
84 89
86 91
88 97
89 95
91 97
100 99 #GRAPH NUMBER 61 WITH 380 EDGES
0 53
1 11
1 76
1 6
1 41
2 20
3 20
4 62
5 76
7 14
8 28
9 98
10 49
11 18
11 44
11 13
11 21
11 47
11 54
11 66
12 51
14 27
14 25
14 43
14 78
15 51
16 44
17 28
18 20
18 67
18 70
19 62
20 72
20 77
20 87
20 93
22 28
23 34
24 76
26 28
27 81
27 99
28 76
28 35
28 36
28 37
28 42
28 55
28 80
29 49
29 39
29 59
29 86
30 53
31 98
32 51
33 53
34 53
34 75
34 81
34 98
34 60
34 63
34 79
34 89
34 95
38 81
40 75
44 62
44 45
44 85
44 92
46 51
48 75
49 51
49 64
50 51
51 98
51 56
51 90
52 62
53 57
53 83
53 88
58 62
61 98
62 81
62 84
65 76
68 81
69 98
71 98
73 76
74 76
75 97
76 91
76 94
82 98
96 98
100 99 #GRAPH NUMBER 62 WITH 372 EDGES
0 76
1 75
2 97
3 99
4 91
5 76
6 89
6 12
6 43
7 14
8 50
9 39
10 37
11 39
13 50
14 20
14 37
14 41
14 50
14 40
14 58
14 85
15 41
16 75
17 89
18 41
19 89
20 22
20 34
20 77
20 80
20 90
21 56
23 84
24 89
25 41
26 91
27 76
28 76
29 99
30 99
31 56
32 84
33 84
35 56
36 39
37 39
37 56
37 97
37 52
37 74
37 96
38 76
39 87
39 47
39 79
39 81
41 51
41 54
41 60
41 72
42 91
44 91
45 75
46 84
48 84
49 76
50 62
50 64
50 71
50 92
50 94
53 97
55 87
56 89
56 99
56 63
56 65
56 98
57 99
59 99
61 89
66 99
67 87
68 87
69 91
70 75
73 99
75 89
75 93
76 89
76 82
78 91
83 84
84 89
86 91
88 97
89 95
91 97
100 99 #GRAPH NUMBER 63 WITH 376 EDGES
0 53
1 11
1 76
1 6
1 41
2 20
3 20
4 62
5 76
7 14
8 28
9 98
10 49
11 18
11 44
11 13
11 21
11 47
11 54
11 66
12 51
14 27
14 25
14 43
14 78
15 51
16 44
17 28
18 20
18 49
18 67
18 70
19 62
20 87
20 72
20 77
20 93
22 28
23 34
24 76
26 28
27 81
27 99
28 76
28 35
28 36
28 37
28 42
28 55
28 80
29 49
29 39
29 59
29 86
30 53
31 98
32 51
33 53
34 53
34 81
34 98
34 60
34 63
34 75
34 79
34 89
34 95
38 81
40 98
44 62
44 45
44 85
44 92
46 51
48 98
49 51
49 64
50 51
51 56
51 90
52 62
53 57
53 83
53 88
58 62
61 98
62 81
62 84
65 76
68 81
69 98
71 98
73 76
74 76
76 91
76 94
82 98
87 97
96 98
20 19 #GRAPH NUMBER 64 WITH 21 EDGES
0 4
0 1
0 18
2 19
2 11
3 16
3 10
3 13
4 7
5 16
6 9
7 9
7 19
7 17
8 15
9 15
9 14
12 15
16 19
20 19 #GRAPH NUMBER 65 WITH 50 EDGES
0 3
1 16
2 15
3 15
3 16
3 4
3 6
3 7
3 13
3 19
5 16
8 15
9 16
10 16
11 16
12 16
14 16
16 17
16 18
50 49 #GRAPH NUMBER 66 WITH 100 EDGES
0 36
1 20
1 43
1 25
1 39
2 16
3 48
4 48
5 32
6 20
7 16
8 32
9 20
10 36
11 43
12 48
13 36
14 48
15 20
16 43
16 22
16 30
16 35
16 41
17 20
18 48
18 23
18 27
18 42
19 32
20 44
20 48
20 21
20 24
20 40
26 36
28 43
29 36
31 36
32 44
32 37
32 38
32 46
32 47
33 48
34 48
36 48
44 45
48 49
100 99 #GRAPH NUMBER 67 WITH 363 EDGES
0 17
1 33
2 33
3 41
4 7
5 38
6 92
7 30
7 13
7 37
7 43
7 48
7 63
7 64
7 70
7 80
7 84
8 23
9 33
10 23
11 87
12 83
14 87
15 17
15 38
15 49
15 52
15 57
16 87
17 23
17 26
17 36
17 55
17 82
17 86
17 96
18 72
19 30
20 59
21 87
22 33
23 30
23 56
23 58
23 60
23 79
24 67
25 72
27 78
28 73
29 83
30 32
30 40
30 74
30 90
30 99
31 81
33 72
33 35
33 88
34 92
38 78
38 83
38 76
38 98
39 78
41 67
41 81
41 94
41 50
41 53
42 67
44 83
45 92
46 94
47 69
51 83
54 94
59 83
59 68
61 83
62 72
65 69
66 94
67 72
69 73
69 77
69 93
69 95
71 72
72 75
73 78
73 85
78 94
83 87
87 92
87 97
89 94
91 94
80 79 #GRAPH NUMBER 68 WITH 200 EDGES
0 7
1 29
2 56
3 56
4 47
5 56
6 66
7 12
7 28
7 36
8 56
9 70
10 55
11 47
12 40
12 43
13 70
14 66
15 21
16 66
17 70
18 66
18 35
18 37
18 42
18 52
18 78
18 79
19 47
20 53
21 55
21 66
21 70
21 27
21 48
21 57
21 59
21 60
21 63
22 53
23 56
24 66
25 55
26 77
29 66
29 30
29 51
29 54
31 55
32 69
33 70
34 77
38 70
39 40
40 69
40 77
40 44
41 55
45 55
46 77
47 69
47 50
47 62
47 76
49 53
53 77
53 58
53 67
55 68
55 72
55 74
56 66
56 61
56 71
64 66
65 70
69 75
70 77
70 73
99 98 #GRAPH NUMBER 69 WITH 333 EDGES
0 30
0 29
0 31
0 46
0 47
0 48
0 63
0 71
1 27
2 97
3 85
4 12
5 18
6 41
7 97
8 41
9 96
10 58
11 58
12 97
12 14
12 45
12 52
12 98
13 30
15 27
15 19
15 21
15 24
15 28
15 34
15 40
15 50
15 55
15 73
16 30
17 84
18 22
18 30
18 75
20 41
22 96
22 25
22 70
22 93
23 27
26 27
27 96
27 32
27 35
27 37
27 44
27 72
27 77
30 41
30 87
30 97
30 60
30 82
30 95
33 87
36 58
36 43
36 53
36 56
36 57
36 64
36 65
36 68
36 76
36 86
38 87
39 41
41 74
41 78
41 88
41 91
41 94
42 97
49 58
51 97
54 87
58 96
58 81
58 89
59 96
61 87
62 96
66 96
67 97
69 85
79 84
80 96
83 85
84 97
85 87
85 90
87 92
90 89 #GRAPH NUMBER 70 WITH 276 EDGES
0 75
1 22
2 68
3 8
4 12
4 22
4 57
4 21
4 60
4 79
4 84
5 22
6 70
7 62
8 70
8 11
8 78
9 62
10 43
10 57
10 24
10 36
10 38
10 64
10 72
10 74
10 83
12 17
12 41
12 55
12 69
13 80
14 75
15 87
16 43
18 70
18 75
18 19
18 40
18 42
18 54
18 56
18 58
20 57
22 73
22 30
22 33
22 49
22 81
23 43
25 73
26 68
27 70
28 57
29 62
31 57
32 73
34 80
35 80
37 75
39 70
43 52
43 50
43 77
44 75
45 52
46 70
47 85
48 73
51 62
52 80
52 85
52 61
52 65
53 85
57 88
59 87
62 85
62 63
62 66
62 76
67 75
68 88
68 89
70 88
70 71
73 82
80 87
85 86
100 99 #GRAPH NUMBER 71 WITH 423 EDGES
0 14
1 30
2 72
3 60
4 41
5 89
6 26
7 26
8 14
9 72
10 13
11 26
12 30
13 19
13 58
13 17
13 31
13 33
13 34
13 48
13 53
13 92
13 93
13 95
14 26
14 73
14 65
14 67
14 71
14 81
14 84
14 96
15 89
16 46
18 73
19 41
19 45
19 47
19 50
19 51
19 82
19 90
20 73
21 46
22 60
23 26
24 26
25 72
26 46
26 99
26 35
26 64
26 74
27 41
28 73
29 41
30 73
30 88
30 42
30 49
30 75
30 79
30 83
30 87
30 97
32 58
36 72
37 99
38 41
39 60
40 99
41 56
41 69
43 88
44 72
46 62
46 68
46 77
46 85
46 91
46 98
52 58
54 58
55 60
57 60
58 88
58 89
58 66
59 88
60 72
60 73
60 61
63 89
70 99
72 76
72 94
73 78
80 88
86 89
100 99 #GRAPH NUMBER 72 WITH 1007 EDGES
0 31
1 10
2 57
3 8
4 8
5 57
6 55
7 31
8 33
8 11
8 13
8 19
8 21
8 25
8 27
8 30
8 39
8 44
8 45
8 51
8 53
8 69
8 72
8 75
8 85
8 87
8 88
8 91
8 93
8 95
9 10
10 33
10 15
10 16
10 26
10 36
10 54
10 61
10 63
10 64
10 76
10 98
12 31
14 55
17 81
18 33
20 55
22 31
23 31
24 81
28 33
29 86
31 33
31 81
31 86
31 34
31 40
31 56
31 67
31 70
31 73
31 79
31 89
31 90
31 92
31 99
32 33
33 38
33 41
33 42
33 58
33 65
33 68
33 71
33 77
33 78
33 83
33 94
33 96
35 81
37 55
43 55
46 57
47 81
48 86
49 55
50 55
52 57
55 86
55 62
55 66
55 84
57 81
57 59
57 97
60 86
74 81
80 86
81 82
100 99 #GRAPH NUMBER 73 WITH 477 EDGES
0 64
1 74
2 44
3 22
4 22
5 19
6 85
7 66
8 72
9 33
10 22
11 19
12 39
13 97
14 99
15 66
16 74
17 44
18 78
19 64
19 66
19 31
19 34
19 60
19 65
19 94
20 72
21 22
22 33
22 93
22 97
22 24
22 36
22 56
22 71
22 92
23 78
25 39
26 78
27 93
28 39
29 93
30 66
32 33
33 39
33 47
33 49
33 91
33 96
35 85
37 85
38 64
39 74
39 41
39 42
39 46
39 50
39 80
39 82
39 83
39 84
40 74
43 64
44 72
44 53
44 61
44 70
44 87
44 98
45 64
48 66
51 99
52 74
54 66
55 97
57 99
58 64
59 78
62 93
63 72
64 72
64 75
66 78
66 88
67 74
68 72
69 99
72 81
72 95
73 85
74 99
76 93
77 97
78 85
78 93
79 97
85 90
86 93
89 93
100 99 #GRAPH NUMBER 74 WITH 367 EDGES
0 95
1 77
2 43
3 28
4 16
5 49
6 43
7 23
8 99
9 49
10 49
11 41
12 41
13 69
14 15
15 72
15 38
15 48
15 52
15 57
15 61
15 86
15 97
16 50
16 93
16 95
16 35
16 46
16 55
16 75
17 77
18 49
19 71
20 49
21 50
22 71
23 28
23 24
23 42
23 58
23 83
23 92
25 59
26 69
27 69
28 69
28 77
28 63
28 67
28 82
28 94
29 50
30 84
31 95
32 72
33 50
34 41
36 69
37 43
39 93
40 71
41 49
41 69
41 72
41 95
41 74
41 87
43 50
43 51
43 56
43 90
44 72
45 69
47 50
49 53
49 54
49 64
50 66
50 68
50 80
50 85
50 98
59 71
59 60
59 73
59 81
59 89
59 96
62 77
65 93
70 84
71 95
71 99
76 77
77 84
78 95
79 99
84 88
91 95
100 99 #GRAPH NUMBER 75 WITH 484 EDGES
0 9
1 46
2 56
3 35
4 57
5 56
6 46
7 24
8 57
9 33
9 88
9 97
9 14
9 22
9 23
9 41
9 45
9 84
9 86
9 95
9 98
10 35
11 63
12 13
13 68
13 92
13 25
13 26
13 40
13 55
13 70
13 75
13 89
15 61
16 46
17 88
18 46
19 46
20 33
21 88
24 88
24 32
24 34
24 58
24 71
24 77
24 79
27 56
28 61
29 92
30 63
31 57
33 39
33 49
33 54
33 64
33 74
33 87
33 90
35 46
35 56
35 61
35 92
35 44
35 48
35 65
36 56
37 56
38 68
42 92
43 97
46 60
46 62
46 85
46 91
47 57
50 92
51 63
52 63
53 61
56 59
56 67
56 76
57 92
57 66
57 81
57 93
61 63
61 72
68 73
68 78
68 80
68 94
68 96
69 92
82 88
83 88
92 97
97 99
100 99 #GRAPH NUMBER 76 WITH 404 EDGES
0 50
1 22
2 46
3 61
4 50
5 46
6 18
7 35
8 35
9 22
10 50
11 22
12 22
13 57
14 22
15 46
16 27
17 50
18 35
18 57
18 93
18 26
18 45
18 58
18 74
18 84
18 92
19 22
20 63
21 47
22 50
22 63
22 29
22 48
22 53
22 68
22 75
22 86
22 90
22 94
23 50
23 30
23 32
23 33
23 51
23 52
23 65
23 77
23 97
24 46
25 70
27 47
27 31
27 34
27 54
27 64
27 76
28 80
35 41
35 49
36 57
37 50
38 57
39 70
40 46
42 57
43 93
44 60
46 63
46 73
46 81
47 57
50 62
50 87
50 89
50 95
55 63
56 70
57 63
57 67
59 70
60 80
60 69
60 79
60 91
61 82
61 66
61 78
63 80
63 82
63 71
63 83
70 93
70 72
70 96
80 85
80 88
82 99
93 98
100 99 #GRAPH NUMBER 77 WITH 796 EDGES
0 71
1 58
2 58
3 27
4 36
5 36
6 27
7 65
8 36
9 65
10 39
11 27
12 27
13 27
14 71
15 27
16 58
17 39
18 65
19 89
20 58
21 71
22 36
23 27
24 27
25 36
26 27
27 79
27 89
27 37
27 49
27 52
27 56
27 57
27 62
27 66
27 68
27 75
27 87
27 92
27 96
28 36
29 36
30 39
31 36
32 65
33 58
34 58
35 79
36 58
36 71
36 46
36 69
36 70
36 80
36 83
36 84
36 91
36 99
38 39
39 71
39 44
39 51
39 61
39 64
39 67
39 72
39 77
39 81
39 82
39 98
40 79
41 71
42 79
43 58
45 79
47 65
48 58
50 89
53 58
54 58
55 65
58 90
58 95
59 89
60 65
63 79
65 71
65 76
65 93
65 94
71 79
71 78
71 85
73 79
74 89
79 86
79 88
79 97
97 96 #GRAPH NUMBER 78 WITH 174 EDGES
0 80
1 80
2 80
3 80
4 80
5 81
6 81
7 81
8 81
9 81
10 82
11 82
12 82
13 82
14 82
15 83
16 83
17 83
18 83
19 83
20 84
21 84
22 84
23 84
24 84
25 85
26 85
27 85
28 85
29 85
30 86
31 86
32 86
33 86
34 86
35 87
36 87
37 87
38 87
39 87
40 88
41 88
42 88
43 88
44 88
45 89
46 89
47 89
48 89
49 89
50 90
51 90
52 90
53 90
54 90
55 91
56 91
57 91
58 91
59 91
60 92
61 92
62 92
63 92
64 92
65 93
66 93
67 93
68 93
69 93
70 94
71 94
72 94
73 94
74 94
75 95
76 95
77 78
78 95
78 79
80 81
81 82
82 83
83 84
84 85
85 86
86 87
87 88
88 89
89 90
90 91
91 92
92 93
93 94
94 95
95 96
97 96 #GRAPH NUMBER 79 WITH 174 EDGES
0 80
1 80
2 80
3 81
4 81
5 81
6 81
7 81
8 82
9 82
10 82
11 82
12 82
13 83
14 83
15 83
16 83
17 83
18 84
19 84
20 84
21 84
22 84
23 85
24 85
25 85
26 85
27 85
28 86
29 86
30 86
31 86
32 86
33 87
34 87
35 87
36 87
37 87
38 88
39 88
40 88
41 88
42 88
43 89
44 89
45 89
46 89
47 89
48 90
49 90
50 90
51 90
52 90
53 91
54 91
55 91
56 91
57 91
58 92
59 92
60 92
61 92
62 92
63 93
64 93
65 93
66 93
67 93
68 94
69 94
70 94
71 94
72 94
73 95
74 95
75 95
76 95
77 78
78 79
78 96
79 80
80 81
81 82
82 83
83 84
84 85
85 86
86 87
87 88
88 89
89 90
90 91
91 92
92 93
93 94
94 95
97 96 #GRAPH NUMBER 80 WITH 174 EDGES
0 80
1 81
2 81
3 81
4 81
5 81
6 82
7 82
8 82
9 82
10 82
11 83
12 83
13 83
14 83
15 83
16 84
17 84
18 84
19 84
20 84
21 85
22 85
23 85
24 85
25 85
26 86
27 86
28 86
29 86
30 86
31 87
32 87
33 87
34 87
35 87
36 88
37 88
38 88
39 88
40 88
41 89
42 89
43 89
44 89
45 89
46 90
47 90
48 90
49 90
50 90
51 91
52 91
53 91
54 91
55 91
56 92
57 92
58 92
59 92
60 92
61 93
62 93
63 93
64 93
65 93
66 94
67 94
68 94
69 94
70 94
71 95
72 95
73 95
74 75
75 76
75 95
76 77
76 96
77 78
79 80
80 81
81 82
82 83
83 84
84 85
85 86
86 87
87 88
88 89
89 90
90 91
91 92
92 93
93 94
94 95
100 99 #GRAPH NUMBER 82 WITH 2000 EDGES
0 14
1 14
2 14
3 64
4 14
5 14
6 15
7 14
8 50
9 50
10 15
11 15
12 14
13 50
14 64
14 17
14 19
14 25
14 29
14 30
14 31
14 32
14 33
14 34
14 37
14 38
14 39
14 41
14 42
14 48
14 49
14 51
14 52
14 63
14 67
14 73
14 74
14 77
14 79
14 81
14 83
14 85
14 87
14 88
14 90
14 91
14 97
14 99
15 64
15 21
15 22
15 23
15 36
15 40
15 43
15 44
15 46
15 47
15 54
15 56
15 57
15 58
15 69
15 70
15 72
15 75
15 76
15 78
15 80
15 82
15 92
15 95
15 96
16 64
18 50
20 50
24 64
26 50
27 50
28 64
35 50
45 50
50 64
50 53
50 55
50 59
50 60
50 61
50 62
50 65
50 66
50 68
50 71
50 86
50 89
50 94
50 98
64 84
64 93
100 99 #GRAPH NUMBER 83 WITH 196 EDGES
0 39
1 39
1 2
1 3
1 4
1 5
1 6
1 7
1 8
1 9
1 10
1 11
1 12
1 13
1 14
1 15
1 16
1 17
1 18
1 19
1 20
1 21
1 22
1 23
1 24
1 25
1 26
1 27
1 28
1 29
1 30
1 31
1 32
1 33
1 34
1 35
1 36
1 37
1 38
1 40
1 41
1 42
1 43
1 44
1 45
1 46
1 47
1 48
1 49
1 50
1 51
1 52
1 53
1 54
1 55
1 56
1 57
1 58
1 59
1 60
1 61
1 62
1 63
1 64
1 65
1 66
1 67
1 68
1 69
1 70
1 71
1 72
1 73
1 74
1 75
1 76
1 77
1 78
1 79
1 80
1 81
1 82
1 83
1 84
1 85
1 86
1 87
1 88
1 89
1 90
1 91
1 92
1 93
1 94
1 95
1 96
1 97
1 98
1 99
11 10 #GRAPH NUMBER 86 WITH 20 EDGES
0 9
1 3
2 3
3 7
3 5
3 6
4 7
7 9
7 8
9 10
40 39 #GRAPH NUMBER 87 WITH 780 EDGES
0 38
0 1
0 2
0 3
0 4
0 5
0 6
0 7
0 8
0 9
0 10
0 11
0 12
0 13
0 14
0 15
0 16
0 17
0 18
0 19
0 20
0 21
0 22
0 23
0 24
0 25
0 26
0 27
0 28
0 29
0 30
0 31
0 32
0 33
0 34
0 35
0 36
0 37
0 39
100 99 #GRAPH NUMBER 88 WITH 149 EDGES
0 12
1 5
2 29
3 80
4 12
5 80
5 16
5 52
5 54
5 58
5 63
5 85
5 95
5 97
6 26
7 96
8 26
9 18
10 41
11 41
12 29
12 14
12 15
12 23
12 39
12 88
12 90
12 93
13 55
17 55
18 80
18 24
18 28
18 30
18 37
18 42
18 71
18 76
18 78
19 80
20 26
21 80
22 98
25 29
26 29
26 35
26 44
26 46
26 53
26 66
26 87
27 41
29 41
29 55
29 80
29 49
29 86
29 91
31 96
32 47
33 47
34 55
36 98
38 98
40 55
41 61
41 67
41 70
41 75
41 81
41 82
43 98
45 96
47 80
47 96
47 98
47 56
47 60
47 62
47 64
47 65
48 55
50 96
51 96
55 59
55 68
55 77
55 79
57 96
69 96
72 98
73 96
74 98
80 92
80 94
83 96
84 98
89 98
98 99
100 99 #GRAPH NUMBER 89 WITH 155 EDGES
0 30
1 67
2 36
3 30
4 20
5 81
6 81
7 67
8 67
9 82
9 41
9 50
9 52
9 57
9 58
9 59
9 72
9 74
9 79
10 13
11 36
12 51
13 82
13 14
13 22
13 23
13 28
13 31
13 32
13 64
13 97
15 51
16 36
17 67
18 60
19 69
20 36
20 25
20 26
20 46
20 66
20 75
20 83
20 96
20 99
21 60
24 69
27 60
29 82
30 36
30 33
30 34
30 35
30 45
30 53
30 56
30 61
36 82
36 48
36 54
36 62
36 92
37 67
38 81
39 81
40 82
42 51
43 67
44 60
47 60
49 69
51 69
51 68
51 73
51 77
51 78
51 94
51 95
55 81
60 69
60 65
60 86
60 89
60 91
63 81
67 69
67 70
67 87
67 88
69 82
69 81
69 80
69 84
71 82
76 81
81 85
81 98
82 90
82 93
100 99 #GRAPH NUMBER 90 WITH 148 EDGES
0 88
0 9
0 16
0 17
0 32
0 43
0 52
0 69
0 80
1 81
2 88
3 62
4 44
5 79
6 70
7 79
8 22
10 48
11 62
12 22
13 70
14 79
15 22
18 58
19 48
20 70
21 36
22 48
22 81
22 35
22 51
22 68
23 88
24 81
25 70
26 39
27 70
28 36
29 88
30 48
31 39
33 73
34 36
36 81
36 38
36 59
36 83
36 92
37 67
39 88
39 89
40 70
41 48
42 63
44 48
44 58
45 81
46 58
47 81
48 79
48 88
48 57
49 88
50 63
53 63
54 67
55 73
56 62
58 73
58 66
60 70
61 67
62 79
62 98
63 88
63 64
63 72
63 74
63 97
65 81
67 79
67 75
67 78
67 82
67 86
67 87
67 96
70 88
70 77
70 90
71 73
76 81
79 85
79 95
81 84
81 91
81 99
88 93
88 94
100 99 #GRAPH NUMBER 91 WITH 120 EDGES
0 57
1 9
2 10
3 83
4 96
5 16
6 83
7 10
8 57
9 11
9 16
9 35
9 80
9 90
9 73
9 76
9 93
10 35
10 20
10 58
10 64
10 66
10 68
10 87
11 83
11 23
11 28
11 32
11 43
11 56
11 69
11 71
11 95
11 98
12 79
13 34
14 57
15 96
16 45
16 62
16 84
17 45
18 79
19 96
21 35
22 29
24 35
25 79
25 45
25 57
25 39
25 52
25 65
26 35
27 57
29 35
29 33
29 74
29 92
30 96
31 90
31 37
31 41
31 44
31 49
31 51
31 61
31 86
31 97
34 80
34 72
34 75
35 96
35 36
35 77
35 89
38 57
40 45
42 57
45 47
45 54
45 55
45 59
45 63
45 82
46 96
48 79
50 79
53 79
57 60
67 96
70 83
78 83
79 91
80 99
81 90
85 90
88 96
94 96
100 99 #GRAPH NUMBER 92 WITH 131 EDGES
0 24
1 7
2 91
3 99
4 64
5 27
6 72
7 79
7 91
7 76
8 79
8 12
8 15
8 29
8 58
8 85
8 87
8 88
8 93
9 24
10 30
10 13
10 19
10 45
10 48
10 61
10 70
11 64
14 99
16 31
17 24
18 30
20 30
20 25
20 57
20 92
21 24
22 68
23 72
24 68
24 39
24 44
24 51
24 82
24 95
26 67
27 91
27 99
27 35
28 72
30 67
30 32
30 34
30 59
30 63
30 65
30 78
30 94
31 64
31 41
31 43
31 49
31 71
31 80
31 86
31 97
33 68
36 79
37 68
38 72
40 72
42 91
46 91
47 68
47 72
47 75
47 77
47 81
50 91
52 79
53 72
54 91
55 72
56 64
60 67
62 67
64 68
66 91
67 91
67 69
67 73
68 91
68 90
68 98
72 74
72 83
72 96
79 89
84 91
99 98 #GRAPH NUMBER 94 WITH 479 EDGES
0 2
1 4
2 6
2 5
3 8
4 10
4 9
6 13
6 14
7 13
8 10
8 14
8 17
8 18
8 26
8 34
8 47
8 54
8 72
8 76
8 84
8 85
8 91
8 96
8 98
10 21
10 22
10 24
10 33
10 40
10 52
10 55
10 58
10 62
10 70
10 78
10 82
10 93
11 86
12 37
13 15
13 23
13 27
13 28
13 45
13 50
13 64
14 39
14 43
14 86
14 20
14 29
14 30
14 49
14 60
14 63
16 86
17 67
17 25
17 31
17 35
17 36
17 65
17 73
17 92
17 94
18 37
18 69
18 32
18 38
18 77
18 81
18 89
19 39
37 41
37 51
37 66
37 75
37 83
39 71
39 79
39 80
39 90
42 86
43 46
43 48
43 59
43 68
43 87
43 88
43 95
44 69
53 86
56 69
57 67
61 67
67 74
86 97
100 99 #GRAPH NUMBER 98 WITH 359 EDGES
0 75
1 36
1 4
1 6
1 22
1 28
1 39
1 42
2 54
3 56
5 36
5 7
5 56
5 9
5 37
5 47
5 73
5 80
5 93
7 68
7 96
7 26
7 46
7 55
8 54
10 24
11 45
12 45
13 54
14 20
15 24
16 30
17 40
18 96
19 24
20 30
20 24
20 21
20 23
20 34
20 41
20 48
20 57
20 70
24 29
24 44
24 71
24 74
24 79
24 90
24 92
25 96
27 75
30 87
30 72
31 84
32 36
33 45
35 36
36 40
36 43
36 52
36 81
38 96
40 84
40 54
40 49
40 76
40 91
45 56
45 51
45 69
45 78
45 97
50 68
53 56
54 59
54 61
54 89
56 64
56 65
58 82
60 68
62 87
63 75
66 87
67 68
68 83
68 98
75 82
75 77
82 87
82 85
84 88
84 94
84 99
86 96
87 96
87 95
100 99 #GRAPH NUMBER 99 WITH 326 EDGES
0 37
1 59
2 12
3 15
3 83
3 71
3 79
4 31
5 64
5 12
5 69
6 12
7 59
7 23
7 21
7 35
7 56
7 65
8 25
9 37
10 15
10 93
10 30
10 46
10 58
10 67
11 37
12 90
12 40
12 61
12 68
12 72
13 31
14 25
15 24
15 53
15 82
15 96
15 98
16 23
17 90
18 92
19 31
20 93
22 31
23 39
23 43
23 52
23 89
25 77
25 54
26 90
27 81
28 51
29 92
31 90
31 81
31 62
31 74
32 51
33 37
34 77
36 92
37 64
37 59
37 50
37 78
37 84
38 77
41 51
42 92
44 51
45 77
47 77
48 59
49 77
51 93
55 59
57 77
59 93
59 66
59 87
59 88
60 92
63 64
64 76
70 83
73 83
75 83
77 93
80 92
81 86
81 99
83 85
90 91
90 97
92 93
92 95
93 94
100 99 #GRAPH NUMBER 100 WITH 399 EDGES
0 41
1 99
2 41
3 41
4 66
5 15
6 17
7 66
8 35
9 35
9 70
9 91
9 16
9 51
9 80
10 99
11 66
12 99
13 66
14 37
14 98
14 41
14 82
14 26
14 32
14 39
14 62
14 87
15 99
15 70
15 41
15 75
15 76
15 92
17 70
17 46
17 78
17 79
18 70
19 35
20 37
21 91
21 34
21 58
21 60
21 93
21 95
22 53
23 35
24 98
25 41
27 53
28 35
29 70
30 66
31 82
33 98
35 68
35 73
36 70
37 69
37 83
37 84
37 86
38 98
40 98
41 81
41 97
42 82
43 70
44 82
45 82
47 82
48 99
49 70
50 82
52 66
53 66
53 56
53 67
54 99
55 70
57 99
59 91
61 66
63 91
64 99
65 82
66 70
66 71
66 88
70 90
72 82
74 99
77 82
82 96
85 98
89 98
94 98
100 99 #GRAPH NUMBER 101 WITH 312 EDGES
0 13
1 45
2 8
2 51
2 36
2 4
2 43
2 65
2 70
3 62
4 18
4 23
4 58
4 83
5 62
6 36
7 28
8 14
8 49
8 78
8 98
9 45
10 13
10 62
10 54
10 39
10 59
10 63
10 72
10 97
11 51
12 45
13 28
13 29
13 33
13 60
13 75
13 82
15 52
16 89
17 48
19 48
20 86
21 52
22 32
24 52
25 48
26 51
26 31
26 90
26 93
27 54
28 51
28 76
28 74
28 94
30 52
32 89
32 52
32 48
32 47
32 71
32 88
32 92
34 62
35 54
36 48
36 38
36 41
36 64
36 73
36 80
37 89
40 86
42 52
42 44
42 57
42 96
45 54
46 76
48 69
48 99
50 51
51 91
52 81
53 62
54 68
54 77
55 86
56 62
61 89
62 86
66 76
67 89
76 79
76 87
84 89
85 86
86 95
100 99 #GRAPH NUMBER 102 WITH 381 EDGES
0 78
1 47
2 48
3 47
3 13
3 5
3 14
3 25
3 28
3 50
3 51
3 72
3 86
4 48
5 37
5 39
5 55
5 68
6 66
7 13
8 15
9 29
10 56
11 91
12 48
13 44
13 78
13 18
15 31
15 21
15 42
16 24
17 66
19 31
20 56
22 66
23 31
24 44
24 36
24 77
24 94
26 56
27 56
29 91
29 31
29 43
29 58
29 61
29 67
29 82
29 84
29 97
30 31
31 56
31 52
31 80
31 95
32 91
33 44
34 56
35 56
35 57
35 63
35 71
35 90
35 93
38 44
40 78
41 91
44 66
44 53
44 62
44 88
45 47
46 91
46 64
46 69
46 76
47 81
47 96
48 91
48 54
48 75
48 89
48 92
48 99
49 66
56 78
56 83
59 78
60 91
65 78
66 73
66 74
66 79
70 78
78 87
78 98
85 91
100 99 #GRAPH NUMBER 103 WITH 280 EDGES
0 99
1 4
1 84
1 38
1 57
1 3
1 32
1 81
1 86
2 40
4 89
4 27
4 33
4 61
4 97
5 11
5 83
5 91
5 94
6 99
7 84
8 35
9 51
10 57
11 40
11 12
11 75
11 82
13 40
14 49
15 39
16 25
17 40
18 79
19 57
20 45
21 48
22 99
23 49
24 35
24 49
24 57
24 26
24 64
25 57
25 79
25 41
25 42
25 63
25 69
28 58
29 93
30 35
31 37
34 37
35 37
35 36
37 72
37 88
38 54
38 98
39 45
39 44
40 99
40 80
43 58
45 51
45 57
45 47
45 60
45 68
45 71
46 48
48 49
49 67
49 74
49 78
50 93
51 99
51 55
51 70
52 93
53 93
56 79
57 93
57 58
58 59
58 73
62 89
65 99
66 89
76 89
77 84
84 92
84 95
84 96
85 89
87 89
90 99
100 99 #GRAPH NUMBER 104 WITH 307 EDGES
0 59
1 29
2 17
3 49
4 29
5 61
6 74
7 87
8 57
9 64
10 97
11 19
12 72
13 81
14 57
15 59
16 74
17 72
17 29
17 30
17 69
17 85
18 57
19 72
19 87
19 44
19 83
19 90
20 84
21 57
22 98
23 92
24 97
25 87
26 29
27 61
28 74
29 60
29 65
29 70
31 34
32 61
33 74
34 92
34 58
34 39
34 54
34 63
35 97
36 72
37 92
38 72
40 92
41 84
42 89
43 89
45 89
46 81
47 57
48 49
49 84
49 68
49 77
50 79
51 87
52 58
53 97
55 89
56 59
57 98
57 67
59 97
59 92
59 61
62 64
64 98
64 66
64 91
71 79
72 81
72 92
73 98
74 81
74 84
74 75
74 82
76 89
78 81
79 92
79 94
80 97
81 99
84 89
86 98
87 98
87 93
88 89
95 98
96 97
100 99 #GRAPH NUMBER 105 WITH 343 EDGES
0 91
1 94
2 90
3 91
4 87
5 66
5 55
5 94
5 26
5 38
5 58
5 93
6 81
7 81
8 56
9 66
10 81
11 91
12 87
13 53
14 66
15 55
15 30
15 32
15 60
15 84
15 92
15 99
16 65
17 65
18 28
19 87
20 56
21 55
22 55
23 81
24 91
25 65
27 81
28 36
28 29
31 96
33 56
34 64
35 83
36 83
36 55
36 81
36 43
36 71
36 73
36 80
36 98
37 94
39 94
40 96
41 55
42 72
44 56
45 90
46 83
47 66
48 65
49 83
50 64
51 72
52 55
53 90
53 59
53 61
53 77
54 94
55 74
56 90
56 75
56 95
57 83
62 72
63 64
64 90
64 91
64 96
64 70
64 79
65 72
65 97
67 81
68 87
69 96
72 94
72 76
78 83
82 94
83 85
86 94
87 90
88 91
89 94
90 94
60 59 #GRAPH NUMBER 106 WITH 1770 EDGES
0 57
1 57
2 57
3 57
4 57
5 57
6 57
7 57
8 57
9 57
10 57
11 57
12 57
13 57
14 57
15 57
16 57
17 57
18 57
19 57
20 57
21 57
22 57
23 57
24 57
25 57
26 57
27 57
28 57
29 57
30 57
31 57
32 57
33 57
34 57
35 57
36 57
37 57
38 57
39 57
40 57
41 57
42 57
43 57
44 57
45 57
46 57
47 57
48 57
49 57
50 57
51 57
52 57
53 57
54 57
55 57
56 57
57 58
57 59
100 99 #GRAPH NUMBER 107 WITH 673 EDGES
0 90
1 50
2 44
2 50
2 40
2 41
2 42
2 48
2 51
2 56
2 59
2 60
2 62
2 63
2 70
2 71
2 74
2 75
2 77
2 81
2 82
2 83
2 84
2 86
2 91
2 93
2 94
2 96
3 50
4 50
5 44
6 95
7 50
8 95
9 95
10 50
11 95
12 44
13 90
13 95
13 47
13 49
13 54
13 64
13 65
13 72
13 85
13 97
13 98
14 95
14 45
14 57
14 68
14 78
14 79
14 80
14 89
14 92
15 50
16 95
17 90
18 90
19 95
20 44
21 44
22 44
22 95
22 43
22 52
22 61
22 76
22 87
22 88
22 99
23 44
24 50
25 44
26 50
27 44
28 44
29 90
30 44
31 44
31 46
31 53
31 58
31 69
32 44
33 44
34 44
35 90
36 90
37 44
38 44
39 50
39 55
39 66
39 67
39 73
100 99 #GRAPH NUMBER 108 WITH 512 EDGES
0 11
1 11
2 11
3 82
4 12
5 39
6 25
7 27
8 49
9 39
10 27
11 72
11 22
11 35
11 36
11 52
11 80
11 94
11 98
12 25
12 46
12 13
12 28
12 43
12 54
12 59
12 61
12 74
12 89
14 60
14 82
14 23
14 24
14 33
14 38
14 45
14 50
14 87
14 99
15 82
16 27
17 27
18 39
19 46
20 49
21 72
25 26
25 58
25 68
25 77
25 93
26 40
26 49
26 60
26 37
26 69
26 71
26 86
26 92
27 91
27 56
27 63
27 70
27 81
27 96
29 49
30 40
31 91
32 46
34 60
39 72
39 44
39 55
39 57
39 64
39 78
39 83
39 85
39 95
40 48
40 62
40 66
40 88
41 49
42 82
46 72
46 47
46 51
46 73
49 53
49 65
49 75
49 79
60 91
60 90
67 72
72 84
76 82
82 97
100 99 #GRAPH NUMBER 112 WITH 246 EDGES
0 87
1 51
2 57
3 42
4 10
5 36
6 10
7 92
8 97
9 38
10 60
10 92
10 25
10 59
10 63
10 65
10 71
11 42
12 60
12 26
12 31
12 52
12 80
12 86
13 28
14 81
15 98
16 62
17 77
18 57
19 23
20 99
20 34
20 37
20 44
20 46
21 99
22 60
23 42
23 62
23 97
23 55
23 94
24 61
27 96
28 62
28 96
28 48
29 36
30 72
32 42
33 60
35 60
36 87
36 98
36 99
36 47
38 92
38 64
38 66
38 91
39 51
40 95
41 72
42 79
43 78
45 62
49 97
50 51
51 78
51 83
53 61
54 96
56 57
57 92
57 73
57 93
58 99
60 81
61 99
61 67
61 89
62 74
68 87
69 82
70 77
72 81
72 76
75 95
77 92
78 92
81 82
81 88
82 97
82 90
84 98
85 96
87 92
95 97
