76 75#GRAPH NUMBER 1 WITH 217 EDGES
0 66
1 33
2 8
3 49
4 50
4 5
4 10
4 43
4 55
4 62
4 72
6 41
7 66
8 14
8 33
8 68
8 51
8 58
9 33
11 68
12 48
13 25
14 54
14 70
14 37
14 46
14 61
14 73
15 41
16 41
17 50
18 66
19 66
20 50
21 33
22 54
23 42
24 33
25 33
25 42
25 50
25 35
25 47
26 63
27 42
28 49
29 66
30 48
31 65
32 49
33 48
33 36
33 38
33 59
33 60
33 69
33 74
34 54
39 63
40 42
41 70
41 52
42 63
42 64
44 65
45 63
48 66
49 66
53 66
56 65
57 68
63 71
65 70
65 75
67 68
93 92#GRAPH NUMBER 2 WITH 325 EDGES
0 38
0 3
0 18
0 44
0 56
0 62
0 74
0 87
1 15
2 19
4 19
5 51
6 35
7 15
7 68
7 25
7 27
7 39
7 41
7 77
8 21
9 50
10 86
11 37
12 35
12 50
12 51
12 13
12 43
12 46
12 53
12 80
12 89
14 50
15 38
15 17
15 22
15 28
15 34
15 60
15 91
16 37
19 21
19 23
19 40
19 75
20 86
21 29
21 47
24 32
26 65
29 50
29 31
29 42
29 90
30 51
32 86
32 52
32 61
33 35
35 36
35 66
35 70
35 81
35 85
37 68
37 86
37 48
37 67
37 69
37 83
37 92
38 64
45 50
47 55
47 63
47 76
47 82
49 68
50 65
50 68
50 58
51 54
51 72
57 68
59 86
65 78
65 84
65 88
68 79
71 86
73 86
86 85#GRAPH NUMBER 3 WITH 226 EDGES
0 40
1 13
1 54
1 76
1 6
1 18
1 28
1 42
1 48
2 26
2 39
2 23
2 31
2 55
2 60
2 63
2 64
3 79
4 24
5 26
7 27
8 44
9 40
10 26
10 46
10 59
10 69
10 75
11 13
12 57
13 15
13 35
14 24
16 26
17 57
19 26
19 79
19 41
19 58
19 71
19 73
19 82
19 85
20 54
21 74
22 24
24 26
24 45
24 47
24 83
25 39
27 43
27 74
27 66
29 39
30 54
32 44
33 81
34 43
36 76
37 57
38 54
39 61
39 68
40 44
40 79
40 84
40 51
40 65
43 54
44 81
44 50
49 74
52 54
53 74
54 77
56 79
57 74
57 72
62 76
67 81
70 84
74 84
78 81
80 84
89 88#GRAPH NUMBER 5 WITH 204 EDGES
0 84
0 45
0 62
0 86
1 12
2 20
3 67
4 16
5 20
6 35
6 57
6 81
6 29
6 31
6 40
6 80
7 39
8 75
9 16
9 14
9 53
9 54
10 18
10 22
10 71
11 82
12 56
12 57
12 70
12 76
13 30
15 63
16 39
16 57
16 75
16 23
16 43
16 51
17 83
18 82
18 27
19 57
20 84
20 21
20 48
20 64
24 65
25 69
26 39
28 75
30 36
30 67
30 81
30 55
32 36
33 81
34 63
35 84
35 66
35 73
36 37
36 72
36 78
36 85
38 67
41 61
42 56
44 56
46 56
47 61
49 81
50 65
52 61
56 61
56 77
57 58
57 79
57 88
59 63
60 69
61 69
63 69
65 81
65 87
67 83
67 74
68 75
82 84
91 90#GRAPH NUMBER 6 WITH 496 EDGES
0 26
1 83
2 14
3 50
4 54
5 50
6 63
7 63
8 51
9 53
10 51
11 50
12 14
13 63
14 50
14 16
14 17
14 24
14 34
14 35
14 75
14 77
14 88
15 26
18 63
19 83
20 46
21 54
22 83
23 26
25 26
26 46
26 63
26 33
26 56
26 81
26 84
27 50
28 83
29 51
30 83
31 54
32 53
36 46
37 53
38 53
39 83
40 46
41 83
42 54
43 46
44 46
45 54
46 50
46 51
46 47
46 48
46 69
49 53
50 83
50 61
50 68
50 72
50 82
51 52
51 57
51 67
51 71
51 73
51 76
51 90
53 63
53 59
53 64
53 79
53 86
53 87
54 63
54 55
54 60
54 62
54 66
54 80
58 63
63 74
63 78
63 85
65 83
70 83
83 89
88 87#GRAPH NUMBER 7 WITH 388 EDGES
0 82
1 48
1 61
1 39
1 47
1 55
1 58
1 64
1 70
1 83
2 37
3 48
4 59
4 77
4 8
4 9
4 13
4 15
4 22
4 32
4 38
5 61
6 77
7 37
7 76
7 18
7 27
7 31
7 41
7 53
7 60
7 81
10 76
11 77
12 82
14 76
16 82
17 59
19 48
20 37
21 76
23 78
24 82
25 59
26 37
28 78
29 61
30 61
33 76
34 76
35 59
36 78
37 57
37 65
37 79
37 87
40 82
42 78
43 82
44 61
45 77
46 59
48 59
48 50
48 54
48 62
48 75
48 86
49 61
51 59
52 77
56 78
59 69
59 84
61 82
61 66
61 72
63 78
67 77
68 77
71 77
73 78
74 76
76 78
76 80
77 78
82 85
82 81#GRAPH NUMBER 8 WITH 437 EDGES
0 60
1 57
2 70
3 57
4 41
5 57
6 70
7 59
8 58
9 60
10 57
11 55
12 70
13 58
14 41
15 70
15 26
15 42
15 45
15 46
15 48
15 50
15 51
15 68
15 77
15 80
16 41
17 20
18 41
19 70
20 59
20 28
20 40
20 47
20 49
20 56
20 61
20 71
20 74
20 76
21 41
22 55
23 70
24 41
25 60
27 58
29 60
30 60
31 57
32 55
33 55
34 57
35 55
36 58
37 41
38 57
39 57
41 59
41 44
41 63
41 69
43 55
52 60
53 60
54 59
55 57
55 59
55 70
55 79
57 62
57 78
58 70
58 64
58 65
58 81
59 60
59 72
59 75
60 67
66 70
70 73
94 93#GRAPH NUMBER 9 WITH 364 EDGES
0 80
1 82
2 59
3 59
3 84
3 7
3 12
3 28
3 56
3 79
3 86
4 59
5 37
6 20
8 82
9 65
10 21
11 78
13 84
14 81
15 59
16 37
17 65
18 81
19 34
20 78
20 84
20 33
20 58
20 69
20 73
20 75
21 37
21 71
21 22
21 49
21 64
21 66
21 87
23 84
24 84
25 34
26 71
27 59
29 84
30 65
31 78
32 65
34 59
34 65
34 45
34 47
34 63
34 70
35 48
36 78
37 48
37 46
37 68
37 83
37 92
38 78
39 84
40 48
41 78
42 78
43 80
44 65
48 81
48 53
48 60
48 62
48 72
50 71
51 81
52 80
54 84
55 82
57 80
59 89
59 90
61 80
65 82
65 91
67 82
74 81
76 81
77 81
78 81
80 82
80 85
82 88
82 93
80 79#GRAPH NUMBER 10 WITH 568 EDGES
0 43
1 37
2 68
3 78
4 67
5 67
6 68
7 30
8 78
9 30
10 67
11 68
12 30
13 30
14 67
15 67
16 30
17 67
18 43
19 67
20 68
21 68
22 37
23 78
24 68
25 78
26 43
27 78
28 67
29 67
30 37
30 33
30 42
30 45
30 47
30 59
30 64
30 75
30 76
30 77
31 78
32 37
34 37
35 37
36 78
37 67
37 68
37 78
37 55
37 56
37 61
37 70
37 74
38 43
39 78
40 68
41 43
43 68
43 49
43 62
43 63
43 65
44 68
46 78
48 68
50 78
51 67
52 78
53 67
54 68
57 78
58 78
60 68
66 68
67 69
67 73
67 79
68 71
72 78
20 19#GRAPH NUMBER 11 WITH 21 EDGES
0 4
0 1
0 18
2 19
2 11
3 16
3 10
3 13
4 7
5 16
6 9
7 9
7 19
7 17
8 15
9 15
9 14
12 15
16 19
100 99#GRAPH NUMBER 12 WITH 165 EDGES
0 98
1 98
2 98
3 98
4 98
5 98
6 98
7 98
8 98
9 98
10 98
11 98
12 98
13 98
14 98
15 98
16 98
17 98
18 98
19 98
20 98
21 98
22 98
23 98
24 98
25 98
26 98
27 98
28 98
29 98
30 98
31 98
32 98
33 98
34 98
35 98
36 98
37 98
38 98
39 98
40 98
41 98
42 98
43 98
44 98
45 98
46 98
47 98
48 98
49 98
50 99
51 99
52 99
53 99
54 99
55 99
56 99
57 99
58 99
59 99
60 99
61 99
62 99
63 99
64 99
65 99
66 99
67 99
68 99
69 99
70 99
71 99
72 99
73 99
74 99
75 99
76 99
77 99
78 99
79 99
80 99
81 99
82 99
83 99
84 99
85 99
86 99
87 99
88 99
89 99
90 99
91 99
92 99
93 99
94 99
95 99
96 99
97 99
98 99
100 99#GRAPH NUMBER 13 WITH 161 EDGES
0 99
0 1
0 2
0 3
0 4
0 5
0 6
0 7
0 8
0 9
0 10
0 11
0 12
0 13
0 14
0 15
0 16
0 17
0 18
0 19
0 20
0 21
0 22
0 23
0 24
0 25
0 26
0 27
0 28
0 29
0 30
0 31
0 32
0 33
0 34
0 35
36 99
37 99
38 99
39 99
40 99
41 99
42 99
43 99
44 99
45 99
46 99
47 99
48 99
49 99
50 99
51 99
52 99
53 99
54 99
55 99
56 99
57 99
58 99
59 99
60 99
61 99
62 99
63 64
64 99
64 65
64 66
64 67
64 68
64 69
64 70
64 71
64 72
64 73
64 74
64 75
64 76
64 77
64 78
64 79
64 80
64 81
64 82
64 83
64 84
64 85
64 86
64 87
64 88
64 89
64 90
64 91
64 92
64 93
64 94
95 99
96 99
97 99
98 99
94 93#GRAPH NUMBER 14 WITH 182 EDGES
0 54
1 91
2 91
3 91
4 91
5 91
6 91
7 91
8 91
9 91
10 91
11 91
12 91
13 91
14 91
15 91
16 92
17 92
18 92
19 92
20 92
21 92
22 92
23 92
24 92
25 92
26 92
27 92
28 92
29 92
30 92
31 92
32 92
33 92
34 92
35 92
36 92
37 92
38 92
39 92
40 92
41 92
42 92
43 92
44 92
45 92
46 93
47 93
48 93
49 93
50 93
51 93
52 93
53 93
54 93
55 93
56 93
57 93
58 93
59 93
60 93
61 91
62 91
63 91
64 91
65 91
66 91
67 91
68 91
69 91
70 91
71 91
72 91
73 91
74 91
75 91
76 93
77 93
78 93
79 93
80 93
81 93
82 93
83 93
84 93
85 93
86 93
87 93
88 93
89 93
90 93
91 92
92 93
100 99#GRAPH NUMBER 15 WITH 360 EDGES
0 97
1 63
2 22
2 51
2 70
2 91
2 5
2 11
2 20
2 56
3 37
4 93
6 15
7 91
8 81
9 14
10 70
12 61
13 70
14 51
14 83
14 30
14 32
14 41
14 46
15 51
15 61
15 63
15 92
15 36
15 47
15 64
15 99
16 51
17 97
18 93
19 93
21 61
22 39
22 75
22 77
23 93
24 95
25 95
26 51
27 93
28 61
29 93
31 95
33 63
34 63
35 91
37 97
37 73
38 91
40 58
42 63
43 92
44 96
45 95
48 51
49 92
50 92
51 93
51 96
51 97
51 74
51 76
52 95
53 70
54 70
55 96
57 92
58 97
58 62
58 94
59 91
60 92
61 79
63 65
63 80
66 95
67 81
68 92
69 70
70 85
70 89
71 95
72 91
78 83
81 93
82 91
83 98
84 92
86 97
87 95
88 92
90 92
95 96
100 99#GRAPH NUMBER 16 WITH 444 EDGES
0 79
1 79
2 77
3 15
4 97
5 79
6 36
7 65
8 13
9 79
10 36
11 36
12 79
13 17
13 38
13 79
13 20
13 30
13 37
13 47
13 48
13 70
13 83
14 79
15 42
15 74
15 80
15 96
16 53
17 24
17 35
17 54
17 60
17 61
17 92
18 36
19 36
21 42
22 68
22 79
22 27
22 32
22 57
22 62
22 87
23 42
25 65
26 42
28 38
29 86
31 86
33 65
34 86
36 53
36 39
36 49
36 63
36 64
36 76
38 40
38 89
41 65
42 77
42 56
42 69
42 75
42 84
42 85
43 68
44 53
45 86
46 65
50 97
51 97
52 97
53 65
53 79
53 86
53 97
53 82
53 98
55 86
58 65
59 68
65 66
65 72
65 73
65 90
67 86
68 81
68 88
71 86
77 79
78 86
79 95
91 97
93 97
94 97
97 99
100 99#GRAPH NUMBER 17 WITH 375 EDGES
0 53
1 49
2 32
3 52
4 29
5 60
6 48
7 60
8 50
9 52
10 60
11 80
12 52
13 21
14 49
15 21
16 83
17 29
18 53
19 64
20 36
21 29
21 52
21 54
21 74
22 60
23 32
24 49
24 54
24 80
24 63
24 93
25 48
26 51
26 60
26 90
27 50
28 80
29 35
30 80
31 80
32 50
32 79
32 83
32 82
33 52
34 51
36 50
36 68
36 76
37 54
38 51
39 80
40 79
41 53
42 50
43 53
44 64
45 52
46 80
47 53
48 79
49 58
49 99
50 57
50 65
50 67
51 66
51 98
52 75
52 89
52 94
53 79
53 55
53 71
53 78
53 85
54 64
54 88
54 92
56 79
59 60
60 64
60 61
60 73
60 86
60 97
62 79
64 83
64 72
64 77
64 91
69 83
70 79
79 81
79 84
79 87
79 96
80 95
100 99#GRAPH NUMBER 18 WITH 391 EDGES
0 29
1 11
2 97
3 62
4 98
5 20
6 40
7 23
8 82
9 30
10 30
11 73
11 16
11 21
11 33
11 39
11 57
11 84
11 91
11 93
12 34
13 20
14 24
15 46
17 20
18 97
19 34
20 97
20 29
20 34
20 46
20 59
20 60
20 83
20 85
22 24
22 36
22 46
22 42
22 45
22 47
22 87
22 95
23 36
23 62
24 82
24 61
25 30
26 40
27 36
28 98
29 98
30 62
30 48
30 72
30 75
30 81
30 99
31 36
32 34
32 79
32 92
34 35
34 37
34 43
34 56
34 66
34 71
34 76
36 94
38 40
40 62
40 63
40 67
40 86
40 89
40 96
41 49
44 73
46 64
49 97
49 50
49 51
49 70
52 73
53 73
54 62
55 73
58 73
62 68
62 74
62 80
65 73
69 82
73 82
73 88
73 90
77 98
78 98
100 99#GRAPH NUMBER 19 WITH 358 EDGES
0 2
1 22
2 64
2 13
2 20
2 35
2 45
3 64
4 96
5 34
6 42
6 81
6 25
6 36
6 44
6 47
6 50
6 65
7 86
8 81
9 42
9 79
9 82
10 22
11 61
12 92
14 61
15 40
16 61
17 34
18 78
19 96
21 72
22 72
22 51
22 83
22 94
23 96
24 92
26 88
27 96
28 81
29 77
29 32
29 33
29 38
29 57
29 68
29 85
30 61
31 64
34 72
34 81
34 76
37 40
39 40
40 72
40 54
40 69
40 93
40 97
41 92
42 61
42 92
42 96
42 49
42 62
42 74
42 84
42 87
43 92
46 96
48 96
52 96
53 72
55 92
56 92
58 81
59 88
60 72
61 66
61 67
61 89
61 95
63 86
64 86
70 78
71 86
73 92
75 88
77 86
77 98
78 81
78 88
80 96
81 86
88 90
88 99
91 96
100 99#GRAPH NUMBER 20 WITH 372 EDGES
0 76
1 75
2 97
3 99
4 91
5 76
6 89
6 12
6 43
7 14
8 50
9 39
10 37
11 39
13 50
14 20
14 37
14 41
14 50
14 40
14 58
14 85
15 41
16 75
17 89
18 41
19 89
20 22
20 34
20 77
20 80
20 90
21 56
23 84
24 89
25 41
26 91
27 76
28 76
29 99
30 99
31 56
32 84
33 84
35 56
36 39
37 39
37 56
37 97
37 52
37 74
37 96
38 76
39 87
39 47
39 79
39 81
41 51
41 54
41 60
41 72
42 91
44 91
45 75
46 84
48 84
49 76
50 62
50 64
50 71
50 92
50 94
53 97
55 87
56 89
56 99
56 63
56 65
56 98
57 99
59 99
61 89
66 99
67 87
68 87
69 91
70 75
73 99
75 89
75 93
76 89
76 82
78 91
83 84
84 89
86 91
88 97
89 95
91 97
100 99#GRAPH NUMBER 21 WITH 376 EDGES
0 53
1 11
1 76
1 6
1 41
2 20
3 20
4 62
5 76
7 14
8 28
9 98
10 49
11 18
11 44
11 13
11 21
11 47
11 54
11 66
12 51
14 27
14 25
14 43
14 78
15 51
16 44
17 28
18 20
18 49
18 67
18 70
19 62
20 87
20 72
20 77
20 93
22 28
23 34
24 76
26 28
27 81
27 99
28 76
28 35
28 36
28 37
28 42
28 55
28 80
29 49
29 39
29 59
29 86
30 53
31 98
32 51
33 53
34 53
34 81
34 98
34 60
34 63
34 75
34 79
34 89
34 95
38 81
40 98
44 62
44 45
44 85
44 92
46 51
48 98
49 51
49 64
50 51
51 56
51 90
52 62
53 57
53 83
53 88
58 62
61 98
62 81
62 84
65 76
68 81
69 98
71 98
73 76
74 76
76 91
76 94
82 98
87 97
96 98
100 99#GRAPH NUMBER 22 WITH 369 EDGES
0 96
1 2
2 4
2 29
2 49
2 96
2 3
2 6
2 32
2 33
2 39
4 74
4 15
4 27
4 31
4 53
4 75
4 76
4 81
5 46
7 64
8 74
9 67
10 79
11 87
12 46
13 64
14 64
16 88
17 21
18 35
19 88
20 35
21 46
21 44
21 56
21 72
21 86
21 92
22 67
23 96
24 57
25 57
26 74
28 49
29 34
29 77
30 69
34 57
34 98
35 46
35 49
35 42
35 51
35 78
35 93
36 74
37 49
38 74
40 46
41 79
43 46
45 57
46 79
46 88
46 50
46 59
47 57
48 96
49 55
49 70
52 87
54 87
57 67
57 89
57 90
57 99
58 96
60 67
61 64
62 74
63 64
64 69
64 74
64 80
64 66
64 68
64 82
65 88
69 87
69 83
69 95
69 97
71 96
73 96
80 84
80 91
85 96
88 94
100 99#GRAPH NUMBER 23 WITH 148 EDGES
0 99
1 99
2 99
3 99
4 99
5 99
6 99
7 99
8 99
9 99
10 99
11 99
12 99
13 99
14 99
15 99
16 99
17 99
18 99
19 99
20 99
21 99
22 99
23 99
24 99
25 99
26 99
27 99
28 29
29 99
30 99
31 99
32 99
33 99
34 99
35 99
36 99
37 99
38 99
39 99
40 99
41 99
42 99
43 99
44 99
45 99
46 99
47 99
48 99
49 99
50 99
51 99
52 99
53 99
54 99
55 99
56 99
57 99
58 99
59 99
60 99
61 99
62 99
63 99
64 99
65 99
66 99
67 99
68 99
69 99
70 99
71 99
72 99
73 99
74 99
75 99
76 99
77 99
78 99
79 99
80 99
81 99
82 99
83 99
84 99
85 99
86 99
87 99
88 99
89 99
90 99
91 99
92 99
93 99
94 99
95 99
96 99
97 99
98 99
100 99#GRAPH NUMBER 24 WITH 165 EDGES
0 98
1 98
2 98
3 98
4 98
5 98
6 98
7 98
8 98
9 98
10 98
11 98
12 98
13 98
14 98
15 98
16 98
17 98
18 98
19 98
20 98
21 98
22 98
23 98
24 98
25 98
26 98
27 98
28 98
29 98
30 98
31 98
32 98
33 98
34 98
35 98
36 98
37 98
38 98
39 98
40 98
41 98
42 98
43 98
44 98
45 98
46 98
47 98
48 98
49 98
50 99
51 99
52 99
53 99
54 99
55 99
56 99
57 99
58 99
59 99
60 99
61 99
62 99
63 99
64 99
65 99
66 99
67 99
68 99
69 99
70 99
71 99
72 99
73 99
74 99
75 99
76 99
77 99
78 99
79 99
80 99
81 99
82 99
83 99
84 99
85 99
86 99
87 99
88 99
89 99
90 99
91 99
92 99
93 99
94 99
95 99
96 99
97 99
98 99
100 99#GRAPH NUMBER 25 WITH 1676 EDGES
0 82
0 98
0 1
0 2
0 4
0 7
0 9
0 11
0 13
0 16
0 20
0 22
0 23
0 29
0 30
0 33
0 34
0 35
0 41
0 43
0 44
0 46
0 47
0 48
0 51
0 54
0 56
0 58
0 60
0 64
0 65
0 66
0 67
0 69
0 72
0 73
0 75
0 77
0 78
0 79
0 81
0 84
0 88
0 90
0 91
0 92
0 97
0 99
3 19
5 19
6 82
8 19
10 82
12 68
14 82
15 68
17 19
18 68
19 68
19 24
19 26
19 28
19 31
19 36
19 37
19 45
19 52
19 61
19 62
19 63
19 70
19 74
19 80
19 86
19 96
21 98
25 82
27 98
32 68
38 68
39 68
40 98
42 68
49 68
50 68
53 68
55 68
57 68
59 68
68 98
68 76
68 83
68 85
68 87
68 89
68 93
68 95
71 98
82 94
100 99#GRAPH NUMBER 0 WITH 1676 EDGES
0 82
0 98
0 1
0 2
0 4
0 7
0 9
0 11
0 13
0 16
0 20
0 22
0 23
0 29
0 30
0 33
0 34
0 35
0 41
0 43
0 44
0 46
0 47
0 48
0 51
0 54
0 56
0 58
0 60
0 64
0 65
0 66
0 67
0 69
0 72
0 73
0 75
0 77
0 78
0 79
0 81
0 84
0 88
0 90
0 91
0 92
0 97
0 99
3 19
5 19
6 82
8 19
10 82
12 68
14 82
15 68
17 19
18 68
19 68
19 24
19 26
19 28
19 31
19 36
19 37
19 45
19 52
19 61
19 62
19 63
19 70
19 74
19 80
19 86
19 96
21 98
25 82
27 98
32 68
38 68
39 68
40 98
42 68
49 68
50 68
53 68
55 68
57 68
59 68
68 98
68 76
68 83
68 85
68 87
68 89
68 93
68 95
71 98
82 94
100 99#GRAPH NUMBER 20 WITH 1696 EDGES
0 31
1 5
2 76
3 5
4 31
5 31
5 76
5 84
5 8
5 9
5 10
5 13
5 14
5 15
5 16
5 18
5 19
5 21
5 22
5 23
5 25
5 27
5 28
5 30
5 32
5 33
5 39
5 40
5 41
5 44
5 47
5 48
5 49
5 50
5 52
5 55
5 56
5 58
5 59
5 61
5 63
5 65
5 67
5 70
5 71
5 74
5 75
5 79
5 81
5 85
5 87
5 88
5 89
5 90
5 92
5 95
5 97
5 98
6 31
7 31
11 31
12 84
17 66
20 31
24 31
26 84
29 66
31 35
31 36
31 37
31 43
31 68
31 82
31 91
31 93
31 99
34 84
38 66
42 66
45 76
46 76
51 66
53 76
54 66
57 66
60 66
62 66
64 84
66 84
66 69
66 72
66 73
66 78
66 80
66 86
76 83
76 96
77 84
84 94
100 99#GRAPH NUMBER 40 WITH 1677 EDGES
0 96
1 5
2 5
3 5
4 28
5 28
5 96
5 8
5 11
5 15
5 16
5 17
5 21
5 23
5 26
5 30
5 41
5 43
5 45
5 49
5 54
5 57
5 58
5 60
5 62
5 65
5 69
5 70
5 71
5 73
5 74
5 76
5 77
5 83
5 84
5 86
5 87
5 90
5 91
5 92
5 98
6 27
7 28
9 27
10 27
12 96
13 96
14 27
18 27
19 96
20 27
22 27
24 27
25 27
27 96
27 34
27 35
27 39
27 44
27 50
27 53
27 55
27 56
27 66
27 68
27 72
27 79
27 82
27 85
27 94
27 95
28 29
28 31
28 32
28 36
28 40
28 42
28 47
28 48
28 51
28 52
28 59
28 61
28 63
28 75
28 78
28 80
28 89
28 93
28 97
28 99
33 96
37 96
38 96
46 96
64 96
67 96
81 96
88 96
100 99#GRAPH NUMBER 60 WITH 1720 EDGES
0 30
1 30
2 30
3 63
4 30
5 30
6 63
7 34
8 53
9 53
10 53
11 34
12 34
13 30
14 34
15 30
16 63
17 34
18 34
19 30
20 30
21 34
22 30
23 53
24 53
25 30
26 34
27 30
28 30
29 30
30 63
30 31
30 32
30 33
30 36
30 39
30 40
30 42
30 43
30 47
30 56
30 57
30 60
30 62
30 64
30 67
30 69
30 71
30 72
30 73
30 76
30 78
30 79
30 81
30 82
30 84
30 87
30 93
30 97
34 53
34 63
34 38
34 41
34 45
34 49
34 51
34 55
34 58
34 59
34 61
34 65
34 66
34 68
34 75
34 77
34 80
34 83
34 85
34 89
34 91
34 94
34 96
34 98
35 53
37 53
44 53
46 53
48 63
50 53
52 53
53 70
53 86
53 88
53 90
53 92
53 95
53 99
54 63
63 74
100 99#GRAPH NUMBER 80 WITH 1701 EDGES
0 59
1 59
2 73
3 73
4 73
5 73
6 73
7 73
8 88
9 59
10 73
11 59
12 59
13 59
14 73
15 59
16 73
17 59
18 73
19 59
20 97
21 73
22 59
23 59
24 97
25 97
26 73
27 73
28 88
29 73
30 59
31 73
32 59
33 59
34 59
35 97
36 97
37 73
38 73
39 73
40 59
41 97
42 59
43 97
44 73
45 88
46 73
47 59
48 88
49 59
50 88
51 97
52 59
53 73
54 59
55 73
56 73
57 88
58 59
59 73
59 88
59 60
59 61
59 63
59 65
59 68
59 69
59 70
59 71
59 75
59 76
59 78
59 79
59 87
59 89
59 96
59 98
59 99
62 73
64 97
66 73
67 73
72 73
73 77
73 83
73 84
73 85
73 90
73 93
73 94
73 95
74 88
80 88
81 88
82 97
86 88
88 97
88 91
88 92
100 99#GRAPH NUMBER 0 WITH 1676 EDGES
0 82
0 98
0 1
0 2
0 4
0 7
0 9
0 11
0 13
0 16
0 20
0 22
0 23
0 29
0 30
0 33
0 34
0 35
0 41
0 43
0 44
0 46
0 47
0 48
0 51
0 54
0 56
0 58
0 60
0 64
0 65
0 66
0 67
0 69
0 72
0 73
0 75
0 77
0 78
0 79
0 81
0 84
0 88
0 90
0 91
0 92
0 97
0 99
3 19
5 19
6 82
8 19
10 82
12 68
14 82
15 68
17 19
18 68
19 68
19 24
19 26
19 28
19 31
19 36
19 37
19 45
19 52
19 61
19 62
19 63
19 70
19 74
19 80
19 86
19 96
21 98
25 82
27 98
32 68
38 68
39 68
40 98
42 68
49 68
50 68
53 68
55 68
57 68
59 68
68 98
68 76
68 83
68 85
68 87
68 89
68 93
68 95
71 98
82 94
100 99#GRAPH NUMBER 20 WITH 1696 EDGES
0 31
1 5
2 76
3 5
4 31
5 31
5 76
5 84
5 8
5 9
5 10
5 13
5 14
5 15
5 16
5 18
5 19
5 21
5 22
5 23
5 25
5 27
5 28
5 30
5 32
5 33
5 39
5 40
5 41
5 44
5 47
5 48
5 49
5 50
5 52
5 55
5 56
5 58
5 59
5 61
5 63
5 65
5 67
5 70
5 71
5 74
5 75
5 79
5 81
5 85
5 87
5 88
5 89
5 90
5 92
5 95
5 97
5 98
6 31
7 31
11 31
12 84
17 66
20 31
24 31
26 84
29 66
31 35
31 36
31 37
31 43
31 68
31 82
31 91
31 93
31 99
34 84
38 66
42 66
45 76
46 76
51 66
53 76
54 66
57 66
60 66
62 66
64 84
66 84
66 69
66 72
66 73
66 78
66 80
66 86
76 83
76 96
77 84
84 94
100 99#GRAPH NUMBER 40 WITH 1677 EDGES
0 96
1 5
2 5
3 5
4 28
5 28
5 96
5 8
5 11
5 15
5 16
5 17
5 21
5 23
5 26
5 30
5 41
5 43
5 45
5 49
5 54
5 57
5 58
5 60
5 62
5 65
5 69
5 70
5 71
5 73
5 74
5 76
5 77
5 83
5 84
5 86
5 87
5 90
5 91
5 92
5 98
6 27
7 28
9 27
10 27
12 96
13 96
14 27
18 27
19 96
20 27
22 27
24 27
25 27
27 96
27 34
27 35
27 39
27 44
27 50
27 53
27 55
27 56
27 66
27 68
27 72
27 79
27 82
27 85
27 94
27 95
28 29
28 31
28 32
28 36
28 40
28 42
28 47
28 48
28 51
28 52
28 59
28 61
28 63
28 75
28 78
28 80
28 89
28 93
28 97
28 99
33 96
37 96
38 96
46 96
64 96
67 96
81 96
88 96
100 99#GRAPH NUMBER 60 WITH 1720 EDGES
0 30
1 30
2 30
3 63
4 30
5 30
6 63
7 34
8 53
9 53
10 53
11 34
12 34
13 30
14 34
15 30
16 63
17 34
18 34
19 30
20 30
21 34
22 30
23 53
24 53
25 30
26 34
27 30
28 30
29 30
30 63
30 31
30 32
30 33
30 36
30 39
30 40
30 42
30 43
30 47
30 56
30 57
30 60
30 62
30 64
30 67
30 69
30 71
30 72
30 73
30 76
30 78
30 79
30 81
30 82
30 84
30 87
30 93
30 97
34 53
34 63
34 38
34 41
34 45
34 49
34 51
34 55
34 58
34 59
34 61
34 65
34 66
34 68
34 75
34 77
34 80
34 83
34 85
34 89
34 91
34 94
34 96
34 98
35 53
37 53
44 53
46 53
48 63
50 53
52 53
53 70
53 86
53 88
53 90
53 92
53 95
53 99
54 63
63 74
100 99#GRAPH NUMBER 80 WITH 1701 EDGES
0 59
1 59
2 73
3 73
4 73
5 73
6 73
7 73
8 88
9 59
10 73
11 59
12 59
13 59
14 73
15 59
16 73
17 59
18 73
19 59
20 97
21 73
22 59
23 59
24 97
25 97
26 73
27 73
28 88
29 73
30 59
31 73
32 59
33 59
34 59
35 97
36 97
37 73
38 73
39 73
40 59
41 97
42 59
43 97
44 73
45 88
46 73
47 59
48 88
49 59
50 88
51 97
52 59
53 73
54 59
55 73
56 73
57 88
58 59
59 73
59 88
59 60
59 61
59 63
59 65
59 68
59 69
59 70
59 71
59 75
59 76
59 78
59 79
59 87
59 89
59 96
59 98
59 99
62 73
64 97
66 73
67 73
72 73
73 77
73 83
73 84
73 85
73 90
73 93
73 94
73 95
74 88
80 88
81 88
82 97
86 88
88 97
88 91
88 92
100 99#GRAPH NUMBER 0 WITH 1676 EDGES
0 82
0 98
0 1
0 2
0 4
0 7
0 9
0 11
0 13
0 16
0 20
0 22
0 23
0 29
0 30
0 33
0 34
0 35
0 41
0 43
0 44
0 46
0 47
0 48
0 51
0 54
0 56
0 58
0 60
0 64
0 65
0 66
0 67
0 69
0 72
0 73
0 75
0 77
0 78
0 79
0 81
0 84
0 88
0 90
0 91
0 92
0 97
0 99
3 19
5 19
6 82
8 19
10 82
12 68
14 82
15 68
17 19
18 68
19 68
19 24
19 26
19 28
19 31
19 36
19 37
19 45
19 52
19 61
19 62
19 63
19 70
19 74
19 80
19 86
19 96
21 98
25 82
27 98
32 68
38 68
39 68
40 98
42 68
49 68
50 68
53 68
55 68
57 68
59 68
68 98
68 76
68 83
68 85
68 87
68 89
68 93
68 95
71 98
82 94
100 99#GRAPH NUMBER 20 WITH 1696 EDGES
0 31
1 5
2 76
3 5
4 31
5 31
5 76
5 84
5 8
5 9
5 10
5 13
5 14
5 15
5 16
5 18
5 19
5 21
5 22
5 23
5 25
5 27
5 28
5 30
5 32
5 33
5 39
5 40
5 41
5 44
5 47
5 48
5 49
5 50
5 52
5 55
5 56
5 58
5 59
5 61
5 63
5 65
5 67
5 70
5 71
5 74
5 75
5 79
5 81
5 85
5 87
5 88
5 89
5 90
5 92
5 95
5 97
5 98
6 31
7 31
11 31
12 84
17 66
20 31
24 31
26 84
29 66
31 35
31 36
31 37
31 43
31 68
31 82
31 91
31 93
31 99
34 84
38 66
42 66
45 76
46 76
51 66
53 76
54 66
57 66
60 66
62 66
64 84
66 84
66 69
66 72
66 73
66 78
66 80
66 86
76 83
76 96
77 84
84 94
100 99#GRAPH NUMBER 40 WITH 1677 EDGES
0 96
1 5
2 5
3 5
4 28
5 28
5 96
5 8
5 11
5 15
5 16
5 17
5 21
5 23
5 26
5 30
5 41
5 43
5 45
5 49
5 54
5 57
5 58
5 60
5 62
5 65
5 69
5 70
5 71
5 73
5 74
5 76
5 77
5 83
5 84
5 86
5 87
5 90
5 91
5 92
5 98
6 27
7 28
9 27
10 27
12 96
13 96
14 27
18 27
19 96
20 27
22 27
24 27
25 27
27 96
27 34
27 35
27 39
27 44
27 50
27 53
27 55
27 56
27 66
27 68
27 72
27 79
27 82
27 85
27 94
27 95
28 29
28 31
28 32
28 36
28 40
28 42
28 47
28 48
28 51
28 52
28 59
28 61
28 63
28 75
28 78
28 80
28 89
28 93
28 97
28 99
33 96
37 96
38 96
46 96
64 96
67 96
81 96
88 96
100 99#GRAPH NUMBER 60 WITH 1720 EDGES
0 30
1 30
2 30
3 63
4 30
5 30
6 63
7 34
8 53
9 53
10 53
11 34
12 34
13 30
14 34
15 30
16 63
17 34
18 34
19 30
20 30
21 34
22 30
23 53
24 53
25 30
26 34
27 30
28 30
29 30
30 63
30 31
30 32
30 33
30 36
30 39
30 40
30 42
30 43
30 47
30 56
30 57
30 60
30 62
30 64
30 67
30 69
30 71
30 72
30 73
30 76
30 78
30 79
30 81
30 82
30 84
30 87
30 93
30 97
34 53
34 63
34 38
34 41
34 45
34 49
34 51
34 55
34 58
34 59
34 61
34 65
34 66
34 68
34 75
34 77
34 80
34 83
34 85
34 89
34 91
34 94
34 96
34 98
35 53
37 53
44 53
46 53
48 63
50 53
52 53
53 70
53 86
53 88
53 90
53 92
53 95
53 99
54 63
63 74
100 99#GRAPH NUMBER 80 WITH 1701 EDGES
0 59
1 59
2 73
3 73
4 73
5 73
6 73
7 73
8 88
9 59
10 73
11 59
12 59
13 59
14 73
15 59
16 73
17 59
18 73
19 59
20 97
21 73
22 59
23 59
24 97
25 97
26 73
27 73
28 88
29 73
30 59
31 73
32 59
33 59
34 59
35 97
36 97
37 73
38 73
39 73
40 59
41 97
42 59
43 97
44 73
45 88
46 73
47 59
48 88
49 59
50 88
51 97
52 59
53 73
54 59
55 73
56 73
57 88
58 59
59 73
59 88
59 60
59 61
59 63
59 65
59 68
59 69
59 70
59 71
59 75
59 76
59 78
59 79
59 87
59 89
59 96
59 98
59 99
62 73
64 97
66 73
67 73
72 73
73 77
73 83
73 84
73 85
73 90
73 93
73 94
73 95
74 88
80 88
81 88
82 97
86 88
88 97
88 91
88 92
100 99#GRAPH NUMBER 100 WITH 1690 EDGES
0 8
1 20
2 20
3 20
4 20
5 41
6 41
7 20
8 20
8 25
8 12
8 15
8 23
8 24
8 26
8 29
8 30
8 31
8 32
8 34
8 39
8 40
8 42
8 45
8 46
8 52
8 63
8 66
8 68
8 74
8 78
8 79
8 84
8 85
8 86
8 93
8 94
8 96
8 97
8 98
9 41
10 20
11 25
13 25
14 20
16 20
17 41
18 20
19 20
20 21
20 22
20 28
20 33
20 37
20 43
20 44
20 48
20 53
20 54
20 55
20 56
20 58
20 59
20 61
20 62
20 64
20 65
20 67
20 69
20 76
20 81
20 82
20 89
20 90
20 92
20 95
20 99
25 41
25 27
25 36
25 38
25 47
25 50
25 71
25 83
25 87
25 88
25 91
35 41
41 49
41 51
41 57
41 60
41 70
41 72
41 73
41 75
41 77
41 80
100 99#GRAPH NUMBER 120 WITH 1684 EDGES
0 24
1 24
2 24
3 52
4 24
5 21
6 24
7 21
8 24
9 34
10 24
11 21
12 21
13 24
14 24
15 52
16 21
17 34
18 24
19 21
20 21
21 52
21 23
21 27
21 30
21 31
21 32
21 33
21 35
21 37
21 38
21 39
21 44
21 45
21 46
21 47
21 48
21 50
21 55
21 56
21 57
21 59
21 60
21 61
21 62
21 63
21 64
21 66
21 67
21 72
21 74
21 78
21 80
21 81
21 82
21 90
21 92
21 93
21 95
21 99
22 34
24 34
24 25
24 36
24 40
24 42
24 51
24 58
24 71
24 73
24 75
24 76
24 79
24 83
24 85
24 86
24 88
24 89
24 98
26 34
28 34
29 34
34 52
34 41
34 43
34 49
34 53
34 54
34 65
34 68
34 69
34 70
34 84
34 87
34 91
34 94
34 96
34 97
52 77
100 99#GRAPH NUMBER 140 WITH 1686 EDGES
0 50
1 50
2 80
3 29
4 50
5 50
6 74
7 50
8 80
9 85
10 50
11 29
12 80
13 80
14 29
15 29
16 29
17 50
18 29
19 29
20 50
21 50
22 29
23 74
24 29
25 50
26 50
27 29
28 29
29 50
29 74
29 85
29 32
29 34
29 41
29 47
29 48
29 49
29 51
29 54
29 55
29 56
29 58
29 59
29 60
29 61
29 62
29 63
29 67
29 68
29 77
29 86
29 88
29 90
29 92
29 93
29 95
29 97
29 99
30 80
31 50
33 50
35 50
36 50
37 74
38 50
39 50
40 74
42 74
43 80
44 50
45 50
46 50
50 53
50 64
50 66
50 71
50 76
50 79
50 82
50 83
50 87
50 91
50 96
50 98
52 74
57 74
65 74
69 74
70 80
72 85
73 85
74 78
74 81
74 94
75 85
80 85
80 89
84 85
100 99#GRAPH NUMBER 160 WITH 1673 EDGES
0 71
1 71
2 5
3 5
4 53
5 53
5 71
5 6
5 12
5 13
5 14
5 16
5 17
5 19
5 20
5 21
5 23
5 27
5 28
5 30
5 34
5 36
5 39
5 41
5 43
5 50
5 54
5 58
5 62
5 63
5 66
5 70
5 74
5 76
5 77
5 78
5 79
5 80
5 82
5 83
5 88
5 89
5 90
5 92
5 98
7 53
8 53
9 71
10 46
11 71
15 46
18 46
22 46
24 46
25 46
26 46
29 71
31 53
32 46
33 46
35 53
37 71
38 46
40 46
42 71
44 71
45 53
46 71
46 47
46 48
46 51
46 57
46 61
46 67
46 68
46 72
46 75
46 84
46 86
46 87
49 71
52 71
53 55
53 64
53 65
53 81
53 85
53 95
53 96
53 97
56 71
59 71
60 71
69 71
71 73
71 91
71 93
71 94
71 99
100 99#GRAPH NUMBER 180 WITH 1705 EDGES
0 17
1 17
2 17
3 17
4 17
5 35
6 17
7 36
8 17
9 90
10 35
11 17
12 17
13 35
14 17
15 17
16 36
17 35
17 36
17 21
17 26
17 29
17 32
17 39
17 41
17 42
17 43
17 45
17 46
17 47
17 49
17 53
17 54
17 57
17 59
17 60
17 61
17 62
17 63
17 64
17 65
17 66
17 67
17 69
17 71
17 75
17 76
17 78
17 79
17 83
17 88
17 91
17 95
17 98
18 35
19 90
20 35
22 35
23 90
24 90
25 35
27 90
28 90
30 35
31 36
33 35
34 90
35 37
35 38
35 48
35 52
35 58
35 68
35 70
35 72
35 73
35 77
35 80
35 81
35 84
35 85
35 86
36 90
36 40
36 50
36 51
36 94
36 97
36 99
44 90
55 90
56 90
74 90
82 90
87 90
89 90
90 92
90 93
90 96
100 99#GRAPH NUMBER 200 WITH 1721 EDGES
0 66
1 74
2 66
3 79
4 74
5 74
6 74
7 66
8 66
9 87
10 74
11 66
12 66
13 66
14 66
15 66
16 74
17 74
18 66
19 66
20 79
21 79
22 87
23 66
24 79
25 66
26 74
27 66
28 66
29 66
30 66
31 74
32 66
33 66
34 79
35 66
36 74
37 79
38 74
39 66
40 87
41 66
42 66
43 66
44 66
45 66
46 66
47 66
48 87
49 87
50 74
51 66
52 66
53 79
54 74
55 66
56 66
57 79
58 74
59 74
60 74
61 79
62 74
63 66
64 66
65 66
66 74
66 79
66 67
66 69
66 70
66 71
66 73
66 75
66 77
66 80
66 82
66 85
66 86
66 88
66 90
66 94
66 95
66 97
66 99
68 74
72 79
74 87
74 78
74 83
74 84
74 89
74 91
74 93
74 96
74 98
76 79
79 81
79 92
100 99#GRAPH NUMBER 220 WITH 1682 EDGES
0 15
1 37
2 20
3 20
4 15
5 15
6 20
7 20
8 15
9 37
10 20
11 20
12 15
13 15
14 73
15 20
15 73
15 17
15 19
15 22
15 23
15 28
15 30
15 31
15 33
15 34
15 36
15 40
15 41
15 42
15 45
15 48
15 49
15 51
15 52
15 57
15 58
15 59
15 63
15 64
15 66
15 67
15 69
15 70
15 71
15 72
15 77
15 78
15 79
15 80
15 81
15 82
15 84
15 87
15 89
15 90
15 91
15 92
15 95
15 97
15 98
15 99
16 73
18 37
20 37
20 24
20 25
20 26
20 27
20 29
20 35
20 38
20 39
20 44
20 46
20 47
20 53
20 55
20 56
20 61
20 62
20 65
20 75
20 76
20 83
20 94
21 73
32 37
37 50
37 60
37 74
37 85
37 86
43 73
54 73
68 73
73 88
73 93
73 96
100 99#GRAPH NUMBER 240 WITH 1703 EDGES
0 19
1 19
2 19
3 19
4 27
5 19
6 27
7 27
8 80
9 44
10 19
11 19
12 19
13 80
14 19
15 27
16 27
17 19
18 19
19 27
19 44
19 20
19 21
19 22
19 30
19 31
19 32
19 33
19 35
19 36
19 37
19 40
19 42
19 45
19 47
19 48
19 50
19 53
19 56
19 60
19 61
19 62
19 69
19 70
19 71
19 72
19 74
19 75
19 77
19 78
19 79
19 81
19 82
19 83
19 84
19 88
19 89
19 90
19 91
19 93
19 95
19 98
19 99
23 27
24 44
25 80
26 44
27 29
27 39
27 41
27 43
27 49
27 51
27 52
27 54
27 55
27 59
27 65
27 66
27 67
27 73
27 85
27 86
27 92
27 94
27 96
28 80
34 44
38 44
44 80
44 46
44 57
44 58
44 64
44 68
63 80
76 80
80 87
80 97
100 99#GRAPH NUMBER 260 WITH 1742 EDGES
0 56
1 38
2 13
3 25
4 13
5 13
6 13
7 25
8 13
9 25
10 38
11 25
12 13
13 25
13 30
13 15
13 16
13 18
13 19
13 22
13 26
13 28
13 31
13 34
13 35
13 42
13 44
13 46
13 50
13 51
13 55
13 57
13 60
13 62
13 63
13 65
13 67
13 70
13 72
13 73
13 76
13 79
13 83
13 84
13 85
13 86
13 87
13 90
13 91
13 93
13 94
13 97
13 99
14 38
17 38
20 30
21 30
23 25
24 25
25 56
25 27
25 29
25 36
25 40
25 41
25 43
25 47
25 48
25 49
25 53
25 54
25 58
25 61
25 68
25 74
25 78
25 80
25 81
25 82
25 88
25 92
25 95
25 96
25 98
30 32
30 33
30 39
30 45
30 59
30 64
37 56
38 56
38 66
38 71
38 75
38 77
52 56
56 69
56 89
100 99#GRAPH NUMBER 280 WITH 1681 EDGES
0 1
1 21
1 31
1 2
1 3
1 5
1 6
1 8
1 15
1 16
1 17
1 20
1 23
1 25
1 26
1 27
1 29
1 32
1 34
1 35
1 36
1 38
1 40
1 42
1 43
1 44
1 48
1 49
1 53
1 55
1 56
1 59
1 60
1 62
1 63
1 65
1 67
1 68
1 73
1 75
1 77
1 79
1 80
1 81
1 82
1 84
1 86
1 87
1 88
1 90
1 91
1 95
1 96
1 97
4 31
7 76
9 21
10 31
11 76
12 31
13 31
14 31
18 21
19 76
21 30
21 37
21 52
21 54
21 57
21 66
21 70
21 72
21 78
21 85
21 92
21 93
21 98
21 99
22 31
24 76
28 31
31 76
31 33
31 41
31 46
31 51
31 58
31 61
31 69
31 74
31 89
31 94
39 76
45 76
47 76
50 76
64 76
71 76
76 83
100 99#GRAPH NUMBER 300 WITH 1714 EDGES
0 4
0 2
0 3
0 5
0 7
0 9
0 12
0 13
0 14
0 19
0 21
0 22
0 23
0 37
0 39
0 41
0 44
0 47
0 50
0 58
0 60
0 62
0 67
0 69
0 71
0 72
0 75
0 79
0 81
0 82
0 85
0 91
1 17
4 18
4 34
4 6
4 10
4 11
4 16
4 24
4 25
4 29
4 31
4 33
4 36
4 40
4 45
4 46
4 48
4 49
4 53
4 55
4 57
4 59
4 64
4 65
4 68
4 74
4 77
4 83
4 84
4 86
4 87
4 88
4 89
4 90
4 92
4 94
4 95
4 99
8 17
15 17
17 34
17 20
17 26
17 27
17 30
17 32
17 35
17 43
17 51
17 54
17 61
17 66
17 76
17 78
17 93
17 97
17 98
18 28
18 42
18 52
18 70
18 80
18 96
34 38
34 56
34 63
34 73
100 99#GRAPH NUMBER 320 WITH 1700 EDGES
0 80
0 1
0 3
0 5
0 6
0 8
0 9
0 10
0 11
0 15
0 18
0 21
0 22
0 23
0 24
0 25
0 27
0 29
0 32
0 33
0 38
0 41
0 43
0 44
0 45
0 47
0 49
0 50
0 51
0 52
0 53
0 56
0 58
0 62
0 64
0 68
0 78
0 88
0 97
0 98
0 99
2 17
4 17
7 17
12 17
13 31
14 94
16 17
17 80
17 19
17 20
17 26
17 30
17 35
17 37
17 46
17 48
17 54
17 55
17 63
17 67
17 70
17 73
17 75
17 76
17 77
17 81
17 84
17 85
17 89
17 90
17 91
17 92
17 95
28 31
31 80
31 94
31 42
31 61
31 66
31 71
31 74
31 79
31 86
34 94
36 94
39 94
40 80
57 80
59 94
60 94
65 80
69 80
72 80
80 83
80 87
82 94
93 94
94 96
100 99#GRAPH NUMBER 340 WITH 1698 EDGES
0 32
1 32
2 32
3 74
4 43
5 43
6 74
7 44
8 43
9 32
10 43
11 74
12 32
13 32
14 32
15 32
16 43
17 43
18 44
19 32
20 80
21 32
22 44
23 32
24 43
25 32
26 43
27 32
28 44
29 43
30 43
31 44
32 44
32 74
32 80
32 37
32 40
32 42
32 47
32 48
32 49
32 50
32 51
32 54
32 57
32 58
32 65
32 66
32 69
32 70
32 73
32 76
32 77
32 89
32 90
32 95
32 96
32 98
33 43
34 44
35 43
36 44
38 44
39 44
41 43
43 80
43 53
43 56
43 59
43 61
43 62
43 67
43 71
43 78
43 79
43 81
43 83
43 84
43 85
43 93
43 97
44 45
44 52
44 55
44 75
44 86
44 88
44 91
46 74
60 74
63 74
64 74
68 74
72 74
74 82
74 87
74 92
74 94
74 99
100 99#GRAPH NUMBER 360 WITH 1710 EDGES
0 25
0 1
0 2
0 6
0 8
0 12
0 16
0 17
0 18
0 19
0 20
0 22
0 23
0 24
0 26
0 27
0 28
0 29
0 30
0 34
0 37
0 40
0 42
0 43
0 44
0 45
0 48
0 49
0 51
0 55
0 56
0 61
0 67
0 71
0 73
0 76
0 77
0 82
0 83
0 88
0 90
0 99
3 78
4 25
5 84
7 84
7 14
7 21
7 39
7 46
7 47
7 50
7 52
7 58
7 60
7 62
7 63
7 68
7 70
7 79
7 80
7 86
7 91
7 92
7 96
7 97
9 84
10 78
11 25
13 84
15 84
25 84
25 31
25 41
25 54
25 57
25 66
25 72
25 81
25 85
25 87
25 89
25 93
25 94
32 84
33 78
35 78
36 78
38 78
53 78
59 78
64 84
65 78
69 78
74 78
75 78
78 84
78 95
84 98
100 99#GRAPH NUMBER 380 WITH 1722 EDGES
0 76
0 98
0 1
0 2
0 4
0 7
0 9
0 12
0 14
0 15
0 19
0 20
0 25
0 26
0 33
0 37
0 44
0 47
0 48
0 49
0 51
0 52
0 57
0 60
0 61
0 66
0 75
0 77
0 80
0 84
0 87
0 92
0 96
0 97
3 90
5 39
6 76
8 39
10 39
11 90
13 76
16 39
17 39
18 39
21 76
22 98
23 39
24 39
27 90
28 76
29 39
30 39
31 76
32 76
34 90
35 90
36 90
38 39
39 98
39 40
39 43
39 45
39 50
39 53
39 54
39 55
39 59
39 62
39 63
39 65
39 71
39 73
39 74
39 78
39 81
39 85
39 86
39 89
39 99
41 98
42 76
46 76
56 76
58 76
64 76
67 98
68 90
69 76
70 98
72 90
76 79
76 83
76 91
76 93
76 94
76 95
82 98
88 90
90 98
13 12#GRAPH NUMBER 400 WITH 27 EDGES
0 1
1 5
1 2
1 7
1 8
3 5
4 6
5 6
6 9
6 10
6 11
6 12
20 19#GRAPH NUMBER 401 WITH 21 EDGES
0 4
0 1
0 18
2 19
2 11
3 16
3 10
3 13
4 7
5 16
6 9
7 9
7 19
7 17
8 15
9 15
9 14
12 15
16 19
2 1#GRAPH NUMBER 402 WITH 1 EDGES
0 1
100 99#GRAPH NUMBER 403 WITH 99 EDGES
0 99
1 99
2 99
3 99
4 99
5 99
6 99
7 99
8 99
9 99
10 99
11 99
12 99
13 99
14 99
15 99
16 99
17 99
18 99
19 99
20 99
21 99
22 99
23 99
24 99
25 99
26 99
27 99
28 99
29 99
30 99
31 99
32 99
33 99
34 99
35 99
36 99
37 99
38 99
39 99
40 99
41 99
42 99
43 99
44 99
45 99
46 99
47 99
48 99
49 99
50 99
51 99
52 99
53 99
54 99
55 99
56 99
57 99
58 99
59 99
60 99
61 99
62 99
63 99
64 99
65 99
66 99
67 99
68 99
69 99
70 99
71 99
72 99
73 99
74 99
75 99
76 99
77 99
78 99
79 99
80 99
81 99
82 99
83 99
84 99
85 99
86 99
87 99
88 99
89 99
90 99
91 99
92 99
93 99
94 99
95 99
96 99
97 99
98 99
100 99#GRAPH NUMBER 404 WITH 165 EDGES
0 98
1 98
2 98
3 98
4 98
5 98
6 98
7 98
8 98
9 98
10 98
11 98
12 98
13 98
14 98
15 98
16 98
17 98
18 98
19 98
20 98
21 98
22 98
23 98
24 98
25 98
26 98
27 98
28 98
29 98
30 98
31 98
32 98
33 98
34 98
35 98
36 98
37 98
38 98
39 98
40 98
41 98
42 98
43 98
44 98
45 98
46 98
47 98
48 98
49 98
50 99
51 99
52 99
53 99
54 99
55 99
56 99
57 99
58 99
59 99
60 99
61 99
62 99
63 99
64 99
65 99
66 99
67 99
68 99
69 99
70 99
71 99
72 99
73 99
74 99
75 99
76 99
77 99
78 99
79 99
80 99
81 99
82 99
83 99
84 99
85 99
86 99
87 99
88 99
89 99
90 99
91 99
92 99
93 99
94 99
95 99
96 99
97 99
98 99
100 99#GRAPH NUMBER 405 WITH 2000 EDGES
0 72
1 39
2 39
3 95
4 39
5 95
6 81
7 72
8 72
9 81
10 72
11 81
12 39
13 95
14 72
15 39
16 39
17 72
18 39
19 95
20 72
21 72
22 39
23 72
24 39
25 72
26 39
27 95
28 39
29 39
30 81
31 39
32 72
33 72
34 72
35 39
36 39
37 39
38 72
39 72
39 42
39 45
39 46
39 47
39 48
39 50
39 52
39 53
39 56
39 57
39 58
39 60
39 64
39 69
39 71
39 73
39 74
39 78
39 79
39 86
39 89
39 91
39 92
39 93
39 94
39 97
39 99
40 81
41 72
43 95
44 72
49 72
51 72
54 95
55 72
59 81
61 95
62 72
63 72
65 72
66 72
67 81
68 95
70 72
72 95
72 75
72 76
72 80
72 82
72 83
72 84
72 85
72 87
72 96
77 81
81 95
81 88
81 90
81 98
100 99#GRAPH NUMBER 406 WITH 350 EDGES
0 52
1 24
2 24
3 13
3 33
3 41
3 43
3 45
3 52
3 85
3 30
3 70
3 89
4 52
5 33
6 41
7 86
8 36
9 36
10 43
11 23
11 37
11 24
11 86
11 39
11 50
11 55
12 13
13 26
13 27
13 46
13 53
13 58
13 94
14 86
15 37
16 86
17 37
18 37
19 21
20 72
21 36
21 45
21 61
21 42
21 51
21 60
21 65
22 37
23 43
23 84
24 72
24 38
24 68
24 79
24 90
25 61
28 36
29 85
31 33
32 72
33 44
33 49
33 77
33 91
33 98
34 85
35 52
37 40
37 67
37 93
41 47
41 71
41 78
41 87
41 92
43 56
43 99
45 69
45 75
48 85
54 61
57 96
59 85
61 62
61 63
61 95
64 86
66 86
72 73
72 81
72 88
74 96
76 85
80 86
82 85
83 86
85 96
85 97
100 99#GRAPH NUMBER 407 WITH 342 EDGES
0 19
0 22
0 37
0 47
0 61
1 51
2 39
3 65
4 66
5 40
6 40
7 40
8 29
9 51
10 57
11 31
12 65
13 51
14 39
15 56
16 60
17 60
18 43
19 43
19 48
19 57
19 49
19 62
19 77
19 89
19 91
20 31
20 43
20 79
20 56
20 41
20 58
20 68
20 73
20 92
21 53
23 48
24 60
25 48
26 65
27 29
28 48
29 56
29 40
29 44
29 90
29 94
29 98
30 57
31 53
31 45
31 72
31 82
32 56
33 53
34 60
35 79
35 65
35 42
35 71
35 84
35 95
36 66
38 66
39 48
39 51
39 66
39 55
39 74
39 75
40 64
43 60
43 81
46 79
48 87
50 51
51 67
51 69
51 93
51 96
52 65
53 59
53 63
54 56
56 70
56 76
56 83
56 86
56 97
57 80
57 99
60 88
66 78
79 85
100 99#GRAPH NUMBER 408 WITH 339 EDGES
0 21
1 21
2 19
3 42
4 19
5 44
6 21
7 69
8 43
9 31
9 42
9 57
9 78
9 21
9 30
10 42
10 44
10 97
10 36
10 63
10 95
10 98
11 69
12 57
13 14
14 31
14 54
14 66
14 67
15 43
16 19
17 23
18 57
19 31
19 69
19 93
20 57
21 32
21 71
22 96
23 60
23 78
24 97
25 44
26 60
27 97
28 42
29 51
31 96
31 70
31 75
33 65
34 51
35 44
37 51
38 65
39 57
40 42
41 69
42 52
42 76
43 51
43 97
43 49
43 50
43 59
43 92
44 58
44 61
44 79
44 91
44 94
45 97
46 78
47 96
48 51
53 60
55 69
56 65
57 65
57 73
60 72
60 86
60 99
62 78
64 97
65 81
68 69
74 78
77 97
78 80
78 84
78 89
82 97
83 96
85 96
87 96
88 97
90 96
100 99#GRAPH NUMBER 409 WITH 343 EDGES
0 22
1 42
2 77
3 95
4 76
5 42
6 82
7 52
8 86
9 74
10 13
10 52
10 54
10 75
10 77
10 56
10 78
10 91
11 95
12 42
13 26
13 38
13 74
13 86
13 15
13 49
13 68
14 95
16 77
17 95
18 95
19 38
19 76
19 36
19 67
19 98
20 75
21 89
22 42
22 54
22 27
22 63
22 71
22 79
22 97
23 89
24 86
25 86
26 89
26 29
26 35
26 41
26 43
26 64
26 94
28 42
30 77
31 90
32 38
33 89
34 76
37 74
38 39
38 53
38 66
38 70
38 99
40 42
42 59
42 83
44 74
45 76
46 52
47 75
48 75
50 75
51 76
52 80
54 95
54 58
55 77
57 77
60 95
61 75
62 75
65 77
69 74
72 82
73 82
74 87
76 81
76 84
76 93
82 90
82 92
85 89
86 96
88 89
90 95
100 99#GRAPH NUMBER 410 WITH 352 EDGES
0 87
1 37
1 44
1 23
1 24
1 27
1 39
2 97
3 36
3 49
3 74
3 12
3 60
4 28
5 37
6 99
7 33
8 44
9 42
10 37
11 99
11 37
11 74
11 97
13 59
14 49
15 77
16 28
17 28
17 33
17 44
17 47
17 55
17 86
17 88
18 44
19 42
20 49
21 59
22 74
25 99
26 42
28 79
28 54
28 72
29 37
30 49
31 33
32 49
33 77
33 43
33 46
33 66
33 96
34 44
35 74
36 59
36 87
36 80
36 93
37 42
37 64
37 69
37 71
37 89
38 44
40 77
41 79
42 57
42 63
42 82
44 75
44 83
45 77
48 79
49 68
49 70
50 99
51 97
52 97
53 59
56 97
58 79
59 73
59 90
61 79
62 79
65 99
67 77
74 98
76 87
78 97
79 81
79 85
79 92
79 95
84 99
91 99
94 97
100 99#GRAPH NUMBER 411 WITH 358 EDGES
0 83
1 37
2 69
3 33
4 29
5 69
6 19
7 41
8 83
9 62
10 18
10 69
10 22
10 26
10 30
10 60
10 73
10 88
11 28
12 19
13 69
14 33
15 33
16 41
17 63
18 28
18 98
18 19
18 35
18 53
18 55
19 40
19 41
19 56
19 63
19 32
19 64
20 83
21 28
23 41
24 56
25 33
27 57
28 38
28 61
29 37
29 44
31 37
33 40
33 47
33 68
33 72
33 95
34 83
36 63
37 84
39 40
39 62
39 48
39 59
39 74
40 83
40 79
40 81
41 43
41 66
41 90
41 99
42 57
44 98
44 46
44 49
44 50
44 51
44 52
44 67
44 70
44 91
45 56
54 56
56 78
56 94
57 98
57 80
57 89
57 92
58 63
62 86
63 76
63 77
63 82
63 96
65 83
69 87
69 97
71 83
75 83
83 93
85 98
100 99#GRAPH NUMBER 412 WITH 347 EDGES
0 27
0 32
0 37
0 62
0 7
0 24
0 38
1 43
2 43
3 28
4 86
5 26
6 43
8 32
9 37
10 76
11 63
12 26
13 62
14 62
15 58
16 34
17 27
18 28
19 28
20 25
21 40
22 26
23 33
23 40
23 76
23 26
23 37
23 43
23 72
25 28
25 32
25 34
25 58
25 49
25 50
25 61
25 99
26 86
26 31
26 45
27 39
27 54
27 57
27 66
27 89
27 94
28 36
29 78
30 32
32 41
32 68
32 83
33 44
33 51
33 59
33 82
34 46
34 70
34 71
34 73
34 74
34 92
34 98
35 76
37 78
37 52
37 67
37 69
40 63
40 42
40 53
40 90
40 93
43 80
43 84
43 95
47 76
48 76
55 58
56 58
58 60
62 65
62 91
62 97
63 79
64 76
75 78
76 85
76 87
76 88
76 96
77 86
81 86
100 99#GRAPH NUMBER 413 WITH 345 EDGES
0 13
1 38
2 52
3 94
4 88
5 94
6 64
7 75
8 32
9 10
9 13
9 19
9 52
9 94
9 51
9 79
9 89
10 32
10 38
10 64
10 96
10 12
10 14
10 54
10 65
11 32
13 21
13 50
13 57
13 84
15 64
16 45
17 96
18 36
19 46
19 29
19 35
19 58
19 66
20 83
22 83
23 32
24 70
25 70
26 75
27 94
28 70
30 83
31 88
32 37
32 42
32 69
32 90
32 91
33 96
34 83
36 52
36 47
36 86
36 93
38 77
38 43
38 55
38 60
39 88
40 46
41 83
44 96
45 77
45 83
45 82
46 53
46 61
46 68
46 73
46 87
48 83
49 96
52 75
52 88
56 88
59 75
62 77
63 75
64 70
64 97
64 98
67 94
70 72
70 81
71 94
74 94
75 76
78 83
80 83
85 88
92 94
94 95
96 99
100 99#GRAPH NUMBER 0 WITH 99 EDGES
0 99
1 99
2 99
3 99
4 99
5 99
6 99
7 99
8 99
9 99
10 99
11 99
12 99
13 99
14 99
15 99
16 99
17 99
18 99
19 99
20 99
21 99
22 99
23 99
24 99
25 99
26 99
27 99
28 99
29 99
30 99
31 99
32 99
33 99
34 99
35 99
36 99
37 99
38 99
39 99
40 99
41 99
42 99
43 99
44 99
45 99
46 99
47 99
48 99
49 99
50 99
51 99
52 99
53 99
54 99
55 99
56 99
57 99
58 99
59 99
60 99
61 99
62 99
63 99
64 99
65 99
66 99
67 99
68 99
69 99
70 99
71 99
72 99
73 99
74 99
75 99
76 99
77 99
78 99
79 99
80 99
81 99
82 99
83 99
84 99
85 99
86 99
87 99
88 99
89 99
90 99
91 99
92 99
93 99
94 99
95 99
96 99
97 99
98 99
100 99#GRAPH NUMBER 1 WITH 165 EDGES
0 98
1 98
2 98
3 98
4 98
5 98
6 98
7 98
8 98
9 98
10 98
11 98
12 98
13 98
14 98
15 98
16 98
17 98
18 98
19 98
20 98
21 98
22 98
23 98
24 98
25 98
26 98
27 98
28 98
29 98
30 98
31 98
32 98
33 98
34 98
35 98
36 98
37 98
38 98
39 98
40 98
41 98
42 98
43 98
44 98
45 98
46 98
47 98
48 98
49 98
50 99
51 99
52 99
53 99
54 99
55 99
56 99
57 99
58 99
59 99
60 99
61 99
62 99
63 99
64 99
65 99
66 99
67 99
68 99
69 99
70 99
71 99
72 99
73 99
74 99
75 99
76 99
77 99
78 99
79 99
80 99
81 99
82 99
83 99
84 99
85 99
86 99
87 99
88 99
89 99
90 99
91 99
92 99
93 99
94 99
95 99
96 99
97 99
98 99
100 99#GRAPH NUMBER 2 WITH 2000 EDGES
0 72
1 39
2 39
3 95
4 39
5 95
6 81
7 72
8 72
9 81
10 72
11 81
12 39
13 95
14 72
15 39
16 39
17 72
18 39
19 95
20 72
21 72
22 39
23 72
24 39
25 72
26 39
27 95
28 39
29 39
30 81
31 39
32 72
33 72
34 72
35 39
36 39
37 39
38 72
39 72
39 42
39 45
39 46
39 47
39 48
39 50
39 52
39 53
39 56
39 57
39 58
39 60
39 64
39 69
39 71
39 73
39 74
39 78
39 79
39 86
39 89
39 91
39 92
39 93
39 94
39 97
39 99
40 81
41 72
43 95
44 72
49 72
51 72
54 95
55 72
59 81
61 95
62 72
63 72
65 72
66 72
67 81
68 95
70 72
72 95
72 75
72 76
72 80
72 82
72 83
72 84
72 85
72 87
72 96
77 81
81 95
81 88
81 90
81 98
100 99#GRAPH NUMBER 3 WITH 350 EDGES
0 52
1 24
2 24
3 13
3 33
3 41
3 43
3 45
3 52
3 85
3 30
3 70
3 89
4 52
5 33
6 41
7 86
8 36
9 36
10 43
11 23
11 37
11 24
11 86
11 39
11 50
11 55
12 13
13 26
13 27
13 46
13 53
13 58
13 94
14 86
15 37
16 86
17 37
18 37
19 21
20 72
21 36
21 45
21 61
21 42
21 51
21 60
21 65
22 37
23 43
23 84
24 72
24 38
24 68
24 79
24 90
25 61
28 36
29 85
31 33
32 72
33 44
33 49
33 77
33 91
33 98
34 85
35 52
37 40
37 67
37 93
41 47
41 71
41 78
41 87
41 92
43 56
43 99
45 69
45 75
48 85
54 61
57 96
59 85
61 62
61 63
61 95
64 86
66 86
72 73
72 81
72 88
74 96
76 85
80 86
82 85
83 86
85 96
85 97
100 99#GRAPH NUMBER 0 WITH 345 EDGES
0 13
1 38
2 52
3 94
4 88
5 94
6 64
7 75
8 32
9 10
9 13
9 19
9 52
9 94
9 51
9 79
9 89
10 32
10 38
10 64
10 96
10 12
10 14
10 54
10 65
11 32
13 21
13 50
13 57
13 84
15 64
16 45
17 96
18 36
19 46
19 29
19 35
19 58
19 66
20 83
22 83
23 32
24 70
25 70
26 75
27 94
28 70
30 83
31 88
32 37
32 42
32 69
32 90
32 91
33 96
34 83
36 52
36 47
36 86
36 93
38 77
38 43
38 55
38 60
39 88
40 46
41 83
44 96
45 77
45 83
45 82
46 53
46 61
46 68
46 73
46 87
48 83
49 96
52 75
52 88
56 88
59 75
62 77
63 75
64 70
64 97
64 98
67 94
70 72
70 81
71 94
74 94
75 76
78 83
80 83
85 88
92 94
94 95
96 99
