123
100 99 
0 28
28 24
28 39
28 50
28 95
1 7
7 60
7 16
7 43
7 64
7 66
7 75
7 85
7 87
7 88
7 98
2 46
46 11
46 17
46 47
46 69
3 11
11 55
11 86
11 33
11 40
11 94
4 5
5 58
5 60
5 18
5 42
5 78
5 83
5 97
58 20
58 34
58 65
60 23
60 32
60 56
60 74
60 84
60 96
6 25
25 10
25 99
25 54
8 44
44 15
44 29
44 90
44 67
9 90
9 21
9 59
9 71
90 52
90 55
55 37
55 68
55 73
86 26
86 48
86 99
12 35
35 53
35 56
13 53
13 99
13 14
13 41
13 63
53 36
53 77
53 62
53 91
99 39
99 92
99 93
19 56
56 49
56 61
56 80
56 82
22 93
93 31
93 57
93 89
27 39
39 30
39 38
30 51
30 76
30 79
45 74
74 81
77 70
77 72
76 75 
0 66
66 7
66 18
66 19
66 29
66 48
66 49
66 53
1 33
33 8
33 9
33 21
33 24
33 25
33 48
33 36
33 38
33 59
33 60
33 69
33 74
2 8
8 14
8 68
8 51
8 58
3 49
49 28
49 32
4 50
4 5
4 10
4 43
4 55
4 62
4 72
50 17
50 20
50 25
6 41
41 15
41 16
41 70
41 52
14 54
14 70
14 37
14 46
14 61
14 73
68 11
68 57
68 67
12 48
48 30
13 25
25 42
25 35
25 47
54 22
54 34
70 65
23 42
42 27
42 40
42 63
42 64
26 63
63 39
63 45
63 71
31 65
65 44
65 56
65 75
93 92 
0 38
0 3
0 18
0 44
0 56
0 62
0 74
0 87
38 15
38 64
1 15
15 7
15 17
15 22
15 28
15 34
15 60
15 91
2 19
19 4
19 21
19 23
19 40
19 75
5 51
51 12
51 30
51 54
51 72
6 35
35 12
35 33
35 36
35 66
35 70
35 81
35 85
7 68
7 25
7 27
7 39
7 41
7 77
68 37
68 49
68 50
68 57
68 79
8 21
21 29
21 47
9 50
50 12
50 14
50 29
50 45
50 65
50 58
10 86
86 20
86 32
86 37
86 59
86 71
86 73
11 37
37 16
37 48
37 67
37 69
37 83
37 92
12 13
12 43
12 46
12 53
12 80
12 89
29 31
29 42
29 90
47 55
47 63
47 76
47 82
24 32
32 52
32 61
26 65
65 78
65 84
65 88
86 85 
0 40
40 9
40 44
40 79
40 84
40 51
40 65
1 13
1 54
1 76
1 6
1 18
1 28
1 42
1 48
13 11
13 15
13 35
54 20
54 30
54 38
54 43
54 52
54 77
76 36
76 62
2 26
2 39
2 23
2 31
2 55
2 60
2 63
2 64
26 5
26 10
26 16
26 19
26 24
39 25
39 29
39 61
39 68
3 79
79 19
79 56
4 24
24 14
24 22
24 45
24 47
24 83
7 27
27 43
27 74
27 66
8 44
44 32
44 81
44 50
10 46
10 59
10 69
10 75
12 57
57 17
57 37
57 74
57 72
19 41
19 58
19 71
19 73
19 82
19 85
21 74
74 49
74 53
74 84
43 34
33 81
81 67
81 78
84 70
84 80
98 97 
0 57
0 88
0 54
0 66
57 13
57 33
57 82
57 80
57 86
88 35
88 62
13 19
13 27
13 44
13 63
13 68
13 69
82 38
82 93
82 96
35 45
35 61
35 71
35 94
1 20
1 39
1 64
1 95
20 10
20 51
20 58
20 89
10 56
10 21
10 31
10 42
10 78
2 67
67 36
67 50
67 77
67 83
77 4
77 25
77 47
77 85
83 15
83 48
83 65
3 53
53 41
53 47
53 75
47 72
47 32
47 60
47 52
75 70
75 73
75 46
75 81
5 70
70 16
70 56
70 84
56 28
56 55
6 12
12 73
73 8
73 34
73 37
7 15
15 14
15 43
15 91
15 92
9 72
9 18
9 29
9 59
72 23
72 30
72 45
72 97
45 26
45 22
45 74
11 26
26 17
26 49
26 76
24 87
87 60
87 79
87 90
60 40
89 88 
0 84
0 45
0 62
0 86
84 20
84 35
84 82
1 12
12 56
12 57
12 70
12 76
2 20
20 5
20 21
20 48
20 64
3 67
67 30
67 38
67 83
67 74
4 16
16 9
16 39
16 57
16 75
16 23
16 43
16 51
6 35
6 57
6 81
6 29
6 31
6 40
6 80
35 66
35 73
57 19
57 58
57 79
57 88
81 30
81 33
81 49
81 65
7 39
39 26
8 75
75 28
75 68
9 14
9 53
9 54
10 18
10 22
10 71
18 82
18 27
11 82
56 42
56 44
56 46
56 61
56 77
13 30
30 36
30 55
15 63
63 34
63 59
63 69
17 83
24 65
65 50
65 87
25 69
69 60
69 61
36 32
36 37
36 72
36 78
36 85
41 61
61 47
61 52
91 90 
0 26
26 15
26 23
26 25
26 46
26 63
26 33
26 56
26 81
26 84
1 83
83 19
83 22
83 28
83 30
83 39
83 41
83 50
83 65
83 70
83 89
2 14
14 12
14 50
14 16
14 17
14 24
14 34
14 35
14 75
14 77
14 88
3 50
50 5
50 11
50 27
50 46
50 61
50 68
50 72
50 82
4 54
54 21
54 31
54 42
54 45
54 63
54 55
54 60
54 62
54 66
54 80
6 63
63 7
63 13
63 18
63 53
63 58
63 74
63 78
63 85
8 51
51 10
51 29
51 46
51 52
51 57
51 67
51 71
51 73
51 76
51 90
9 53
53 32
53 37
53 38
53 49
53 59
53 64
53 79
53 86
53 87
20 46
46 36
46 40
46 43
46 44
46 47
46 48
46 69
88 87 
0 82
82 12
82 16
82 24
82 40
82 43
82 61
82 85
1 48
1 61
1 39
1 47
1 55
1 58
1 64
1 70
1 83
48 3
48 19
48 59
48 50
48 54
48 62
48 75
48 86
61 5
61 29
61 30
61 44
61 49
61 66
61 72
2 37
37 7
37 20
37 26
37 57
37 65
37 79
37 87
4 59
4 77
4 8
4 9
4 13
4 15
4 22
4 32
4 38
59 17
59 25
59 35
59 46
59 51
59 69
59 84
77 6
77 11
77 45
77 52
77 67
77 68
77 71
77 78
7 76
7 18
7 27
7 31
7 41
7 53
7 60
7 81
76 10
76 14
76 21
76 33
76 34
76 74
76 78
76 80
23 78
78 28
78 36
78 42
78 56
78 63
78 73
82 81 
0 60
60 9
60 25
60 29
60 30
60 52
60 53
60 59
60 67
1 57
57 3
57 5
57 10
57 31
57 34
57 38
57 39
57 55
57 62
57 78
2 70
70 6
70 12
70 15
70 19
70 23
70 55
70 58
70 66
70 73
4 41
41 14
41 16
41 18
41 21
41 24
41 37
41 59
41 44
41 63
41 69
7 59
59 20
59 54
59 55
59 72
59 75
8 58
58 13
58 27
58 36
58 64
58 65
58 81
11 55
55 22
55 32
55 33
55 35
55 43
55 79
15 26
15 42
15 45
15 46
15 48
15 50
15 51
15 68
15 77
15 80
17 20
20 28
20 40
20 47
20 49
20 56
20 61
20 71
20 74
20 76
94 93 
0 80
80 43
80 52
80 57
80 61
80 82
80 85
1 82
82 8
82 55
82 65
82 67
82 88
82 93
2 59
59 3
59 4
59 15
59 27
59 34
59 89
59 90
3 84
3 7
3 12
3 28
3 56
3 79
3 86
84 13
84 20
84 23
84 24
84 29
84 39
84 54
5 37
37 16
37 21
37 48
37 46
37 68
37 83
37 92
6 20
20 78
20 33
20 58
20 69
20 73
20 75
9 65
65 17
65 30
65 32
65 34
65 44
65 91
10 21
21 71
21 22
21 49
21 64
21 66
21 87
11 78
78 31
78 36
78 38
78 41
78 42
78 81
14 81
81 18
81 48
81 51
81 74
81 76
81 77
19 34
34 25
34 45
34 47
34 63
34 70
71 26
71 50
35 48
48 40
48 53
48 60
48 62
48 72
80 79 
0 43
43 18
43 26
43 38
43 41
43 68
43 49
43 62
43 63
43 65
1 37
37 22
37 30
37 32
37 34
37 35
37 67
37 68
37 78
37 55
37 56
37 61
37 70
37 74
2 68
68 6
68 11
68 20
68 21
68 24
68 40
68 44
68 48
68 54
68 60
68 66
68 71
3 78
78 8
78 23
78 25
78 27
78 31
78 36
78 39
78 46
78 50
78 52
78 57
78 58
78 72
4 67
67 5
67 10
67 14
67 15
67 17
67 19
67 28
67 29
67 51
67 53
67 69
67 73
67 79
7 30
30 9
30 12
30 13
30 16
30 33
30 42
30 45
30 47
30 59
30 64
30 75
30 76
30 77
20 19
0 4
0 1
0 18
2 19
2 11
3 16
3 10
3 13
4 7
5 16
6 9
7 9
7 19
7 17
8 15
9 15
9 14
12 15
16 19
100 99 
0 98
98 1
98 2
98 3
98 4
98 5
98 6
98 7
98 8
98 9
98 10
98 11
98 12
98 13
98 14
98 15
98 16
98 17
98 18
98 19
98 20
98 21
98 22
98 23
98 24
98 25
98 26
98 27
98 28
98 29
98 30
98 31
98 32
98 33
98 34
98 35
98 36
98 37
98 38
98 39
98 40
98 41
98 42
98 43
98 44
98 45
98 46
98 47
98 48
98 49
98 99
50 99
99 51
99 52
99 53
99 54
99 55
99 56
99 57
99 58
99 59
99 60
99 61
99 62
99 63
99 64
99 65
99 66
99 67
99 68
99 69
99 70
99 71
99 72
99 73
99 74
99 75
99 76
99 77
99 78
99 79
99 80
99 81
99 82
99 83
99 84
99 85
99 86
99 87
99 88
99 89
99 90
99 91
99 92
99 93
99 94
99 95
99 96
99 97
100 99 
0 99
0 1
0 2
0 3
0 4
0 5
0 6
0 7
0 8
0 9
0 10
0 11
0 12
0 13
0 14
0 15
0 16
0 17
0 18
0 19
0 20
0 21
0 22
0 23
0 24
0 25
0 26
0 27
0 28
0 29
0 30
0 31
0 32
0 33
0 34
0 35
99 36
99 37
99 38
99 39
99 40
99 41
99 42
99 43
99 44
99 45
99 46
99 47
99 48
99 49
99 50
99 51
99 52
99 53
99 54
99 55
99 56
99 57
99 58
99 59
99 60
99 61
99 62
99 64
99 95
99 96
99 97
99 98
63 64
64 65
64 66
64 67
64 68
64 69
64 70
64 71
64 72
64 73
64 74
64 75
64 76
64 77
64 78
64 79
64 80
64 81
64 82
64 83
64 84
64 85
64 86
64 87
64 88
64 89
64 90
64 91
64 92
64 93
64 94
94 93 
0 54
54 93
1 91
91 2
91 3
91 4
91 5
91 6
91 7
91 8
91 9
91 10
91 11
91 12
91 13
91 14
91 15
91 61
91 62
91 63
91 64
91 65
91 66
91 67
91 68
91 69
91 70
91 71
91 72
91 73
91 74
91 75
91 92
16 92
92 17
92 18
92 19
92 20
92 21
92 22
92 23
92 24
92 25
92 26
92 27
92 28
92 29
92 30
92 31
92 32
92 33
92 34
92 35
92 36
92 37
92 38
92 39
92 40
92 41
92 42
92 43
92 44
92 45
92 93
46 93
93 47
93 48
93 49
93 50
93 51
93 52
93 53
93 55
93 56
93 57
93 58
93 59
93 60
93 76
93 77
93 78
93 79
93 80
93 81
93 82
93 83
93 84
93 85
93 86
93 87
93 88
93 89
93 90
100 99 
0 97
97 17
97 37
97 51
97 58
97 86
1 63
63 15
63 33
63 34
63 42
63 65
63 80
2 22
2 51
2 70
2 91
2 5
2 11
2 20
2 56
22 39
22 75
22 77
51 14
51 15
51 16
51 26
51 48
51 93
51 96
51 74
51 76
70 10
70 13
70 53
70 54
70 69
70 85
70 89
91 7
91 35
91 38
91 59
91 72
91 82
3 37
37 73
4 93
93 18
93 19
93 23
93 27
93 29
93 81
6 15
15 61
15 92
15 36
15 47
15 64
15 99
8 81
81 67
9 14
14 83
14 30
14 32
14 41
14 46
12 61
61 21
61 28
61 79
83 78
83 98
92 43
92 49
92 50
92 57
92 60
92 68
92 84
92 88
92 90
24 95
95 25
95 31
95 45
95 52
95 66
95 71
95 87
95 96
40 58
58 62
58 94
44 96
96 55
100 99 
0 79
79 1
79 5
79 9
79 12
79 13
79 14
79 22
79 53
79 77
79 95
2 77
77 42
3 15
15 42
15 74
15 80
15 96
4 97
97 50
97 51
97 52
97 53
97 91
97 93
97 94
97 99
6 36
36 10
36 11
36 18
36 19
36 53
36 39
36 49
36 63
36 64
36 76
7 65
65 25
65 33
65 41
65 46
65 53
65 58
65 66
65 72
65 73
65 90
8 13
13 17
13 38
13 20
13 30
13 37
13 47
13 48
13 70
13 83
17 24
17 35
17 54
17 60
17 61
17 92
38 28
38 40
38 89
42 21
42 23
42 26
42 56
42 69
42 75
42 84
42 85
16 53
53 44
53 86
53 82
53 98
22 68
22 27
22 32
22 57
22 62
22 87
68 43
68 59
68 81
68 88
29 86
86 31
86 34
86 45
86 55
86 67
86 71
86 78
100 99 
0 53
53 18
53 41
53 43
53 47
53 79
53 55
53 71
53 78
53 85
1 49
49 14
49 24
49 58
49 99
2 32
32 23
32 50
32 79
32 83
32 82
3 52
52 9
52 12
52 21
52 33
52 45
52 75
52 89
52 94
4 29
29 17
29 21
29 35
5 60
60 7
60 10
60 22
60 26
60 59
60 64
60 61
60 73
60 86
60 97
6 48
48 25
48 79
8 50
50 27
50 36
50 42
50 57
50 65
50 67
11 80
80 24
80 28
80 30
80 31
80 39
80 46
80 95
13 21
21 15
21 54
21 74
16 83
83 64
83 69
19 64
64 44
64 54
64 72
64 77
64 91
20 36
36 68
36 76
54 24
54 37
54 88
54 92
24 63
24 93
26 51
26 90
51 34
51 38
51 66
51 98
79 40
79 56
79 62
79 70
79 81
79 84
79 87
79 96
100 99 
0 29
29 20
29 98
1 11
11 73
11 16
11 21
11 33
11 39
11 57
11 84
11 91
11 93
2 97
97 18
97 20
97 49
3 62
62 23
62 30
62 40
62 54
62 68
62 74
62 80
4 98
98 28
98 77
98 78
5 20
20 13
20 17
20 34
20 46
20 59
20 60
20 83
20 85
6 40
40 26
40 38
40 63
40 67
40 86
40 89
40 96
7 23
23 36
8 82
82 24
82 69
82 73
9 30
30 10
30 25
30 48
30 72
30 75
30 81
30 99
73 44
73 52
73 53
73 55
73 58
73 65
73 88
73 90
12 34
34 19
34 32
34 35
34 37
34 43
34 56
34 66
34 71
34 76
14 24
24 22
24 61
15 46
46 22
46 64
22 36
22 42
22 45
22 47
22 87
22 95
36 27
36 31
36 94
32 79
32 92
41 49
49 50
49 51
49 70
100 99 
0 2
2 64
2 13
2 20
2 35
2 45
1 22
22 10
22 72
22 51
22 83
22 94
64 3
64 31
64 86
4 96
96 19
96 23
96 27
96 42
96 46
96 48
96 52
96 80
96 91
5 34
34 17
34 72
34 81
34 76
6 42
6 81
6 25
6 36
6 44
6 47
6 50
6 65
42 9
42 61
42 92
42 49
42 62
42 74
42 84
42 87
81 8
81 28
81 58
81 78
81 86
7 86
86 63
86 71
86 77
9 79
9 82
11 61
61 14
61 16
61 30
61 66
61 67
61 89
61 95
12 92
92 24
92 41
92 43
92 55
92 56
92 73
15 40
40 37
40 39
40 72
40 54
40 69
40 93
40 97
18 78
78 70
78 88
21 72
72 53
72 60
26 88
88 59
88 75
88 90
88 99
29 77
29 32
29 33
29 38
29 57
29 68
29 85
77 98
100 99 
0 76
76 5
76 27
76 28
76 38
76 49
76 89
76 82
1 75
75 16
75 45
75 70
75 89
75 93
2 97
97 37
97 53
97 88
97 91
3 99
99 29
99 30
99 56
99 57
99 59
99 66
99 73
4 91
91 26
91 42
91 44
91 69
91 78
91 86
6 89
6 12
6 43
89 17
89 19
89 24
89 56
89 61
89 84
89 95
7 14
14 20
14 37
14 41
14 50
14 40
14 58
14 85
8 50
50 13
50 62
50 64
50 71
50 92
50 94
9 39
39 11
39 36
39 37
39 87
39 47
39 79
39 81
10 37
37 56
37 52
37 74
37 96
20 22
20 34
20 77
20 80
20 90
41 15
41 18
41 25
41 51
41 54
41 60
41 72
21 56
56 31
56 35
56 63
56 65
56 98
23 84
84 32
84 33
84 46
84 48
84 83
87 55
87 67
87 68
100 99 
0 53
53 30
53 33
53 34
53 57
53 83
53 88
1 11
1 76
1 6
1 41
11 18
11 44
11 13
11 21
11 47
11 54
11 66
76 5
76 24
76 28
76 65
76 73
76 74
76 91
76 94
2 20
20 3
20 18
20 87
20 72
20 77
20 93
4 62
62 19
62 44
62 52
62 58
62 81
62 84
7 14
14 27
14 25
14 43
14 78
8 28
28 17
28 22
28 26
28 35
28 36
28 37
28 42
28 55
28 80
9 98
98 31
98 34
98 40
98 48
98 61
98 69
98 71
98 82
98 96
10 49
49 18
49 29
49 51
49 64
18 67
18 70
44 16
44 45
44 85
44 92
12 51
51 15
51 32
51 46
51 50
51 56
51 90
27 81
27 99
87 97
23 34
34 81
34 60
34 63
34 75
34 79
34 89
34 95
81 38
81 68
29 39
29 59
29 86
100 99 
0 96
96 2
96 23
96 48
96 58
96 71
96 73
96 85
1 2
2 4
2 29
2 49
2 3
2 6
2 32
2 33
2 39
4 74
4 15
4 27
4 31
4 53
4 75
4 76
4 81
29 34
29 77
49 28
49 35
49 37
49 55
49 70
74 8
74 26
74 36
74 38
74 62
74 64
5 46
46 12
46 21
46 35
46 40
46 43
46 79
46 88
46 50
46 59
7 64
64 13
64 14
64 61
64 63
64 69
64 80
64 66
64 68
64 82
9 67
67 22
67 57
67 60
10 79
79 41
11 87
87 52
87 54
87 69
16 88
88 19
88 65
88 94
17 21
21 44
21 56
21 72
21 86
21 92
18 35
35 20
35 42
35 51
35 78
35 93
24 57
57 25
57 34
57 45
57 47
57 89
57 90
57 99
34 98
30 69
69 83
69 95
69 97
80 84
80 91
100 99 
0 99
99 1
99 2
99 3
99 4
99 5
99 6
99 7
99 8
99 9
99 10
99 11
99 12
99 13
99 14
99 15
99 16
99 17
99 18
99 19
99 20
99 21
99 22
99 23
99 24
99 25
99 26
99 27
99 28
99 29
99 30
99 31
99 32
99 33
99 34
99 35
99 36
99 37
99 38
99 39
99 40
99 41
99 42
99 43
99 44
99 45
99 46
99 47
99 48
99 49
99 50
99 51
99 52
99 53
99 54
99 55
99 56
99 57
99 58
99 59
99 60
99 61
99 62
99 63
99 64
99 65
99 66
99 67
99 68
99 69
99 70
99 71
99 72
99 73
99 74
99 75
99 76
99 77
99 78
99 79
99 80
99 81
99 82
99 83
99 84
99 85
99 86
99 87
99 88
99 89
99 90
99 91
99 92
99 93
99 94
99 95
99 96
99 97
99 98
100 99 
0 98
98 1
98 2
98 3
98 4
98 5
98 6
98 7
98 8
98 9
98 10
98 11
98 12
98 13
98 14
98 15
98 16
98 17
98 18
98 19
98 20
98 21
98 22
98 23
98 24
98 25
98 26
98 27
98 28
98 29
98 30
98 31
98 32
98 33
98 34
98 35
98 36
98 37
98 38
98 39
98 40
98 41
98 42
98 43
98 44
98 45
98 46
98 47
98 48
98 49
98 99
50 99
99 51
99 52
99 53
99 54
99 55
99 56
99 57
99 58
99 59
99 60
99 61
99 62
99 63
99 64
99 65
99 66
99 67
99 68
99 69
99 70
99 71
99 72
99 73
99 74
99 75
99 76
99 77
99 78
99 79
99 80
99 81
99 82
99 83
99 84
99 85
99 86
99 87
99 88
99 89
99 90
99 91
99 92
99 93
99 94
99 95
99 96
99 97
100 99 
0 5
5 2
5 3
5 80
5 6
5 7
5 10
5 11
5 13
5 15
5 16
5 17
5 19
5 23
5 24
5 25
5 26
5 27
5 28
5 32
5 33
5 35
5 37
5 38
5 40
5 41
5 43
5 44
5 46
5 50
5 51
5 52
5 54
5 55
5 57
5 58
5 59
5 61
5 62
5 64
5 70
5 71
5 72
5 73
5 76
5 78
5 81
5 82
5 87
5 90
5 91
5 92
5 93
5 94
5 95
5 99
1 80
80 12
80 36
80 60
80 63
80 66
80 75
80 79
80 98
4 75
75 8
75 9
75 21
75 29
75 30
75 34
75 42
75 45
75 47
75 48
75 56
75 68
75 69
75 74
75 77
75 83
75 84
75 89
75 96
75 97
14 79
79 18
79 20
79 22
79 31
79 39
79 49
79 53
79 65
79 67
79 85
79 86
79 88
100 99 
0 4
4 1
4 2
4 61
4 95
4 5
4 7
4 8
4 9
4 13
4 18
4 19
4 26
4 27
4 28
4 30
4 31
4 32
4 40
4 43
4 45
4 46
4 47
4 48
4 49
4 50
4 51
4 52
4 53
4 54
4 55
4 58
4 59
4 62
4 66
4 68
4 69
4 71
4 72
4 73
4 74
4 76
4 77
4 80
4 83
4 88
4 90
4 91
4 93
4 94
4 99
3 64
64 6
64 17
64 22
64 29
64 33
64 35
64 37
64 39
64 60
64 61
64 70
64 81
64 85
64 96
61 11
61 16
61 23
61 24
61 25
61 36
61 41
61 42
61 44
61 63
61 78
61 82
61 84
61 87
61 92
61 98
95 10
95 12
95 14
95 15
95 20
95 21
95 34
95 38
95 56
95 57
95 65
95 67
95 75
95 79
95 86
95 89
95 97
100 99 
0 96
96 1
96 17
96 33
96 37
96 44
96 53
96 59
96 68
96 99
2 69
69 7
69 9
69 15
69 33
69 43
69 48
69 49
69 50
69 52
69 61
69 71
69 81
69 94
3 50
50 5
50 8
50 14
50 16
50 22
50 24
50 27
50 34
50 35
50 36
50 38
50 47
50 54
50 58
50 60
50 65
50 72
50 73
50 75
50 79
50 83
50 85
50 86
4 89
89 6
89 10
89 21
89 23
89 25
89 29
89 33
89 45
89 51
89 55
89 62
89 63
89 74
89 76
89 77
89 78
89 84
89 88
89 97
11 33
33 12
33 13
33 18
33 19
33 20
33 26
33 28
33 30
33 31
33 32
33 39
33 40
33 41
33 42
33 46
33 56
33 57
33 64
33 66
33 67
33 70
33 80
33 82
33 87
33 90
33 91
33 92
33 93
33 95
33 98
100 99 
0 31
31 1
31 3
31 4
31 5
31 6
31 7
31 10
31 15
31 16
31 17
31 19
31 21
31 22
31 23
31 25
31 26
31 27
31 29
31 35
31 49
31 81
31 34
31 37
31 38
31 40
31 42
31 46
31 50
31 51
31 54
31 55
31 58
31 60
31 61
31 62
31 65
31 66
31 70
31 72
31 73
31 87
31 88
31 91
31 93
31 95
31 98
2 49
49 11
49 13
49 14
49 36
49 63
49 69
49 74
49 77
49 83
49 89
49 94
49 99
8 35
35 9
35 12
35 18
35 20
35 24
35 28
35 30
35 32
35 33
35 39
35 41
35 43
35 44
35 45
35 47
35 48
35 52
35 53
35 56
35 57
35 64
35 67
35 68
35 71
35 75
35 76
35 78
35 79
35 80
35 82
35 84
35 85
35 86
35 90
35 92
35 96
35 97
81 59
100 99 
0 55
55 3
55 4
55 11
55 14
55 15
55 19
55 22
55 23
55 24
55 27
55 28
55 33
55 36
55 49
55 51
55 52
55 54
55 93
55 60
55 62
55 67
55 68
55 70
55 71
55 72
55 78
55 79
55 81
55 82
55 84
55 86
55 99
1 83
83 2
83 10
83 31
83 34
83 37
83 50
83 56
83 61
83 64
83 69
83 93
83 89
83 90
83 91
83 97
5 50
50 6
50 7
50 8
50 9
50 12
50 13
50 16
50 17
50 18
50 20
50 21
50 25
50 26
50 29
50 30
50 32
50 35
50 38
50 39
50 40
50 41
50 42
50 43
50 44
50 45
50 47
50 48
50 53
50 57
50 59
50 65
50 66
50 73
50 75
50 76
50 77
50 80
50 85
50 87
50 88
50 92
50 94
50 95
50 96
50 98
46 93
93 58
93 63
93 74
100 99 
0 8
8 1
8 2
8 4
8 11
8 27
8 9
8 13
8 16
8 20
8 21
8 24
8 25
8 26
8 30
8 31
8 32
8 41
8 44
8 52
8 55
8 61
8 63
8 64
8 75
8 76
8 77
8 78
8 79
8 81
8 84
8 86
8 92
8 93
8 94
8 96
8 97
8 99
3 11
11 19
11 23
11 28
11 34
11 36
11 45
11 54
11 57
11 59
11 65
11 73
11 87
11 91
11 98
5 10
10 6
10 7
10 15
10 27
10 14
10 17
10 18
10 22
10 29
10 33
10 35
10 38
10 40
10 42
10 46
10 47
10 49
10 56
10 58
10 60
10 62
10 67
10 69
10 70
10 71
10 74
10 80
10 82
10 83
10 85
10 88
10 89
10 90
27 12
27 37
27 50
27 66
27 72
27 95
15 39
15 43
15 48
15 51
15 53
15 68
100 99 
0 16
16 1
16 2
16 3
16 4
16 7
16 9
16 11
16 13
16 23
16 21
16 22
16 25
16 26
16 29
16 31
16 36
16 37
16 42
16 45
16 46
16 47
16 48
16 49
16 50
16 51
16 53
16 54
16 57
16 58
16 60
16 62
16 66
16 71
16 74
16 77
16 78
16 79
16 80
16 81
16 84
16 85
16 87
16 90
16 91
16 92
16 94
5 23
23 14
23 19
23 56
23 24
23 33
23 43
23 44
23 55
23 63
23 72
23 73
23 82
23 89
23 97
6 19
19 12
19 17
19 18
19 20
19 27
19 28
19 30
19 35
19 38
19 40
19 41
19 52
19 61
19 64
19 65
19 67
19 69
19 75
19 76
19 83
19 86
19 88
19 93
19 96
19 98
8 56
56 10
56 15
56 32
56 34
56 39
56 59
56 68
56 70
56 95
56 99
100 99 
0 13
13 5
13 6
13 7
13 40
13 67
13 14
13 17
13 25
13 26
13 31
13 32
13 35
13 36
13 41
13 47
13 49
13 54
13 55
13 60
13 61
13 64
13 66
13 68
13 73
13 74
13 80
13 83
13 85
13 92
13 93
13 97
13 98
1 11
11 2
11 3
11 4
11 8
11 9
11 10
11 40
11 12
11 15
11 16
11 20
11 21
11 22
11 23
11 28
11 30
11 34
11 37
11 44
11 45
11 46
11 56
11 57
11 62
11 65
11 69
11 71
11 75
11 76
11 78
11 79
11 81
11 84
11 86
11 87
11 88
11 89
11 91
11 95
11 96
11 99
40 18
40 24
40 27
40 29
40 33
40 38
40 42
40 43
40 50
40 51
40 52
40 53
40 58
40 72
40 77
40 90
67 19
67 39
67 48
67 59
67 63
67 70
67 82
67 94
100 99 
0 74
74 2
74 4
74 7
74 8
74 9
74 12
74 22
74 23
74 24
74 25
74 30
74 46
74 48
74 49
74 51
74 54
74 65
74 66
74 67
74 68
74 72
74 96
74 76
74 83
74 84
74 85
74 92
74 98
1 79
79 6
79 8
79 32
79 38
79 42
79 50
79 62
79 70
79 75
79 82
3 8
8 5
8 11
8 13
8 14
8 15
8 16
8 17
8 18
8 20
8 21
8 26
8 27
8 28
8 29
8 31
8 33
8 34
8 35
8 36
8 37
8 39
8 40
8 41
8 43
8 44
8 45
8 47
8 52
8 53
8 55
8 56
8 58
8 59
8 61
8 63
8 64
8 69
8 71
8 73
8 77
8 78
8 80
8 81
8 86
8 87
8 88
8 89
8 90
8 91
8 97
8 99
10 96
96 19
96 57
96 60
96 93
96 94
96 95
100 99 
0 53
53 5
53 7
53 11
53 31
53 35
53 41
53 47
53 73
53 93
1 15
15 3
15 8
15 9
15 92
15 16
15 19
15 20
15 21
15 26
15 27
15 29
15 34
15 37
15 43
15 45
15 48
15 58
15 60
15 65
15 70
15 72
15 76
15 78
15 79
15 80
15 81
15 82
15 86
15 89
15 90
15 94
15 95
15 98
2 5
5 4
5 92
5 6
5 10
5 12
5 13
5 14
5 17
5 18
5 22
5 23
5 30
5 32
5 39
5 42
5 44
5 46
5 49
5 51
5 52
5 54
5 59
5 62
5 63
5 66
5 67
5 69
5 71
5 83
5 84
5 85
5 91
5 96
5 97
5 99
92 24
92 28
92 33
92 36
92 40
92 55
92 56
92 57
92 75
92 88
25 55
55 38
55 50
55 61
55 64
55 68
55 74
55 77
55 87
100 99 
0 63
63 8
63 17
63 25
63 27
63 30
63 37
63 56
63 58
63 72
63 79
63 80
63 83
63 92
1 56
1 57
1 5
1 7
1 10
1 11
1 14
1 15
1 16
1 18
1 20
1 22
1 23
1 26
1 29
1 32
1 34
1 36
1 38
1 39
1 44
1 48
1 51
1 53
1 55
1 59
1 64
1 66
1 67
1 71
1 73
1 74
1 84
1 86
1 88
1 90
1 94
1 96
1 97
56 2
56 4
56 6
56 9
56 21
56 24
56 35
56 40
56 41
56 45
56 46
56 49
56 60
56 61
56 62
56 65
56 69
56 76
56 82
56 93
57 3
57 13
57 28
57 42
57 43
57 50
57 52
57 54
57 89
57 68
57 70
57 75
57 77
57 78
57 81
57 87
57 91
57 95
57 98
57 99
12 89
89 19
89 31
89 33
89 47
89 85
100 99 
0 38
38 8
38 9
38 26
38 32
38 35
38 37
38 41
38 64
38 67
38 70
38 76
38 83
38 84
38 85
1 37
37 3
37 14
37 19
37 30
37 34
37 39
37 49
37 53
37 56
37 58
37 59
37 60
37 69
37 73
37 74
37 77
37 86
37 90
37 95
37 96
2 66
66 5
66 8
66 10
66 11
66 17
66 28
66 51
66 68
66 75
66 87
66 88
66 89
4 78
78 8
78 12
78 25
78 46
78 52
78 81
6 8
8 7
8 13
8 15
8 16
8 18
8 20
8 21
8 22
8 23
8 24
8 27
8 29
8 31
8 33
8 36
8 40
8 42
8 43
8 44
8 45
8 47
8 48
8 50
8 54
8 55
8 57
8 61
8 62
8 63
8 65
8 71
8 72
8 79
8 80
8 82
8 91
8 92
8 93
8 94
8 97
8 98
8 99
100 99 
0 6
6 1
6 2
6 3
6 68
6 88
6 9
6 10
6 12
6 13
6 14
6 15
6 18
6 20
6 22
6 23
6 24
6 26
6 27
6 28
6 30
6 34
6 35
6 36
6 42
6 45
6 46
6 49
6 50
6 53
6 56
6 58
6 63
6 66
6 67
6 70
6 71
6 73
6 74
6 76
6 77
6 78
6 81
6 82
6 83
6 84
6 85
6 87
6 89
6 91
6 93
6 97
4 88
88 19
88 48
88 61
88 65
88 86
88 98
5 51
51 8
51 11
51 16
51 25
51 37
51 39
51 41
51 43
51 47
51 68
51 52
51 57
51 62
51 72
51 75
51 79
51 94
51 95
51 96
68 7
68 17
68 21
68 29
68 31
68 32
68 33
68 38
68 40
68 44
68 54
68 55
68 59
68 60
68 64
68 69
68 80
68 90
68 92
68 99
100 99 
0 10
10 2
10 7
10 9
10 23
10 11
10 12
10 13
10 16
10 18
10 20
10 21
10 25
10 28
10 30
10 31
10 35
10 38
10 39
10 40
10 43
10 46
10 47
10 48
10 50
10 52
10 54
10 55
10 59
10 61
10 62
10 63
10 65
10 68
10 69
10 74
10 75
10 76
10 79
10 80
10 81
10 83
10 84
10 85
10 89
10 90
10 91
10 98
1 58
58 3
58 5
58 17
58 19
58 26
58 34
58 36
58 37
58 42
58 94
58 64
58 66
58 71
58 72
58 86
58 87
58 93
58 96
4 23
23 6
23 8
23 14
23 22
23 94
23 24
23 27
23 32
23 33
23 41
23 44
23 49
23 51
23 53
23 56
23 57
23 60
23 67
23 70
23 73
23 77
23 78
23 82
23 88
23 92
23 95
23 97
23 99
15 94
94 29
94 45
100 99 
0 17
0 68
0 1
0 2
0 3
0 4
0 5
0 6
0 11
0 13
0 16
0 18
0 20
0 21
0 22
0 23
0 25
0 26
0 28
0 33
0 38
0 39
0 43
0 44
0 45
0 49
0 56
0 58
0 60
0 61
0 62
0 63
0 64
0 65
0 66
0 67
0 69
0 70
0 73
0 74
0 76
0 77
0 78
0 79
0 83
0 84
0 85
0 86
0 87
0 88
0 89
0 90
0 91
0 93
0 98
17 7
17 9
17 12
17 14
17 27
17 29
17 32
17 34
17 36
17 37
17 40
17 46
17 47
17 53
17 71
17 72
17 75
17 80
17 82
17 92
17 94
17 95
17 96
17 97
68 15
68 30
68 35
68 50
68 55
68 59
8 50
50 10
50 19
50 24
50 31
50 41
50 42
50 48
50 51
50 52
50 54
50 57
50 81
50 99
100 99 
0 41
41 1
41 2
41 4
41 7
41 8
41 10
41 11
41 13
41 14
41 17
41 19
41 20
41 21
41 24
41 26
41 28
41 29
41 32
41 35
41 36
41 37
41 38
41 39
41 58
41 64
41 46
41 47
41 52
41 53
41 55
41 57
41 60
41 61
41 65
41 67
41 69
41 71
41 73
41 75
41 76
41 78
41 82
41 85
41 86
41 89
41 90
41 92
41 93
41 94
41 95
3 99
99 48
99 49
99 54
99 64
99 66
99 72
99 87
5 58
58 12
58 15
58 16
58 18
58 22
58 33
58 40
58 43
58 45
58 68
58 70
58 79
58 88
58 97
58 98
6 64
64 9
64 23
64 27
64 30
64 34
64 44
64 50
64 56
64 63
64 74
64 77
64 80
64 81
64 84
64 91
25 66
66 31
66 42
66 51
66 59
66 62
66 83
66 96
100 99 
0 59
59 30
59 46
59 90
59 97
1 30
30 3
30 5
30 6
30 13
30 15
30 18
30 24
30 26
30 28
30 29
30 39
30 43
30 31
30 32
30 33
30 36
30 37
30 40
30 53
30 54
30 55
30 56
30 65
30 66
30 67
30 68
30 72
30 73
30 75
30 76
30 79
30 81
30 82
30 84
30 85
30 86
30 87
30 88
30 89
30 91
30 93
30 95
30 96
30 99
2 39
39 4
39 8
39 11
39 12
39 14
39 16
39 19
39 20
39 22
39 25
39 27
39 34
39 38
39 41
39 42
39 44
39 45
39 47
39 48
39 50
39 57
39 58
39 61
39 62
39 63
39 69
39 70
39 71
39 74
39 77
39 78
39 83
39 94
39 98
7 43
43 9
43 10
43 17
43 21
43 23
43 35
43 49
43 51
43 52
43 60
43 64
43 80
43 92
100 99 
0 73
73 2
73 4
73 7
73 9
73 19
73 46
73 50
73 52
73 65
73 80
73 82
73 85
73 86
1 7
7 3
7 37
7 10
7 11
7 14
7 20
7 22
7 24
7 29
7 30
7 33
7 36
7 44
7 49
7 51
7 54
7 55
7 57
7 59
7 63
7 64
7 66
7 75
7 78
7 79
7 84
7 87
7 91
7 92
7 94
7 95
7 96
7 97
7 99
5 12
12 6
12 8
12 37
12 23
12 27
12 28
12 31
12 32
12 34
12 38
12 40
12 42
12 45
12 48
12 56
12 58
12 60
12 68
12 74
12 76
12 81
12 88
12 90
12 93
12 98
37 15
37 16
37 17
37 18
37 21
37 35
37 83
37 39
37 47
37 53
37 67
37 70
37 71
37 72
37 77
37 89
13 83
83 25
83 26
83 41
83 43
83 61
83 62
83 69
100 99 
0 24
24 1
24 2
24 14
24 20
24 51
24 92
24 41
24 43
24 44
24 59
24 62
24 66
24 67
24 77
24 82
24 86
3 12
12 4
12 7
12 11
12 13
12 92
12 15
12 18
12 31
12 32
12 33
12 34
12 35
12 38
12 39
12 42
12 47
12 48
12 54
12 56
12 58
12 60
12 68
12 72
12 75
12 78
12 84
12 87
12 88
12 89
12 90
12 96
12 98
12 99
5 13
13 6
13 9
13 10
13 17
13 21
13 22
13 23
13 25
13 26
13 27
13 28
13 29
13 30
13 40
13 49
13 53
13 57
13 65
13 70
13 73
13 74
13 76
13 79
13 83
13 85
8 51
51 19
51 36
51 46
51 52
51 61
51 71
51 80
51 91
51 94
51 95
51 97
92 16
92 37
92 45
92 50
92 55
92 63
92 64
92 69
92 81
92 93
100 99 
0 65
65 4
65 15
65 25
65 28
65 37
65 44
65 55
65 57
65 95
1 24
24 2
24 5
24 6
24 13
24 18
24 21
24 22
24 23
24 37
24 34
24 40
24 41
24 45
24 46
24 47
24 50
24 56
24 61
24 62
24 63
24 66
24 70
24 71
24 72
24 73
24 75
24 77
24 78
24 81
24 84
24 88
24 90
24 91
24 93
24 99
3 15
15 7
15 10
15 14
15 17
15 26
15 27
15 29
15 30
15 36
15 39
15 42
15 48
15 49
15 52
15 53
15 58
15 64
15 67
15 68
15 69
15 74
15 76
15 79
15 80
15 82
15 85
15 89
15 94
15 97
8 37
37 9
37 16
37 19
37 20
37 32
37 38
37 60
37 83
37 86
37 96
11 55
55 12
55 31
55 33
55 35
55 43
55 51
55 54
55 59
55 87
55 92
55 98
13 12 
0 1
1 5
1 2
1 7
1 8
5 3
5 6
4 6
6 9
6 10
6 11
6 12
20 19
0 4
0 1
0 18
4 7
2 19
2 11
19 7
3 16
3 10
3 13
16 5
16 19
7 9
7 17
6 9
9 15
9 14
8 15
15 12
2 1 
0 1
100 99 
0 99
99 1
99 2
99 3
99 4
99 5
99 6
99 7
99 8
99 9
99 10
99 11
99 12
99 13
99 14
99 15
99 16
99 17
99 18
99 19
99 20
99 21
99 22
99 23
99 24
99 25
99 26
99 27
99 28
99 29
99 30
99 31
99 32
99 33
99 34
99 35
99 36
99 37
99 38
99 39
99 40
99 41
99 42
99 43
99 44
99 45
99 46
99 47
99 48
99 49
99 50
99 51
99 52
99 53
99 54
99 55
99 56
99 57
99 58
99 59
99 60
99 61
99 62
99 63
99 64
99 65
99 66
99 67
99 68
99 69
99 70
99 71
99 72
99 73
99 74
99 75
99 76
99 77
99 78
99 79
99 80
99 81
99 82
99 83
99 84
99 85
99 86
99 87
99 88
99 89
99 90
99 91
99 92
99 93
99 94
99 95
99 96
99 97
99 98
100 99 
0 98
98 1
98 2
98 3
98 4
98 5
98 6
98 7
98 8
98 9
98 10
98 11
98 12
98 13
98 14
98 15
98 16
98 17
98 18
98 19
98 20
98 21
98 22
98 23
98 24
98 25
98 26
98 27
98 28
98 29
98 30
98 31
98 32
98 33
98 34
98 35
98 36
98 37
98 38
98 39
98 40
98 41
98 42
98 43
98 44
98 45
98 46
98 47
98 48
98 49
98 99
50 99
99 51
99 52
99 53
99 54
99 55
99 56
99 57
99 58
99 59
99 60
99 61
99 62
99 63
99 64
99 65
99 66
99 67
99 68
99 69
99 70
99 71
99 72
99 73
99 74
99 75
99 76
99 77
99 78
99 79
99 80
99 81
99 82
99 83
99 84
99 85
99 86
99 87
99 88
99 89
99 90
99 91
99 92
99 93
99 94
99 95
99 96
99 97
100 99 
0 72
72 7
72 8
72 10
72 14
72 17
72 20
72 21
72 23
72 25
72 32
72 33
72 34
72 38
72 39
72 41
72 44
72 49
72 51
72 55
72 62
72 63
72 65
72 66
72 70
72 95
72 75
72 76
72 80
72 82
72 83
72 84
72 85
72 87
72 96
1 39
39 2
39 4
39 12
39 15
39 16
39 18
39 22
39 24
39 26
39 28
39 29
39 31
39 35
39 36
39 37
39 42
39 45
39 46
39 47
39 48
39 50
39 52
39 53
39 56
39 57
39 58
39 60
39 64
39 69
39 71
39 73
39 74
39 78
39 79
39 86
39 89
39 91
39 92
39 93
39 94
39 97
39 99
3 95
95 5
95 13
95 19
95 27
95 43
95 54
95 61
95 68
95 81
6 81
81 9
81 11
81 30
81 40
81 59
81 67
81 77
81 88
81 90
81 98
100 99 
0 52
52 3
52 4
52 35
1 24
24 2
24 11
24 72
24 38
24 68
24 79
24 90
3 13
3 33
3 41
3 43
3 45
3 85
3 30
3 70
3 89
13 12
13 26
13 27
13 46
13 53
13 58
13 94
33 5
33 31
33 44
33 49
33 77
33 91
33 98
41 6
41 47
41 71
41 78
41 87
41 92
43 10
43 23
43 56
43 99
45 21
45 69
45 75
85 29
85 34
85 48
85 59
85 76
85 82
85 96
85 97
7 86
86 11
86 14
86 16
86 64
86 66
86 80
86 83
8 36
36 9
36 21
36 28
11 23
11 37
11 39
11 50
11 55
23 84
37 15
37 17
37 18
37 22
37 40
37 67
37 93
19 21
21 61
21 42
21 51
21 60
21 65
20 72
72 32
72 73
72 81
72 88
61 25
61 54
61 62
61 63
61 95
57 96
96 74
100 99 
0 19
0 22
0 37
0 47
0 61
19 43
19 48
19 57
19 49
19 62
19 77
19 89
19 91
1 51
51 9
51 13
51 39
51 50
51 67
51 69
51 93
51 96
2 39
39 14
39 48
39 66
39 55
39 74
39 75
3 65
65 12
65 26
65 35
65 52
4 66
66 36
66 38
66 78
5 40
40 6
40 7
40 29
40 64
8 29
29 27
29 56
29 44
29 90
29 94
29 98
10 57
57 30
57 80
57 99
11 31
31 20
31 53
31 45
31 72
31 82
15 56
56 20
56 32
56 54
56 70
56 76
56 83
56 86
56 97
16 60
60 17
60 24
60 34
60 43
60 88
18 43
43 20
43 81
48 23
48 25
48 28
48 87
20 79
20 41
20 58
20 68
20 73
20 92
79 35
79 46
79 85
21 53
53 33
53 59
53 63
35 42
35 71
35 84
35 95
100 99 
0 21
21 1
21 6
21 9
21 32
21 71
2 19
19 4
19 16
19 31
19 69
19 93
3 42
42 9
42 10
42 28
42 40
42 52
42 76
5 44
44 10
44 25
44 35
44 58
44 61
44 79
44 91
44 94
7 69
69 11
69 41
69 55
69 68
8 43
43 15
43 51
43 97
43 49
43 50
43 59
43 92
9 31
9 57
9 78
9 30
31 14
31 96
31 70
31 75
57 12
57 18
57 20
57 39
57 65
57 73
78 23
78 46
78 62
78 74
78 80
78 84
78 89
10 97
10 36
10 63
10 95
10 98
97 24
97 27
97 45
97 64
97 77
97 82
97 88
13 14
14 54
14 66
14 67
17 23
23 60
22 96
96 47
96 83
96 85
96 87
96 90
60 26
60 53
60 72
60 86
60 99
29 51
51 34
51 37
51 48
33 65
65 38
65 56
65 81
100 99 
0 22
22 42
22 54
22 27
22 63
22 71
22 79
22 97
1 42
42 5
42 12
42 28
42 40
42 59
42 83
2 77
77 10
77 16
77 30
77 55
77 57
77 65
3 95
95 11
95 14
95 17
95 18
95 54
95 60
95 90
4 76
76 19
76 34
76 45
76 51
76 81
76 84
76 93
6 82
82 72
82 73
82 90
82 92
7 52
52 10
52 46
52 80
8 86
86 13
86 24
86 25
86 96
9 74
74 13
74 37
74 44
74 69
74 87
10 13
10 54
10 75
10 56
10 78
10 91
13 26
13 38
13 15
13 49
13 68
54 58
75 20
75 47
75 48
75 50
75 61
75 62
26 89
26 29
26 35
26 41
26 43
26 64
26 94
38 19
38 32
38 39
38 53
38 66
38 70
38 99
19 36
19 67
19 98
21 89
89 23
89 33
89 85
89 88
31 90
100 99 
0 87
87 36
87 76
1 37
1 44
1 23
1 24
1 27
1 39
37 5
37 10
37 11
37 29
37 42
37 64
37 69
37 71
37 89
44 8
44 17
44 18
44 34
44 38
44 75
44 83
2 97
97 11
97 51
97 52
97 56
97 78
97 94
3 36
3 49
3 74
3 12
3 60
36 59
36 80
36 93
49 14
49 20
49 30
49 32
49 68
49 70
74 11
74 22
74 35
74 98
4 28
28 16
28 17
28 79
28 54
28 72
6 99
99 11
99 25
99 50
99 65
99 84
99 91
7 33
33 17
33 31
33 77
33 43
33 46
33 66
33 96
9 42
42 19
42 26
42 57
42 63
42 82
13 59
59 21
59 53
59 73
59 90
15 77
77 40
77 45
77 67
17 47
17 55
17 86
17 88
79 41
79 48
79 58
79 61
79 62
79 81
79 85
79 92
79 95
100 99 
0 83
83 8
83 20
83 34
83 40
83 65
83 71
83 75
83 93
1 37
37 29
37 31
37 84
2 69
69 5
69 10
69 13
69 87
69 97
3 33
33 14
33 15
33 25
33 40
33 47
33 68
33 72
33 95
4 29
29 44
6 19
19 12
19 18
19 40
19 41
19 56
19 63
19 32
19 64
7 41
41 16
41 23
41 43
41 66
41 90
41 99
9 62
62 39
62 86
10 18
10 22
10 26
10 30
10 60
10 73
10 88
18 28
18 98
18 35
18 53
18 55
11 28
28 21
28 38
28 61
17 63
63 36
63 58
63 76
63 77
63 82
63 96
98 44
98 57
98 85
40 39
40 79
40 81
56 24
56 45
56 54
56 78
56 94
27 57
57 42
57 80
57 89
57 92
44 46
44 49
44 50
44 51
44 52
44 67
44 70
44 91
39 48
39 59
39 74
100 99 
0 27
0 32
0 37
0 62
0 7
0 24
0 38
27 17
27 39
27 54
27 57
27 66
27 89
27 94
32 8
32 25
32 30
32 41
32 68
32 83
37 9
37 23
37 78
37 52
37 67
37 69
62 13
62 14
62 65
62 91
62 97
1 43
43 2
43 6
43 23
43 80
43 84
43 95
3 28
28 18
28 19
28 25
28 36
4 86
86 26
86 77
86 81
5 26
26 12
26 22
26 23
26 31
26 45
10 76
76 23
76 35
76 47
76 48
76 64
76 85
76 87
76 88
76 96
11 63
63 40
63 79
15 58
58 25
58 55
58 56
58 60
16 34
34 25
34 46
34 70
34 71
34 73
34 74
34 92
34 98
20 25
25 49
25 50
25 61
25 99
21 40
40 23
40 42
40 53
40 90
40 93
23 33
23 72
33 44
33 51
33 59
33 82
29 78
78 75
100 99 
0 13
13 9
13 21
13 50
13 57
13 84
1 38
38 10
38 77
38 43
38 55
38 60
2 52
52 9
52 36
52 75
52 88
3 94
94 5
94 9
94 27
94 67
94 71
94 74
94 92
94 95
4 88
88 31
88 39
88 56
88 85
6 64
64 10
64 15
64 70
64 97
64 98
7 75
75 26
75 59
75 63
75 76
8 32
32 10
32 11
32 23
32 37
32 42
32 69
32 90
32 91
9 10
9 19
9 51
9 79
9 89
10 96
10 12
10 14
10 54
10 65
19 46
19 29
19 35
19 58
19 66
96 17
96 33
96 44
96 49
96 99
16 45
45 77
45 83
45 82
18 36
36 47
36 86
36 93
46 40
46 53
46 61
46 68
46 73
46 87
20 83
83 22
83 30
83 34
83 41
83 48
83 78
83 80
24 70
70 25
70 28
70 72
70 81
77 62
100 99 
0 1
0 5
0 15
0 4
0 20
0 80
1 2
1 21
1 6
1 16
1 81
5 85
5 9
5 25
15 10
15 95
15 19
15 35
2 3
2 7
2 17
2 22
2 82
21 41
21 26
21 36
85 65
85 86
85 89
10 11
10 14
10 30
10 90
95 75
95 96
95 99
3 18
3 23
3 83
7 8
7 12
7 27
7 87
17 37
17 97
41 40
41 42
41 56
41 46
41 61
8 28
8 13
8 88
28 33
28 29
28 48
33 32
33 34
33 38
33 53
40 44
40 45
40 55
40 60
42 43
42 47
42 57
42 62
56 51
56 76
24 44
44 59
44 64
44 49
59 39
59 54
59 58
59 79
64 63
64 69
64 84
31 51
51 50
51 71
51 52
71 66
71 70
71 72
71 91
72 67
72 73
72 77
72 92
73 68
73 93
73 74
73 78
93 94
93 98
100 99 
0 76
76 5
76 27
76 28
76 38
76 49
76 89
76 82
1 75
75 16
75 45
75 70
75 89
75 93
2 97
97 37
97 53
97 88
97 91
3 99
99 29
99 30
99 56
99 57
99 59
99 66
99 73
4 91
91 26
91 42
91 44
91 69
91 78
91 86
6 89
6 12
6 43
89 17
89 19
89 24
89 56
89 61
89 84
89 95
7 14
14 20
14 37
14 41
14 50
14 40
14 58
14 85
8 50
50 13
50 62
50 64
50 71
50 92
50 94
9 39
39 11
39 36
39 37
39 87
39 47
39 79
39 81
10 37
37 56
37 52
37 74
37 96
20 22
20 34
20 77
20 80
20 90
41 15
41 18
41 25
41 51
41 54
41 60
41 72
21 56
56 31
56 35
56 63
56 65
56 98
23 84
84 32
84 33
84 46
84 48
84 83
87 55
87 67
87 68
100 99 
0 53
53 30
53 33
53 34
53 57
53 83
53 88
1 11
1 76
1 6
1 41
11 18
11 44
11 13
11 21
11 47
11 54
11 66
76 5
76 24
76 28
76 65
76 73
76 74
76 91
76 94
2 20
20 3
20 18
20 87
20 72
20 77
20 93
4 62
62 19
62 44
62 52
62 58
62 81
62 84
7 14
14 27
14 25
14 43
14 78
8 28
28 17
28 22
28 26
28 35
28 36
28 37
28 42
28 55
28 80
9 98
98 31
98 34
98 40
98 48
98 61
98 69
98 71
98 82
98 96
10 49
49 18
49 29
49 51
49 64
18 67
18 70
44 16
44 45
44 85
44 92
12 51
51 15
51 32
51 46
51 50
51 56
51 90
27 81
27 99
87 97
23 34
34 81
34 60
34 63
34 75
34 79
34 89
34 95
81 38
81 68
29 39
29 59
29 86
100 99 
0 76
76 5
76 27
76 28
76 38
76 49
76 89
76 82
1 75
75 16
75 45
75 70
75 89
75 93
2 97
97 37
97 53
97 88
97 91
3 99
99 29
99 30
99 56
99 57
99 59
99 66
99 73
4 91
91 26
91 42
91 44
91 69
91 78
91 86
6 89
6 12
6 43
89 17
89 19
89 24
89 56
89 61
89 84
89 95
7 14
14 20
14 37
14 41
14 50
14 40
14 58
14 85
8 50
50 13
50 62
50 64
50 71
50 92
50 94
9 39
39 11
39 36
39 37
39 87
39 47
39 79
39 81
10 37
37 56
37 52
37 74
37 96
20 22
20 34
20 77
20 80
20 90
41 15
41 18
41 25
41 51
41 54
41 60
41 72
21 56
56 31
56 35
56 63
56 65
56 98
23 84
84 32
84 33
84 46
84 48
84 83
87 55
87 67
87 68
100 99 
0 53
53 30
53 33
53 34
53 57
53 83
53 88
1 11
1 76
1 6
1 41
11 18
11 44
11 13
11 21
11 47
11 54
11 66
76 5
76 24
76 28
76 65
76 73
76 74
76 91
76 94
2 20
20 3
20 18
20 87
20 72
20 77
20 93
4 62
62 19
62 44
62 52
62 58
62 81
62 84
7 14
14 27
14 25
14 43
14 78
8 28
28 17
28 22
28 26
28 35
28 36
28 37
28 42
28 55
28 80
9 98
98 31
98 34
98 40
98 48
98 61
98 69
98 71
98 82
98 96
10 49
49 18
49 29
49 51
49 64
18 67
18 70
44 16
44 45
44 85
44 92
12 51
51 15
51 32
51 46
51 50
51 56
51 90
27 81
27 99
87 97
23 34
34 81
34 60
34 63
34 75
34 79
34 89
34 95
81 38
81 68
29 39
29 59
29 86
20 19 
0 4
0 1
0 18
4 7
2 19
2 11
19 7
19 16
3 16
3 10
3 13
16 5
7 9
7 17
6 9
9 15
9 14
8 15
15 12
20 19 
0 3
3 15
3 16
3 4
3 6
3 7
3 13
3 19
1 16
16 5
16 9
16 10
16 11
16 12
16 14
16 17
16 18
2 15
15 8
50 49 
0 36
36 10
36 13
36 26
36 29
36 31
36 48
1 20
1 43
1 25
1 39
20 6
20 9
20 15
20 17
20 44
20 48
20 21
20 24
20 40
43 11
43 16
43 28
2 16
16 7
16 22
16 30
16 35
16 41
3 48
48 4
48 12
48 14
48 18
48 33
48 34
48 49
5 32
32 8
32 19
32 44
32 37
32 38
32 46
32 47
18 23
18 27
18 42
44 45
100 99 
0 17
17 15
17 23
17 26
17 36
17 55
17 82
17 86
17 96
1 33
33 2
33 9
33 22
33 72
33 35
33 88
3 41
41 67
41 81
41 94
41 50
41 53
4 7
7 30
7 13
7 37
7 43
7 48
7 63
7 64
7 70
7 80
7 84
5 38
38 15
38 78
38 83
38 76
38 98
6 92
92 34
92 45
92 87
30 19
30 23
30 32
30 40
30 74
30 90
30 99
8 23
23 10
23 56
23 58
23 60
23 79
11 87
87 14
87 16
87 21
87 83
87 97
12 83
83 29
83 44
83 51
83 59
83 61
15 49
15 52
15 57
18 72
72 25
72 62
72 67
72 71
72 75
20 59
59 68
24 67
67 42
27 78
78 39
78 73
78 94
28 73
73 69
73 85
31 81
94 46
94 54
94 66
94 89
94 91
47 69
69 65
69 77
69 93
69 95
80 79 
0 7
7 12
7 28
7 36
1 29
29 66
29 30
29 51
29 54
2 56
56 3
56 5
56 8
56 23
56 66
56 61
56 71
4 47
47 11
47 19
47 69
47 50
47 62
47 76
6 66
66 14
66 16
66 18
66 21
66 24
66 64
12 40
12 43
9 70
70 13
70 17
70 21
70 33
70 38
70 65
70 77
70 73
10 55
55 21
55 25
55 31
55 41
55 45
55 68
55 72
55 74
40 39
40 69
40 77
40 44
15 21
21 27
21 48
21 57
21 59
21 60
21 63
18 35
18 37
18 42
18 52
18 78
18 79
20 53
53 22
53 49
53 77
53 58
53 67
26 77
77 34
77 46
32 69
69 75
99 98 
0 30
0 29
0 31
0 46
0 47
0 48
0 63
0 71
30 13
30 16
30 18
30 41
30 87
30 97
30 60
30 82
30 95
1 27
27 15
27 23
27 26
27 96
27 32
27 35
27 37
27 44
27 72
27 77
2 97
97 7
97 12
97 42
97 51
97 67
97 84
3 85
85 69
85 83
85 87
85 90
4 12
12 14
12 45
12 52
12 98
5 18
18 22
18 75
6 41
41 8
41 20
41 39
41 74
41 78
41 88
41 91
41 94
9 96
96 22
96 58
96 59
96 62
96 66
96 80
10 58
58 11
58 36
58 49
58 81
58 89
15 19
15 21
15 24
15 28
15 34
15 40
15 50
15 55
15 73
17 84
84 79
22 25
22 70
22 93
87 33
87 38
87 54
87 61
87 92
36 43
36 53
36 56
36 57
36 64
36 65
36 68
36 76
36 86
90 89 
0 75
75 14
75 18
75 37
75 44
75 67
1 22
22 4
22 5
22 73
22 30
22 33
22 49
22 81
2 68
68 26
68 88
68 89
3 8
8 70
8 11
8 78
4 12
4 57
4 21
4 60
4 79
4 84
12 17
12 41
12 55
12 69
57 10
57 20
57 28
57 31
57 88
6 70
70 18
70 27
70 39
70 46
70 88
70 71
7 62
62 9
62 29
62 51
62 85
62 63
62 66
62 76
10 43
10 24
10 36
10 38
10 64
10 72
10 74
10 83
43 16
43 23
43 52
43 50
43 77
13 80
80 34
80 35
80 52
80 87
15 87
87 59
18 19
18 40
18 42
18 54
18 56
18 58
73 25
73 32
73 48
73 82
52 45
52 85
52 61
52 65
47 85
85 53
85 86
100 99 
0 14
14 8
14 26
14 73
14 65
14 67
14 71
14 81
14 84
14 96
1 30
30 12
30 73
30 88
30 42
30 49
30 75
30 79
30 83
30 87
30 97
2 72
72 9
72 25
72 36
72 44
72 60
72 76
72 94
3 60
60 22
60 39
60 55
60 57
60 73
60 61
4 41
41 19
41 27
41 29
41 38
41 56
41 69
5 89
89 15
89 58
89 63
89 86
6 26
26 7
26 11
26 23
26 24
26 46
26 99
26 35
26 64
26 74
10 13
13 19
13 58
13 17
13 31
13 33
13 34
13 48
13 53
13 92
13 93
13 95
19 45
19 47
19 50
19 51
19 82
19 90
58 32
58 52
58 54
58 88
58 66
73 18
73 20
73 28
73 78
16 46
46 21
46 62
46 68
46 77
46 85
46 91
46 98
99 37
99 40
99 70
88 43
88 59
88 80
100 99 
0 31
31 7
31 12
31 22
31 23
31 33
31 81
31 86
31 34
31 40
31 56
31 67
31 70
31 73
31 79
31 89
31 90
31 92
31 99
1 10
10 9
10 33
10 15
10 16
10 26
10 36
10 54
10 61
10 63
10 64
10 76
10 98
2 57
57 5
57 46
57 52
57 81
57 59
57 97
3 8
8 4
8 33
8 11
8 13
8 19
8 21
8 25
8 27
8 30
8 39
8 44
8 45
8 51
8 53
8 69
8 72
8 75
8 85
8 87
8 88
8 91
8 93
8 95
6 55
55 14
55 20
55 37
55 43
55 49
55 50
55 86
55 62
55 66
55 84
33 18
33 28
33 32
33 38
33 41
33 42
33 58
33 65
33 68
33 71
33 77
33 78
33 83
33 94
33 96
17 81
81 24
81 35
81 47
81 74
81 82
29 86
86 48
86 60
86 80
100 99 
0 64
64 19
64 38
64 43
64 45
64 58
64 72
64 75
1 74
74 16
74 39
74 40
74 52
74 67
74 99
2 44
44 17
44 72
44 53
44 61
44 70
44 87
44 98
3 22
22 4
22 10
22 21
22 33
22 93
22 97
22 24
22 36
22 56
22 71
22 92
5 19
19 11
19 66
19 31
19 34
19 60
19 65
19 94
6 85
85 35
85 37
85 73
85 78
85 90
7 66
66 15
66 30
66 48
66 54
66 78
66 88
8 72
72 20
72 63
72 68
72 81
72 95
9 33
33 32
33 39
33 47
33 49
33 91
33 96
12 39
39 25
39 28
39 41
39 42
39 46
39 50
39 80
39 82
39 83
39 84
13 97
97 55
97 77
97 79
14 99
99 51
99 57
99 69
18 78
78 23
78 26
78 59
78 93
93 27
93 29
93 62
93 76
93 86
93 89
100 99 
0 95
95 16
95 31
95 41
95 71
95 78
95 91
1 77
77 17
77 28
77 62
77 76
77 84
2 43
43 6
43 37
43 50
43 51
43 56
43 90
3 28
28 23
28 69
28 63
28 67
28 82
28 94
4 16
16 50
16 93
16 35
16 46
16 55
16 75
5 49
49 9
49 10
49 18
49 20
49 41
49 53
49 54
49 64
7 23
23 24
23 42
23 58
23 83
23 92
8 99
99 71
99 79
11 41
41 12
41 34
41 69
41 72
41 74
41 87
13 69
69 26
69 27
69 36
69 45
14 15
15 72
15 38
15 48
15 52
15 57
15 61
15 86
15 97
72 32
72 44
50 21
50 29
50 33
50 47
50 66
50 68
50 80
50 85
50 98
93 39
93 65
19 71
71 22
71 40
71 59
25 59
59 60
59 73
59 81
59 89
59 96
30 84
84 70
84 88
100 99 
0 9
9 33
9 88
9 97
9 14
9 22
9 23
9 41
9 45
9 84
9 86
9 95
9 98
1 46
46 6
46 16
46 18
46 19
46 35
46 60
46 62
46 85
46 91
2 56
56 5
56 27
56 35
56 36
56 37
56 59
56 67
56 76
3 35
35 10
35 61
35 92
35 44
35 48
35 65
4 57
57 8
57 31
57 47
57 92
57 66
57 81
57 93
7 24
24 88
24 32
24 34
24 58
24 71
24 77
24 79
33 20
33 39
33 49
33 54
33 64
33 74
33 87
33 90
88 17
88 21
88 82
88 83
97 43
97 92
97 99
11 63
63 30
63 51
63 52
63 61
12 13
13 68
13 92
13 25
13 26
13 40
13 55
13 70
13 75
13 89
68 38
68 73
68 78
68 80
68 94
68 96
92 29
92 42
92 50
92 69
15 61
61 28
61 53
61 72
100 99 
0 50
50 4
50 10
50 17
50 22
50 23
50 37
50 62
50 87
50 89
50 95
1 22
22 9
22 11
22 12
22 14
22 19
22 63
22 29
22 48
22 53
22 68
22 75
22 86
22 90
22 94
2 46
46 5
46 15
46 24
46 40
46 63
46 73
46 81
3 61
61 82
61 66
61 78
6 18
18 35
18 57
18 93
18 26
18 45
18 58
18 74
18 84
18 92
7 35
35 8
35 41
35 49
13 57
57 36
57 38
57 42
57 47
57 63
57 67
16 27
27 47
27 31
27 34
27 54
27 64
27 76
93 43
93 70
93 98
20 63
63 55
63 80
63 82
63 71
63 83
21 47
23 30
23 32
23 33
23 51
23 52
23 65
23 77
23 97
25 70
70 39
70 56
70 59
70 72
70 96
28 80
80 60
80 85
80 88
44 60
60 69
60 79
60 91
82 99
100 99 
0 71
71 14
71 21
71 36
71 39
71 41
71 65
71 79
71 78
71 85
1 58
58 2
58 16
58 20
58 33
58 34
58 36
58 43
58 48
58 53
58 54
58 90
58 95
3 27
27 6
27 11
27 12
27 13
27 15
27 23
27 24
27 26
27 79
27 89
27 37
27 49
27 52
27 56
27 57
27 62
27 66
27 68
27 75
27 87
27 92
27 96
4 36
36 5
36 8
36 22
36 25
36 28
36 29
36 31
36 46
36 69
36 70
36 80
36 83
36 84
36 91
36 99
7 65
65 9
65 18
65 32
65 47
65 55
65 60
65 76
65 93
65 94
10 39
39 17
39 30
39 38
39 44
39 51
39 61
39 64
39 67
39 72
39 77
39 81
39 82
39 98
19 89
89 50
89 59
89 74
79 35
79 40
79 42
79 45
79 63
79 73
79 86
79 88
79 97
97 96 
0 80
80 1
80 2
80 3
80 4
80 81
5 81
81 6
81 7
81 8
81 9
81 82
10 82
82 11
82 12
82 13
82 14
82 83
15 83
83 16
83 17
83 18
83 19
83 84
20 84
84 21
84 22
84 23
84 24
84 85
25 85
85 26
85 27
85 28
85 29
85 86
30 86
86 31
86 32
86 33
86 34
86 87
35 87
87 36
87 37
87 38
87 39
87 88
40 88
88 41
88 42
88 43
88 44
88 89
45 89
89 46
89 47
89 48
89 49
89 90
50 90
90 51
90 52
90 53
90 54
90 91
55 91
91 56
91 57
91 58
91 59
91 92
60 92
92 61
92 62
92 63
92 64
92 93
65 93
93 66
93 67
93 68
93 69
93 94
70 94
94 71
94 72
94 73
94 74
94 95
75 95
95 76
95 78
95 96
77 78
78 79
97 96 
0 80
80 1
80 2
80 79
80 81
3 81
81 4
81 5
81 6
81 7
81 82
8 82
82 9
82 10
82 11
82 12
82 83
13 83
83 14
83 15
83 16
83 17
83 84
18 84
84 19
84 20
84 21
84 22
84 85
23 85
85 24
85 25
85 26
85 27
85 86
28 86
86 29
86 30
86 31
86 32
86 87
33 87
87 34
87 35
87 36
87 37
87 88
38 88
88 39
88 40
88 41
88 42
88 89
43 89
89 44
89 45
89 46
89 47
89 90
48 90
90 49
90 50
90 51
90 52
90 91
53 91
91 54
91 55
91 56
91 57
91 92
58 92
92 59
92 60
92 61
92 62
92 93
63 93
93 64
93 65
93 66
93 67
93 94
68 94
94 69
94 70
94 71
94 72
94 95
73 95
95 74
95 75
95 76
77 78
78 79
78 96
97 96 
0 80
80 79
80 81
1 81
81 2
81 3
81 4
81 5
81 82
6 82
82 7
82 8
82 9
82 10
82 83
11 83
83 12
83 13
83 14
83 15
83 84
16 84
84 17
84 18
84 19
84 20
84 85
21 85
85 22
85 23
85 24
85 25
85 86
26 86
86 27
86 28
86 29
86 30
86 87
31 87
87 32
87 33
87 34
87 35
87 88
36 88
88 37
88 38
88 39
88 40
88 89
41 89
89 42
89 43
89 44
89 45
89 90
46 90
90 47
90 48
90 49
90 50
90 91
51 91
91 52
91 53
91 54
91 55
91 92
56 92
92 57
92 58
92 59
92 60
92 93
61 93
93 62
93 63
93 64
93 65
93 94
66 94
94 67
94 68
94 69
94 70
94 95
71 95
95 72
95 73
95 75
74 75
75 76
76 77
76 96
77 78
99 98 
42 90
42 41
42 43
90 89
90 38
90 39
90 40
43 44
43 91
89 88
89 35
89 36
89 37
44 45
88 87
88 30
88 31
88 32
88 33
88 34
45 46
87 86
87 27
87 28
87 29
46 92
46 47
86 85
86 22
86 23
86 24
86 25
86 26
92 49
92 50
92 48
85 84
85 19
85 20
85 21
50 51
84 83
84 14
84 15
84 16
84 17
84 18
51 52
51 93
83 82
83 11
83 12
83 13
52 53
82 81
82 6
82 7
82 8
82 9
82 10
53 54
81 80
81 3
81 4
81 5
54 94
54 55
80 1
80 0
80 2
80 79
94 57
94 58
94 56
79 78
58 59
78 77
59 60
59 95
77 76
60 61
76 75
61 62
75 74
62 96
62 63
74 98
74 73
96 65
96 66
96 64
98 70
98 71
98 72
66 67
70 69
67 68
67 97
100 99 
0 14
14 1
14 2
14 4
14 5
14 7
14 12
14 64
14 17
14 19
14 25
14 29
14 30
14 31
14 32
14 33
14 34
14 37
14 38
14 39
14 41
14 42
14 48
14 49
14 51
14 52
14 63
14 67
14 73
14 74
14 77
14 79
14 81
14 83
14 85
14 87
14 88
14 90
14 91
14 97
14 99
3 64
64 15
64 16
64 24
64 28
64 50
64 84
64 93
6 15
15 10
15 11
15 21
15 22
15 23
15 36
15 40
15 43
15 44
15 46
15 47
15 54
15 56
15 57
15 58
15 69
15 70
15 72
15 75
15 76
15 78
15 80
15 82
15 92
15 95
15 96
8 50
50 9
50 13
50 18
50 20
50 26
50 27
50 35
50 45
50 53
50 55
50 59
50 60
50 61
50 62
50 65
50 66
50 68
50 71
50 86
50 89
50 94
50 98
100 99 
0 39
39 1
1 2
1 3
1 4
1 5
1 6
1 7
1 8
1 9
1 10
1 11
1 12
1 13
1 14
1 15
1 16
1 17
1 18
1 19
1 20
1 21
1 22
1 23
1 24
1 25
1 26
1 27
1 28
1 29
1 30
1 31
1 32
1 33
1 34
1 35
1 36
1 37
1 38
1 40
1 41
1 42
1 43
1 44
1 45
1 46
1 47
1 48
1 49
1 50
1 51
1 52
1 53
1 54
1 55
1 56
1 57
1 58
1 59
1 60
1 61
1 62
1 63
1 64
1 65
1 66
1 67
1 68
1 69
1 70
1 71
1 72
1 73
1 74
1 75
1 76
1 77
1 78
1 79
1 80
1 81
1 82
1 83
1 84
1 85
1 86
1 87
1 88
1 89
1 90
1 91
1 92
1 93
1 94
1 95
1 96
1 97
1 98
1 99
100 99
0 4
0 20
0 50
0 70
0 40
0 5
0 2
0 7
1 4
3 5
4 6
5 8
6 9
10 40
10 15
10 14
10 12
11 14
13 15
14 16
14 17
15 18
16 19
20 24
20 25
21 24
22 24
23 25
24 26
24 27
25 28
26 29
30 34
30 90
30 35
31 34
32 35
33 35
34 36
35 38
36 37
36 39
40 44
40 45
40 60
40 42
41 44
43 45
44 46
44 47
45 48
46 49
50 55
50 54
51 54
52 55
53 55
54 56
54 57
55 58
56 59
60 65
60 90
60 64
61 64
62 65
63 65
64 66
64 67
65 68
66 69
70 74
70 75
71 74
72 75
73 75
74 76
75 78
76 77
76 79
80 90
80 85
80 84
80 82
81 84
83 85
84 86
84 87
85 88
86 89
90 94
90 95
90 92
91 94
93 95
94 96
95 97
95 98
96 99
91 90 
0 39
0 86
0 90
39 46
39 62
46 69
46 58
1 71
71 74
74 69
74 75
74 54
2 5
5 24
5 59
5 27
24 28
59 69
59 63
27 89
3 16
16 81
16 37
16 41
81 69
81 80
4 67
67 69
69 6
69 9
69 14
69 15
69 34
69 38
69 40
69 49
69 50
69 52
69 53
69 60
69 78
69 76
69 88
9 45
9 17
9 19
14 65
14 66
15 12
15 36
15 82
34 8
34 47
40 72
53 22
60 25
60 13
60 44
78 48
78 35
78 84
7 65
65 29
65 30
8 68
8 20
8 51
68 32
47 77
45 10
45 83
10 73
11 25
36 70
36 87
44 23
44 61
66 79
18 48
18 55
48 85
85 33
21 75
75 43
43 56
61 64
26 35
26 57
31 58
42 64
11 10 
0 9
9 7
9 10
1 3
3 2
3 7
3 5
3 6
7 4
7 8
40 39 
0 38
0 1
0 2
0 3
0 4
0 5
0 6
0 7
0 8
0 9
0 10
0 11
0 12
0 13
0 14
0 15
0 16
0 17
0 18
0 19
0 20
0 21
0 22
0 23
0 24
0 25
0 26
0 27
0 28
0 29
0 30
0 31
0 32
0 33
0 34
0 35
0 36
0 37
0 39
100 99 
0 12
12 4
12 29
12 14
12 15
12 23
12 39
12 88
12 90
12 93
1 5
5 80
5 16
5 52
5 54
5 58
5 63
5 85
5 95
5 97
2 29
29 25
29 26
29 41
29 55
29 80
29 49
29 86
29 91
3 80
80 18
80 19
80 21
80 47
80 92
80 94
6 26
26 8
26 20
26 35
26 44
26 46
26 53
26 66
26 87
7 96
96 31
96 45
96 47
96 50
96 51
96 57
96 69
96 73
96 83
9 18
18 24
18 28
18 30
18 37
18 42
18 71
18 76
18 78
10 41
41 11
41 27
41 61
41 67
41 70
41 75
41 81
41 82
13 55
55 17
55 34
55 40
55 48
55 59
55 68
55 77
55 79
22 98
98 36
98 38
98 43
98 47
98 72
98 74
98 84
98 89
98 99
32 47
47 33
47 56
47 60
47 62
47 64
47 65
100 99 
0 30
30 3
30 36
30 33
30 34
30 35
30 45
30 53
30 56
30 61
1 67
67 7
67 8
67 17
67 37
67 43
67 69
67 70
67 87
67 88
2 36
36 11
36 16
36 20
36 82
36 48
36 54
36 62
36 92
4 20
20 25
20 26
20 46
20 66
20 75
20 83
20 96
20 99
5 81
81 6
81 38
81 39
81 55
81 63
81 69
81 76
81 85
81 98
9 82
9 41
9 50
9 52
9 57
9 58
9 59
9 72
9 74
9 79
82 13
82 29
82 40
82 69
82 71
82 90
82 93
10 13
13 14
13 22
13 23
13 28
13 31
13 32
13 64
13 97
12 51
51 15
51 42
51 69
51 68
51 73
51 77
51 78
51 94
51 95
18 60
60 21
60 27
60 44
60 47
60 69
60 65
60 86
60 89
60 91
19 69
69 24
69 49
69 80
69 84
100 99 
0 88
0 9
0 16
0 17
0 32
0 43
0 52
0 69
0 80
88 2
88 23
88 29
88 39
88 48
88 49
88 63
88 70
88 93
88 94
1 81
81 22
81 24
81 36
81 45
81 47
81 65
81 76
81 84
81 91
81 99
3 62
62 11
62 56
62 79
62 98
4 44
44 48
44 58
5 79
79 7
79 14
79 48
79 67
79 85
79 95
6 70
70 13
70 20
70 25
70 27
70 40
70 60
70 77
70 90
8 22
22 12
22 15
22 48
22 35
22 51
22 68
10 48
48 19
48 30
48 41
48 57
18 58
58 46
58 73
58 66
21 36
36 28
36 34
36 38
36 59
36 83
36 92
26 39
39 31
39 89
33 73
73 55
73 71
37 67
67 54
67 61
67 75
67 78
67 82
67 86
67 87
67 96
42 63
63 50
63 53
63 64
63 72
63 74
63 97
100 99 
0 57
57 8
57 14
57 25
57 27
57 38
57 42
57 60
1 9
9 11
9 16
9 35
9 80
9 90
9 73
9 76
9 93
2 10
10 7
10 35
10 20
10 58
10 64
10 66
10 68
10 87
3 83
83 6
83 11
83 70
83 78
4 96
96 15
96 19
96 30
96 35
96 46
96 67
96 88
96 94
5 16
16 45
16 62
16 84
11 23
11 28
11 32
11 43
11 56
11 69
11 71
11 95
11 98
35 21
35 24
35 26
35 29
35 36
35 77
35 89
80 34
80 99
90 31
90 81
90 85
12 79
79 18
79 25
79 48
79 50
79 53
79 91
13 34
34 72
34 75
45 17
45 25
45 40
45 47
45 54
45 55
45 59
45 63
45 82
22 29
29 33
29 74
29 92
25 39
25 52
25 65
31 37
31 41
31 44
31 49
31 51
31 61
31 86
31 97
100 99 
0 24
24 9
24 17
24 21
24 68
24 39
24 44
24 51
24 82
24 95
1 7
7 79
7 91
7 76
2 91
91 27
91 42
91 46
91 50
91 54
91 66
91 67
91 68
91 84
3 99
99 14
99 27
4 64
64 11
64 31
64 56
64 68
5 27
27 35
6 72
72 23
72 28
72 38
72 40
72 47
72 53
72 55
72 74
72 83
72 96
79 8
79 36
79 52
79 89
8 12
8 15
8 29
8 58
8 85
8 87
8 88
8 93
10 30
10 13
10 19
10 45
10 48
10 61
10 70
30 18
30 20
30 67
30 32
30 34
30 59
30 63
30 65
30 78
30 94
16 31
31 41
31 43
31 49
31 71
31 80
31 86
31 97
20 25
20 57
20 92
22 68
68 33
68 37
68 47
68 90
68 98
26 67
67 60
67 62
67 69
67 73
47 75
47 77
47 81
99 98 
0 2
0 1
2 6
2 5
6 13
6 14
13 9
13 12
13 83
13 25
13 27
13 28
13 32
13 57
13 73
13 74
13 92
13 97
3 8
8 35
8 39
8 83
8 11
8 15
8 17
8 18
8 38
8 58
8 68
8 69
8 78
8 81
35 31
35 45
35 62
35 71
35 72
35 91
35 93
35 94
39 26
39 48
39 42
39 79
39 80
39 85
39 96
83 30
83 41
83 64
83 82
83 90
4 9
9 16
9 19
9 20
9 21
9 34
9 36
9 40
9 50
9 84
9 86
9 88
9 89
7 47
47 48
47 95
48 29
48 24
48 51
48 77
48 98
41 22
41 33
41 43
41 52
41 56
41 67
90 70
90 46
90 63
90 66
10 29
29 23
29 44
29 49
29 59
29 60
29 61
29 75
29 76
29 87
37 70
70 53
70 54
70 55
70 65
99 98 
0 2
2 6
2 5
1 4
4 10
4 9
6 13
6 14
3 8
8 10
8 14
8 17
8 18
8 26
8 34
8 47
8 54
8 72
8 76
8 84
8 85
8 91
8 96
8 98
10 21
10 22
10 24
10 33
10 40
10 52
10 55
10 58
10 62
10 70
10 78
10 82
10 93
13 7
13 15
13 23
13 27
13 28
13 45
13 50
13 64
14 39
14 43
14 86
14 20
14 29
14 30
14 49
14 60
14 63
17 67
17 25
17 31
17 35
17 36
17 65
17 73
17 92
17 94
18 37
18 69
18 32
18 38
18 77
18 81
18 89
11 86
86 16
86 42
86 53
86 97
12 37
37 41
37 51
37 66
37 75
37 83
39 19
39 71
39 79
39 80
39 90
43 46
43 48
43 59
43 68
43 87
43 88
43 95
67 57
67 61
67 74
69 44
69 56
99 98 
0 2
0 1
2 6
2 5
6 13
6 14
13 72
13 16
13 20
13 27
13 49
13 75
13 88
3 8
8 65
8 17
8 18
8 29
8 32
8 40
65 33
65 37
65 41
65 47
65 66
65 76
65 98
4 10
10 22
10 33
10 72
10 90
10 21
10 23
10 25
10 28
10 57
10 62
10 82
10 87
10 92
10 95
10 97
22 46
22 24
22 45
22 54
22 71
22 80
22 96
33 9
33 26
33 30
33 39
33 59
33 67
33 68
33 79
33 81
33 91
72 15
72 35
72 52
72 84
90 51
90 55
90 60
90 64
90 85
7 46
46 31
46 43
46 93
46 94
47 12
47 34
47 44
47 53
47 58
47 63
30 42
30 61
30 73
24 11
24 19
24 36
24 50
24 69
24 70
24 77
24 78
24 83
24 89
53 38
53 48
53 56
53 74
53 86
99 98 
0 2
0 1
2 6
2 5
6 13
6 14
13 72
13 16
13 20
13 27
13 49
13 75
13 88
3 8
8 65
8 17
8 18
8 29
8 32
8 40
65 33
65 37
65 41
65 47
65 66
65 76
65 98
4 10
10 22
10 33
10 72
10 90
10 21
10 23
10 25
10 28
10 57
10 62
10 82
10 87
10 92
10 95
10 97
22 46
22 24
22 45
22 54
22 71
22 80
22 96
33 9
33 26
33 30
33 39
33 59
33 67
33 68
33 79
33 81
33 91
72 15
72 35
72 52
72 84
90 51
90 55
90 60
90 64
90 85
7 46
46 31
46 43
46 93
46 94
47 12
47 34
47 44
47 53
47 58
47 63
30 42
30 61
30 73
24 11
24 19
24 36
24 50
24 69
24 70
24 77
24 78
24 83
24 89
53 38
53 48
53 56
53 74
53 86
99 98 
0 2
0 1
2 5
2 6
5 11
5 12
11 27
11 72
11 23
11 24
11 32
11 37
11 38
11 48
11 61
11 62
11 96
3 8
8 33
8 17
8 18
8 59
8 94
8 97
33 65
33 71
33 67
33 68
4 9
9 27
9 16
9 19
9 20
9 36
9 73
9 76
9 91
27 7
27 13
27 44
27 55
27 56
27 57
27 69
27 79
27 86
27 89
72 34
72 53
72 64
72 80
72 83
72 85
72 87
13 28
13 63
13 75
13 77
13 78
13 95
44 21
44 31
44 84
44 90
65 52
65 42
65 47
65 49
65 93
65 98
71 14
71 30
71 35
71 40
71 54
71 81
10 21
21 26
21 41
21 43
21 46
21 92
80 39
80 50
80 60
80 70
80 82
80 88
28 15
28 22
28 52
28 29
28 45
28 58
28 66
28 74
52 25
52 51
100 99 
0 75
75 27
75 63
75 82
75 77
1 36
1 4
1 6
1 22
1 28
1 39
1 42
36 5
36 32
36 35
36 40
36 43
36 52
36 81
2 54
54 8
54 13
54 40
54 59
54 61
54 89
3 56
56 5
56 45
56 53
56 64
56 65
5 7
5 9
5 37
5 47
5 73
5 80
5 93
7 68
7 96
7 26
7 46
7 55
68 50
68 60
68 67
68 83
68 98
96 18
96 25
96 38
96 86
96 87
10 24
24 15
24 19
24 20
24 29
24 44
24 71
24 74
24 79
24 90
24 92
11 45
45 12
45 33
45 51
45 69
45 78
45 97
14 20
20 30
20 21
20 23
20 34
20 41
20 48
20 57
20 70
16 30
30 87
30 72
17 40
40 84
40 49
40 76
40 91
87 62
87 66
87 82
87 95
31 84
84 88
84 94
84 99
58 82
82 85
100 99 
0 37
37 9
37 11
37 33
37 64
37 59
37 50
37 78
37 84
1 59
59 7
59 48
59 55
59 93
59 66
59 87
59 88
2 12
12 5
12 6
12 90
12 40
12 61
12 68
12 72
3 15
3 83
3 71
3 79
15 10
15 24
15 53
15 82
15 96
15 98
83 70
83 73
83 75
83 85
4 31
31 13
31 19
31 22
31 90
31 81
31 62
31 74
5 64
5 69
64 63
64 76
7 23
7 21
7 35
7 56
7 65
23 16
23 39
23 43
23 52
23 89
8 25
25 14
25 77
25 54
10 93
10 30
10 46
10 58
10 67
93 20
93 51
93 77
93 92
93 94
90 17
90 26
90 91
90 97
18 92
92 29
92 36
92 42
92 60
92 80
92 95
77 34
77 38
77 45
77 47
77 49
77 57
27 81
81 86
81 99
28 51
51 32
51 41
51 44
100 99 
0 41
41 2
41 3
41 14
41 15
41 25
41 81
41 97
1 99
99 10
99 12
99 15
99 48
99 54
99 57
99 64
99 74
4 66
66 7
66 11
66 13
66 30
66 52
66 53
66 61
66 70
66 71
66 88
5 15
15 70
15 75
15 76
15 92
6 17
17 70
17 46
17 78
17 79
8 35
35 9
35 19
35 23
35 28
35 68
35 73
9 70
9 91
9 16
9 51
9 80
70 18
70 29
70 36
70 43
70 49
70 55
70 90
91 21
91 59
91 63
14 37
14 98
14 82
14 26
14 32
14 39
14 62
14 87
37 20
37 69
37 83
37 84
37 86
98 24
98 33
98 38
98 40
98 85
98 89
98 94
82 31
82 42
82 44
82 45
82 47
82 50
82 65
82 72
82 77
82 96
21 34
21 58
21 60
21 93
21 95
22 53
53 27
53 56
53 67
100 99 
0 13
13 10
13 28
13 29
13 33
13 60
13 75
13 82
1 45
45 9
45 12
45 54
2 8
2 51
2 36
2 4
2 43
2 65
2 70
8 14
8 49
8 78
8 98
51 11
51 26
51 28
51 50
51 91
36 6
36 48
36 38
36 41
36 64
36 73
36 80
4 18
4 23
4 58
4 83
3 62
62 5
62 10
62 34
62 53
62 56
62 86
7 28
28 76
28 74
28 94
10 54
10 39
10 59
10 63
10 72
10 97
54 27
54 35
54 68
54 77
15 52
52 21
52 24
52 30
52 32
52 42
52 81
16 89
89 32
89 37
89 61
89 67
89 84
17 48
48 19
48 25
48 32
48 69
48 99
20 86
86 40
86 55
86 85
86 95
22 32
32 47
32 71
32 88
32 92
26 31
26 90
26 93
76 46
76 66
76 79
76 87
42 44
42 57
42 96
100 99 
0 78
78 13
78 40
78 56
78 59
78 65
78 70
78 87
78 98
1 47
47 3
47 45
47 81
47 96
2 48
48 4
48 12
48 91
48 54
48 75
48 89
48 92
48 99
3 13
3 5
3 14
3 25
3 28
3 50
3 51
3 72
3 86
13 7
13 44
13 18
5 37
5 39
5 55
5 68
6 66
66 17
66 22
66 44
66 49
66 73
66 74
66 79
8 15
15 31
15 21
15 42
9 29
29 91
29 31
29 43
29 58
29 61
29 67
29 82
29 84
29 97
10 56
56 20
56 26
56 27
56 31
56 34
56 35
56 83
11 91
91 32
91 41
91 46
91 60
91 85
44 24
44 33
44 38
44 53
44 62
44 88
31 19
31 23
31 30
31 52
31 80
31 95
16 24
24 36
24 77
24 94
35 57
35 63
35 71
35 90
35 93
46 64
46 69
46 76
100 99 
0 99
99 6
99 22
99 40
99 51
99 65
99 90
1 4
1 84
1 38
1 57
1 3
1 32
1 81
1 86
4 89
4 27
4 33
4 61
4 97
84 7
84 77
84 92
84 95
84 96
38 54
38 98
57 10
57 19
57 24
57 25
57 45
57 93
57 58
2 40
40 11
40 13
40 17
40 80
89 62
89 66
89 76
89 85
89 87
5 11
5 83
5 91
5 94
11 12
11 75
11 82
8 35
35 24
35 30
35 37
35 36
9 51
51 45
51 55
51 70
14 49
49 23
49 24
49 48
49 67
49 74
49 78
15 39
39 45
39 44
16 25
25 79
25 41
25 42
25 63
25 69
18 79
79 56
20 45
45 47
45 60
45 68
45 71
21 48
48 46
24 26
24 64
28 58
58 43
58 59
58 73
29 93
93 50
93 52
93 53
31 37
37 34
37 72
37 88
100 99 
0 59
59 15
59 56
59 97
59 92
59 61
1 29
29 4
29 17
29 26
29 60
29 65
29 70
2 17
17 72
17 30
17 69
17 85
3 49
49 48
49 84
49 68
49 77
5 61
61 27
61 32
6 74
74 16
74 28
74 33
74 81
74 84
74 75
74 82
7 87
87 19
87 25
87 51
87 98
87 93
8 57
57 14
57 18
57 21
57 47
57 98
57 67
9 64
64 62
64 98
64 66
64 91
10 97
97 24
97 35
97 53
97 80
97 96
11 19
19 72
19 44
19 83
19 90
12 72
72 36
72 38
72 81
72 92
13 81
81 46
81 78
81 99
20 84
84 41
84 89
22 98
98 73
98 86
98 95
23 92
92 34
92 37
92 40
92 79
31 34
34 58
34 39
34 54
34 63
58 52
42 89
89 43
89 45
89 55
89 76
89 88
50 79
79 71
79 94
100 99 
0 91
91 3
91 11
91 24
91 64
91 88
1 94
94 5
94 37
94 39
94 54
94 72
94 82
94 86
94 89
94 90
2 90
90 45
90 53
90 56
90 64
90 87
4 87
87 12
87 19
87 68
5 66
5 55
5 26
5 38
5 58
5 93
66 9
66 14
66 47
55 15
55 21
55 22
55 36
55 41
55 52
55 74
6 81
81 7
81 10
81 23
81 27
81 36
81 67
8 56
56 20
56 33
56 44
56 75
56 95
13 53
53 59
53 61
53 77
15 30
15 32
15 60
15 84
15 92
15 99
16 65
65 17
65 25
65 48
65 72
65 97
18 28
28 36
28 29
36 83
36 43
36 71
36 73
36 80
36 98
31 96
96 40
96 64
96 69
34 64
64 50
64 63
64 70
64 79
35 83
83 46
83 49
83 57
83 78
83 85
42 72
72 51
72 62
72 76
60 59 
0 57
57 1
57 2
57 3
57 4
57 5
57 6
57 7
57 8
57 9
57 10
57 11
57 12
57 13
57 14
57 15
57 16
57 17
57 18
57 19
57 20
57 21
57 22
57 23
57 24
57 25
57 26
57 27
57 28
57 29
57 30
57 31
57 32
57 33
57 34
57 35
57 36
57 37
57 38
57 39
57 40
57 41
57 42
57 43
57 44
57 45
57 46
57 47
57 48
57 49
57 50
57 51
57 52
57 53
57 54
57 55
57 56
57 58
57 59
100 99 
0 90
90 13
90 17
90 18
90 29
90 35
90 36
1 50
50 2
50 3
50 4
50 7
50 10
50 15
50 24
50 26
50 39
2 44
2 40
2 41
2 42
2 48
2 51
2 56
2 59
2 60
2 62
2 63
2 70
2 71
2 74
2 75
2 77
2 81
2 82
2 83
2 84
2 86
2 91
2 93
2 94
2 96
44 5
44 12
44 20
44 21
44 22
44 23
44 25
44 27
44 28
44 30
44 31
44 32
44 33
44 34
44 37
44 38
6 95
95 8
95 9
95 11
95 13
95 14
95 16
95 19
95 22
13 47
13 49
13 54
13 64
13 65
13 72
13 85
13 97
13 98
14 45
14 57
14 68
14 78
14 79
14 80
14 89
14 92
22 43
22 52
22 61
22 76
22 87
22 88
22 99
31 46
31 53
31 58
31 69
39 55
39 66
39 67
39 73
100 99 
0 11
11 1
11 2
11 72
11 22
11 35
11 36
11 52
11 80
11 94
11 98
3 82
82 14
82 15
82 42
82 76
82 97
4 12
12 25
12 46
12 13
12 28
12 43
12 54
12 59
12 61
12 74
12 89
5 39
39 9
39 18
39 72
39 44
39 55
39 57
39 64
39 78
39 83
39 85
39 95
6 25
25 26
25 58
25 68
25 77
25 93
7 27
27 10
27 16
27 17
27 91
27 56
27 63
27 70
27 81
27 96
8 49
49 20
49 26
49 29
49 41
49 53
49 65
49 75
49 79
72 21
72 46
72 67
72 84
46 19
46 32
46 47
46 51
46 73
14 60
14 23
14 24
14 33
14 38
14 45
14 50
14 87
14 99
60 26
60 34
60 91
60 90
26 40
26 37
26 69
26 71
26 86
26 92
40 30
40 48
40 62
40 66
40 88
91 31
100 99 
0 33
33 14
33 81
33 95
33 46
33 58
33 94
1 52
1 55
1 41
1 44
52 29
52 45
52 65
52 59
52 98
55 47
55 61
2 45
2 8
2 31
2 66
2 80
45 6
45 36
45 49
45 71
3 42
42 10
42 65
42 57
4 9
9 15
9 69
5 32
32 15
32 60
32 78
7 95
95 13
95 26
15 17
15 28
15 82
15 90
11 84
84 48
84 60
12 74
74 16
74 22
74 87
13 20
13 23
13 75
13 92
14 39
14 53
14 72
14 86
18 38
38 81
38 68
38 73
19 71
71 34
71 77
71 97
21 81
21 37
21 96
81 25
81 35
22 25
22 50
22 83
25 65
25 85
25 93
25 62
24 60
60 43
60 56
60 89
60 93
60 99
65 79
85 51
85 54
85 63
93 76
93 91
27 70
27 40
70 49
30 91
49 67
49 88
89 64
100 99 
0 91
0 90
91 69
91 79
69 81
69 30
69 43
69 83
79 88
79 53
1 31
31 16
31 88
16 51
2 6
2 49
2 20
2 60
6 57
6 7
6 89
49 39
49 61
49 74
49 68
49 95
57 29
57 40
57 85
39 73
61 47
61 55
3 21
3 34
3 92
3 25
3 35
21 23
21 85
21 86
34 52
34 75
92 15
92 18
92 94
23 8
23 13
85 44
85 66
85 76
52 4
52 17
15 12
15 98
4 24
4 33
4 50
4 56
4 81
24 36
24 87
33 38
50 80
50 99
56 27
56 32
56 84
81 9
81 42
38 14
17 5
17 46
27 26
27 58
27 62
27 64
42 82
42 71
46 41
46 59
10 78
78 76
76 67
11 67
67 45
45 48
45 37
51 19
66 65
66 77
66 97
22 73
58 96
28 48
28 93
48 72
72 54
72 63
82 70
100 99 
0 87
87 36
87 68
87 92
1 51
51 39
51 50
51 78
51 83
2 57
57 18
57 56
57 92
57 73
57 93
3 42
42 11
42 23
42 32
42 79
4 10
10 6
10 60
10 92
10 25
10 59
10 63
10 65
10 71
5 36
36 29
36 98
36 99
36 47
7 92
92 38
92 77
92 78
8 97
97 23
97 49
97 82
97 95
9 38
38 64
38 66
38 91
60 12
60 22
60 33
60 35
60 81
12 26
12 31
12 52
12 80
12 86
13 28
28 62
28 96
28 48
14 81
81 72
81 82
81 88
15 98
98 84
16 62
62 23
62 45
62 74
17 77
77 70
19 23
23 55
23 94
20 99
20 34
20 37
20 44
20 46
99 21
99 58
99 61
24 61
61 53
61 67
61 89
27 96
96 54
96 85
30 72
72 41
72 76
40 95
95 75
43 78
69 82
82 90
100 99 
0 65
65 46
65 76
76 35
76 54
76 80
1 62
62 3
62 5
62 13
62 36
62 37
62 39
62 57
62 96
36 7
36 95
37 23
37 33
37 68
96 40
96 77
96 16
96 20
96 66
2 23
23 8
23 27
23 52
23 30
23 86
23 91
27 45
27 18
27 98
52 48
52 59
52 73
4 15
15 88
15 19
15 58
88 6
88 29
88 48
6 11
6 25
6 49
6 89
6 99
48 60
48 83
9 45
45 24
45 80
45 79
24 28
24 32
24 69
24 82
24 93
80 75
10 55
55 26
55 43
55 97
55 81
43 40
43 63
43 71
43 78
43 92
97 17
97 22
97 67
12 40
40 34
40 94
14 77
14 50
14 51
14 64
14 72
77 42
77 56
67 38
67 41
67 74
67 87
67 90
21 47
47 31
47 35
47 61
47 84
47 85
35 44
35 53
61 70
100 99 
0 73
73 18
73 30
73 31
73 93
1 42
42 29
42 39
42 87
42 90
42 47
42 70
2 81
81 7
81 44
81 45
81 77
3 90
90 36
90 37
4 91
91 15
91 18
91 84
91 86
91 88
91 95
5 8
8 92
8 51
8 53
8 68
6 27
27 43
27 40
27 52
7 49
7 50
49 20
49 48
49 99
92 11
92 28
9 80
80 33
80 77
10 23
23 34
23 87
23 57
23 69
11 18
11 25
11 62
18 24
18 87
18 56
12 33
33 17
33 65
33 75
13 15
15 38
15 46
15 98
14 41
41 35
41 63
41 72
41 64
16 79
79 72
79 76
79 96
24 55
24 66
24 85
87 59
87 72
19 63
63 22
63 54
63 77
63 89
21 72
34 71
34 78
34 82
26 43
26 67
26 74
26 94
43 58
43 60
43 97
32 58
58 61
58 77
61 83
100 99 
0 95
95 3
95 26
95 94
1 53
53 4
53 39
53 47
53 68
2 72
2 36
2 43
2 70
2 98
72 10
72 49
72 91
3 57
3 20
3 58
3 74
3 93
57 21
57 32
5 27
5 22
5 23
5 59
5 90
27 11
27 25
27 40
27 63
6 76
76 25
76 33
76 91
76 96
7 28
28 94
28 29
28 52
28 56
8 25
25 30
25 35
25 99
9 47
47 91
11 94
11 16
94 15
94 42
94 67
12 33
12 17
12 18
12 65
12 79
12 97
33 41
33 61
33 75
33 82
33 85
33 86
13 30
30 38
14 26
26 19
26 50
26 78
15 44
15 80
15 60
15 69
44 34
44 77
44 83
80 84
80 87
24 62
62 67
31 34
34 45
34 51
34 55
34 92
37 91
91 71
77 54
77 89
46 68
68 66
48 66
66 64
67 73
67 81
96 88
100 99 
0 11
0 60
0 29
0 91
11 32
11 47
11 21
11 97
60 31
1 32
32 16
32 53
2 27
27 8
27 46
27 67
27 88
3 95
95 15
95 54
4 54
54 47
54 76
5 79
79 22
79 47
6 57
57 30
57 68
57 89
7 24
24 12
24 56
24 93
8 84
8 90
8 23
8 64
8 65
8 73
84 33
84 41
84 52
90 63
90 75
9 47
47 38
47 63
47 82
10 25
10 35
10 59
10 99
25 66
35 18
35 78
35 61
35 70
12 63
12 96
63 30
13 51
51 16
51 19
51 34
51 50
51 78
51 83
51 85
14 16
16 74
15 36
15 45
15 49
15 72
17 30
30 26
20 86
86 28
86 43
86 55
78 48
37 83
83 71
39 85
85 43
85 94
85 87
85 92
40 94
94 69
42 43
43 98
44 80
80 55
80 58
80 77
55 62
55 81
100 99 
0 9
9 4
9 20
9 10
9 11
9 27
9 73
20 71
20 97
20 45
20 66
1 35
35 68
35 75
35 91
35 47
68 62
68 83
75 94
75 56
91 79
91 33
91 72
91 82
2 46
46 26
46 71
46 77
71 18
71 25
71 42
71 80
71 98
3 24
24 65
24 76
65 40
65 13
65 22
65 29
65 93
65 88
76 36
76 55
76 61
76 96
5 7
7 23
7 40
7 37
7 44
23 16
23 25
23 31
23 41
23 48
23 79
23 67
23 78
23 90
23 99
40 6
40 21
40 64
16 60
25 51
25 57
25 59
31 8
31 39
31 52
31 54
41 14
41 53
41 58
48 34
79 95
97 81
97 87
12 94
94 70
94 85
94 86
93 63
93 92
53 15
53 30
60 50
60 69
60 89
17 81
81 19
81 28
81 49
49 32
49 74
87 43
87 84
62 38
100 99 
0 45
45 11
45 51
45 58
45 59
45 66
51 5
51 28
58 2
58 4
58 47
58 53
58 62
58 63
58 83
58 99
59 87
59 71
59 90
1 42
1 87
1 94
1 18
42 14
42 38
42 95
42 77
87 9
87 74
94 22
95 44
95 57
95 89
9 8
9 37
9 16
9 24
9 33
9 88
2 3
2 13
2 25
2 80
4 19
4 26
4 52
4 72
62 40
62 64
62 81
62 82
63 12
63 29
63 67
6 48
48 29
48 50
48 69
29 15
29 27
29 65
29 70
29 84
7 86
86 30
86 61
86 67
86 97
67 17
67 56
37 96
37 68
37 79
96 46
96 93
96 60
10 36
36 93
93 49
27 20
27 39
27 31
27 91
20 21
20 75
20 85
39 32
39 35
39 76
39 43
39 78
39 98
23 71
71 54
71 73
71 92
76 41
34 46
46 55
100 99 
0 18
18 45
18 29
18 95
45 22
45 71
45 12
45 20
45 23
45 82
45 53
45 78
1 13
13 71
13 19
13 47
13 64
71 6
71 27
71 68
2 46
46 32
46 33
46 35
46 37
46 41
46 43
35 10
35 24
35 36
43 60
43 30
43 90
43 94
43 76
3 98
98 94
98 96
94 31
4 22
22 5
22 67
22 93
22 26
22 86
67 65
67 74
93 21
93 84
93 89
7 42
42 8
42 50
42 85
42 54
42 66
50 38
50 82
50 79
50 83
85 34
85 63
9 60
60 11
60 17
60 25
60 87
60 81
87 69
87 70
87 88
20 16
20 52
82 39
82 59
14 28
28 55
28 90
28 77
55 57
55 61
55 91
90 39
90 99
15 30
30 48
30 62
65 44
65 58
39 56
39 73
39 80
59 75
59 49
59 92
40 75
75 72
75 97
51 69
100 99 
0 27
0 46
0 17
0 91
27 5
27 28
27 92
46 6
46 32
46 34
46 84
84 19
84 3
84 31
84 33
84 70
84 93
1 8
1 19
1 39
1 60
1 64
1 45
8 50
8 98
8 48
8 99
19 16
19 47
19 74
19 82
19 96
39 40
39 51
39 56
39 72
39 75
60 43
60 80
60 89
64 41
64 61
64 77
64 88
50 58
50 65
98 76
40 69
40 37
40 49
40 57
43 59
43 38
43 42
43 67
43 95
43 97
41 4
41 22
41 29
41 71
61 12
61 52
61 54
2 73
73 25
73 59
59 7
59 62
31 15
31 94
93 68
93 36
93 81
4 23
4 30
7 55
7 9
7 20
7 26
7 53
7 66
7 78
7 86
55 10
55 21
55 24
55 90
62 13
62 44
62 85
11 69
14 38
38 83
38 87
18 68
68 35
68 63
68 79
100 99 
0 64
64 46
64 56
64 58
64 80
46 57
58 60
58 32
58 63
58 78
58 69
1 38
38 13
38 36
36 98
36 25
36 71
36 95
36 54
2 98
98 6
98 8
8 18
8 35
8 39
3 24
24 7
24 14
24 60
24 26
24 79
60 20
60 66
60 19
60 34
4 44
44 40
44 67
44 78
40 47
40 73
40 77
40 86
67 29
67 65
67 88
67 99
78 74
78 43
78 68
78 84
5 9
9 48
9 16
9 51
9 89
48 28
48 66
66 17
66 33
66 45
66 91
66 93
10 20
20 31
20 52
20 55
11 90
90 12
90 42
90 76
76 21
76 29
76 59
15 74
74 62
29 23
29 50
29 53
29 95
29 37
29 96
22 70
70 27
70 63
27 41
27 72
27 87
63 85
63 94
50 61
50 82
50 83
53 30
53 92
95 49
95 75
71 81
71 97
100 99
0 27
0 46
0 17
0 91
27 5
27 28
27 92
46 6
46 32
46 34
46 84
1 8
1 19
1 39
1 60
1 64
1 45
8 50
8 98
8 48
8 99
19 16
19 84
19 47
19 74
19 82
19 96
39 40
39 51
39 56
39 72
39 75
60 43
60 80
60 89
64 41
64 61
64 77
64 88
2 73
73 25
73 59
3 84
84 31
84 33
84 70
84 93
4 41
4 23
4 30
41 22
41 29
41 71
7 55
7 59
7 9
7 20
7 26
7 53
7 66
7 78
7 86
55 10
55 21
55 24
55 90
59 43
59 62
50 58
50 65
98 76
11 69
69 40
12 61
61 52
61 54
13 62
62 44
62 85
14 38
38 43
38 83
38 87
15 31
31 94
18 68
68 35
68 63
68 93
68 79
36 93
93 81
37 40
40 49
40 57
43 42
43 67
43 95
43 97
100 99
0 64
64 46
64 56
64 58
64 80
1 38
38 13
38 36
2 98
98 6
98 8
98 36
3 24
24 7
24 14
24 60
24 26
24 79
4 44
44 40
44 67
44 78
5 9
9 48
9 16
9 51
9 89
8 18
8 35
8 39
48 28
48 66
10 20
20 60
20 31
20 52
20 55
11 90
90 12
90 42
90 76
15 74
74 62
74 78
17 66
66 33
66 45
66 60
66 91
66 93
19 60
60 34
60 58
21 76
76 29
76 59
22 70
70 27
70 63
23 29
29 50
29 53
29 67
29 95
29 37
29 96
25 36
36 71
36 95
36 54
27 41
27 72
27 87
50 61
50 82
50 83
53 30
53 92
67 65
67 88
67 99
95 49
95 75
32 58
58 63
58 78
58 69
71 81
71 97
40 47
40 73
40 77
40 86
43 78
78 68
78 84
46 57
63 85
63 94